2404622.72,0.0001
2360771.95,0.0001
2328665.43,0.0001
2313881.46,0.0001
2310484.81,0.0002
2235450.72,0.0003
2185073.74,0.0003
2178357.02,0.0003
2174351.29,0.0006
2125665.74,0.0006
2110821.83,0.0007
2102541.81,0.0007
2066650.23,0.0008
2003544.11,0.0009
1982904.42,0.0009
1942851.64,0.0010
1933054.64,0.0011
1906806.55,0.0011
1893464.96,0.0012
1891618.66,0.0013
1851958.06,0.0014
1845063.44,0.0014
1839374.79,0.0015
1819127.14,0.0016
1816377.32,0.0018
1783914.48,0.0018
1771960.50,0.0020
1755510.88,0.0022
1742703.85,0.0022
1740187.99,0.0024
1719971.39,0.0024
1718290.97,0.0024
1709299.81,0.0028
1630430.87,0.0031
1620305.19,0.0031
1613293.31,0.0032
1581376.31,0.0032
1560857.36,0.0033
1539816.70,0.0033
1525799.92,0.0036
1496714.28,0.0046
1493928.26,0.0054
1469099.33,0.0062
1458608.94,0.0073
1450646.53,0.0082
1448609.33,0.0082
1437933.18,0.0090
1416054.19,0.0104
1414356.58,0.0115
1411957.94,0.0133
1407133.87,0.0144
1405924.07,0.0155
1364563.27,0.0177
1352055.09,0.0205
1292862.42,0.0235
1276638.04,0.0265
1260194.74,0.0305
1259969.45,0.0349
1252352.88,0.0394
1215259.71,0.0440
1175657.51,0.0491
1125632.84,0.0544
1124174.19,0.0602
1105253.99,0.0657
1082539.99,0.0711
1080340.53,0.0765
1054051.70,0.0823
1026671.65,0.0883
1010217.00,0.0943
994799.74,0.1007
990044.29,0.1071
974481.50,0.1136
970235.73,0.1201
967753.51,0.1266
960474.26,0.1328
956029.23,0.1386
956000.28,0.1451
955572.25,0.1515
951953.37,0.1581
951242.63,0.1647
949331.90,0.1712
949186.48,0.1778
949139.10,0.1847
943515.01,0.1918
942093.40,0.1990
938629.74,0.2143
918197.06,0.2219
907489.10,0.2975
904209.16,0.3764
903324.58,0.4529
