226686.28,0.0001
219920.82,0.0001
219596.54,0.0001
218708.97,0.0002
217441.14,0.0003
217077.21,0.0003
216972.52,0.0004
216693.93,0.0004
216641.83,0.0004
215765.43,0.0005
215650.02,0.0005
212577.90,0.0006
211795.39,0.0006
206615.54,0.0007
204932.22,0.0008
202043.13,0.0009
201042.37,0.0012
189357.98,0.0012
184071.24,0.0012
180917.59,0.0013
175700.18,0.0013
175022.93,0.0016
175012.74,0.0016
173472.54,0.0019
165012.16,0.0019
162647.57,0.0019
158612.17,0.0020
156303.56,0.0020
155336.63,0.0022
154522.43,0.0023
153677.01,0.0024
153573.38,0.0025
152687.53,0.0028
152139.72,0.0029
151412.30,0.0033
150043.33,0.0033
149666.86,0.0034
148404.57,0.0035
146902.25,0.0036
145923.60,0.0040
145366.07,0.0040
145247.29,0.0046
140408.74,0.0047
140225.70,0.0052
139220.52,0.0055
138929.88,0.0061
138572.07,0.0072
137097.58,0.0096
135610.01,0.0118
134811.13,0.0140
132676.81,0.0163
132379.95,0.0186
127377.87,0.0208
125963.95,0.0231
125334.11,0.0253
124699.57,0.0278
123762.20,0.0299
122953.93,0.0321
120600.71,0.0347
119308.83,0.0373
118725.71,0.0395
114019.59,0.0427
112421.58,0.0457
112404.71,0.0489
112193.51,0.0523
110449.05,0.0556
110098.02,0.0596
109356.84,0.0637
108031.04,0.0680
107140.58,0.0729
106107.50,0.0779
105000.30,0.0827
104643.18,0.0873
104335.71,0.0920
102957.97,0.0970
102328.50,0.1020
101850.67,0.1069
100582.03,0.1119
100222.86,0.1170
99586.01,0.1214
98456.62,0.1260
96779.05,0.1306
96773.56,0.1355
96262.12,0.1404
95849.72,0.1454
93784.07,0.1505
93721.95,0.1557
92625.61,0.1611
90392.38,0.1663
90232.67,0.1716
87944.01,0.1771
87824.90,0.1816
87767.01,0.1877
87757.38,0.1924
87433.90,0.1982
86981.19,0.2038
86887.81,0.2111
84201.64,0.2186
83841.88,0.2261
83820.36,0.2332
83251.63,0.2405
81180.12,0.2477
80948.11,0.2552
80898.35,0.2623
80810.78,0.2694
80389.78,0.2765
78491.58,0.2839
77993.30,0.2910
77650.27,0.2980
76847.81,0.3053
75776.12,0.3124
75297.38,0.3195
74381.70,0.3267
74146.39,0.3339
73883.19,0.3413
73744.04,0.3495
73710.42,0.3570
73489.46,0.3644
72968.29,0.3725
72778.57,0.3798
72654.00,0.3870
71607.55,0.3956
71078.37,0.4046
70091.01,0.4141
67195.92,0.4238
67120.46,0.4311
66999.44,0.4392
66553.24,0.4466
66074.78,0.4538
65996.90,0.4627
65560.34,0.4715
61611.72,0.4816
60624.36,0.4910
58985.60,0.5023
58914.41,0.5140
58636.77,0.5260
58616.04,0.5379
58347.77,0.5501
58335.17,0.5628
57715.06,0.5759
57607.00,0.5886
56670.10,0.6021
55657.99,0.6161
55534.21,0.6300
55027.94,0.6442
54980.01,0.6577
54203.02,0.6721
54139.19,0.7004
53248.79,0.8577
53233.24,1.0767
