592582.25,0.0001
580012.59,0.0001
578471.19,0.0002
577587.81,0.0002
570099.70,0.0003
568793.23,0.0003
562594.86,0.0004
562374.40,0.0005
551463.34,0.0006
550541.88,0.0009
547475.61,0.0009
546104.51,0.0010
541533.67,0.0010
538266.15,0.0011
538158.77,0.0014
527613.76,0.0014
527349.34,0.0014
526719.66,0.0015
522916.77,0.0015
521480.38,0.0016
521360.27,0.0016
521115.98,0.0016
519523.64,0.0017
517713.11,0.0017
517187.23,0.0018
512371.64,0.0019
510832.93,0.0023
506524.51,0.0023
504312.42,0.0024
493012.93,0.0024
492174.68,0.0025
491704.15,0.0029
491593.91,0.0029
484312.70,0.0029
479917.96,0.0030
477108.96,0.0031
472061.07,0.0031
470634.71,0.0031
469796.49,0.0036
468006.91,0.0036
465468.02,0.0037
461357.88,0.0037
460295.79,0.0038
460118.14,0.0045
458645.27,0.0045
446705.11,0.0046
439523.63,0.0046
437488.88,0.0046
437219.22,0.0046
432760.26,0.0047
432104.31,0.0047
430115.57,0.0049
429943.62,0.0049
416699.73,0.0049
415452.75,0.0051
415151.20,0.0051
412917.20,0.0052
408768.50,0.0052
408389.84,0.0053
406545.08,0.0053
405583.61,0.0054
404538.69,0.0054
402713.99,0.0056
401746.89,0.0059
389759.99,0.0059
386371.42,0.0060
382871.93,0.0060
376571.61,0.0060
374261.24,0.0060
369211.86,0.0061
367702.47,0.0062
367393.32,0.0063
365633.13,0.0063
363312.93,0.0066
362048.47,0.0066
360873.05,0.0073
360465.77,0.0076
357927.90,0.0076
352586.03,0.0076
352491.78,0.0077
350901.96,0.0079
349818.97,0.0080
349651.57,0.0086
349241.35,0.0087
348741.85,0.0087
348080.22,0.0088
347347.94,0.0089
347124.28,0.0090
347021.85,0.0090
346754.42,0.0090
345300.07,0.0098
345258.54,0.0107
344952.44,0.0116
344923.74,0.0133
342070.07,0.0151
341242.64,0.0160
341060.02,0.0169
339956.79,0.0177
339936.13,0.0177
337537.51,0.0178
337006.46,0.0178
335846.84,0.0178
335760.83,0.0179
333237.69,0.0179
332695.24,0.0179
331978.55,0.0180
331752.88,0.0181
331306.77,0.0181
330461.03,0.0182
330457.47,0.0182
330305.81,0.0183
330293.54,0.0191
330191.11,0.0191
329109.70,0.0191
328642.79,0.0202
326655.65,0.0210
326097.05,0.0219
325974.32,0.0229
324482.93,0.0239
323071.65,0.0254
322722.86,0.0265
322659.55,0.0280
322530.08,0.0289
321974.28,0.0325
321202.99,0.0343
321135.33,0.0377
320493.75,0.0413
320298.24,0.0413
309374.35,0.0447
309359.03,0.0448
306606.69,0.0482
306167.76,0.0521
305388.18,0.0558
305380.59,0.0576
305348.18,0.0621
305105.10,0.0664
304678.97,0.0683
304510.41,0.0701
303629.19,0.0750
302742.84,0.0804
299887.47,0.0859
299749.84,0.0932
299665.18,0.1001
299006.34,0.1069
297386.92,0.1135
296945.68,0.1201
293619.23,0.1270
292579.22,0.1337
292325.69,0.1405
289604.19,0.1472
288843.85,0.1536
287641.38,0.1604
284357.60,0.1694
283981.90,0.1787
283940.86,0.1879
272342.13,0.1967
272136.81,0.2060
271042.18,0.2150
266742.74,0.2238
266730.58,0.2331
266497.29,0.2419
265922.24,0.2509
265895.40,0.2599
265607.51,0.2691
261784.25,0.2778
260606.24,0.2871
260525.90,0.2963
256985.58,0.3054
256625.72,0.3144
255051.54,0.3232
254042.34,0.3327
253881.41,0.3414
253559.21,0.3503
252988.64,0.3588
251752.14,0.3679
251716.40,0.3771
251371.35,0.3863
250595.52,0.3959
250395.31,0.4046
247794.15,0.4137
246957.84,0.4225
246859.97,0.4319
244499.96,0.4406
242909.03,0.4494
240867.21,0.4581
237522.03,0.4670
236833.94,0.4757
230325.00,0.4847
229411.00,0.4936
227854.23,0.5029
227289.47,0.5147
227111.78,0.5264
226839.38,0.5382
224225.24,0.5500
222783.93,0.5617
221949.29,0.5737
217259.77,0.5856
214773.86,0.5974
214413.53,0.6089
206489.96,0.6207
202802.71,0.6326
202781.86,0.6454
199190.95,0.6576
197280.73,0.6705
197081.75,0.6831
195152.26,0.6957
194955.94,0.7082
194230.93,0.7165
193252.83,0.7253
192479.51,0.7355
191762.39,0.7472
190191.63,0.7629
186531.44,0.7786
184736.65,0.7944
182661.37,0.8105
181150.27,0.8271
180894.50,0.8441
180012.02,0.8606
179406.44,0.8778
177987.88,0.8941
176851.22,0.9108
176515.08,0.9277
173965.36,0.9447
170539.86,0.9616
169311.98,0.9785
167990.27,0.9949
166559.09,1.0117
164991.93,1.0283
163843.17,1.0459
163747.35,1.0634
160424.86,1.0813
159370.08,1.0992
158515.26,1.1172
151892.92,1.1347
151662.31,1.1526
149785.01,1.1704
148923.75,1.1889
148832.16,1.2087
148785.98,1.2286
147324.12,1.2486
144954.71,1.2691
143427.98,1.2868
141009.18,1.3057
140892.22,1.3241
140800.63,1.3428
139767.77,1.3611
139590.05,1.3797
138848.18,1.3959
138441.08,1.4116
137256.34,1.4285
137163.68,1.4497
137108.91,1.4706
136436.32,1.4912
135670.73,1.5132
133542.44,1.5340
130399.31,1.5575
129639.22,1.5815
128544.20,1.6066
128242.70,1.6311
128012.68,1.6563
127886.00,1.6844
126804.11,1.7128
126148.63,1.7402
125174.97,1.7684
124614.47,1.7753
124332.38,1.7826
124296.26,1.7901
123562.33,1.8134
123324.87,1.8372
122732.90,1.8535
122402.94,1.8686
122072.53,1.8951
121767.10,1.9213
121575.34,1.9482
121080.81,1.9745
119777.52,2.0007
119758.77,2.0270
119481.36,2.0532
119139.93,2.0800
118755.43,2.1074
118720.94,2.1359
117876.00,2.1662
117524.41,2.1966
116306.14,2.2279
115901.60,2.2600
115861.42,2.2924
115601.91,2.3247
114996.46,2.3573
114591.76,2.3906
114181.87,2.4229
113573.28,2.4555
113485.30,2.4884
113337.00,2.5215
113323.02,2.5544
113085.78,2.5867
112602.60,2.6192
111355.25,2.6533
110424.91,2.6879
107904.76,2.7220
107617.38,2.7559
107394.53,2.7909
107219.58,2.8247
105659.72,2.8587
105603.80,3.1670
105454.70,3.1754
104737.91,3.1833
104583.83,3.5177
104116.57,3.7163
103669.46,3.7459
103610.24,3.7746
103560.05,3.9635
103222.06,4.1821
103185.93,4.2113
103159.50,4.4096
103151.91,4.4114
102609.81,4.4396
102388.81,4.9161
