7534157.32,0.0001
7514422.60,0.0001
7486596.97,0.0002
7472273.07,0.0002
7157315.57,0.0003
7151102.03,0.0003
7116947.37,0.0003
7029856.02,0.0004
7003904.34,0.0004
6855433.31,0.0005
6828407.58,0.0007
6627901.93,0.0007
6562736.21,0.0010
6511218.82,0.0014
6500515.37,0.0014
6476575.61,0.0014
6176695.87,0.0015
6067721.65,0.0019
6059442.81,0.0020
5980879.36,0.0024
5920284.47,0.0024
5800178.77,0.0025
5695634.15,0.0030
5673595.79,0.0037
5659128.60,0.0044
5637324.05,0.0044
5572329.58,0.0045
5539786.08,0.0045
5462012.03,0.0047
5447026.93,0.0047
5430132.64,0.0048
5395300.28,0.0049
5392684.71,0.0050
5391452.67,0.0051
5382589.39,0.0053
5310981.16,0.0053
5293646.70,0.0054
5284444.33,0.0055
5279642.94,0.0057
5276862.11,0.0060
5274259.26,0.0060
5266891.28,0.0061
5264627.07,0.0061
5237143.63,0.0061
5221611.23,0.0062
5213640.90,0.0062
5211069.56,0.0063
5205450.43,0.0066
5202044.00,0.0070
5198639.98,0.0070
5195179.33,0.0070
5177181.65,0.0070
5157009.00,0.0071
5154089.25,0.0071
5153988.40,0.0072
5114830.67,0.0073
5088028.99,0.0074
5072506.42,0.0074
4968575.54,0.0075
4966305.19,0.0079
4966088.97,0.0085
4951238.38,0.0085
4949116.84,0.0087
4877307.80,0.0087
4822872.01,0.0087
4819911.42,0.0088
4782378.85,0.0088
4753932.94,0.0089
4744217.61,0.0090
4736981.67,0.0092
4626277.01,0.0092
4590426.93,0.0093
4589929.51,0.0093
4489671.44,0.0093
4487508.02,0.0094
4461646.01,0.0097
4408541.63,0.0097
4356010.25,0.0098
4330468.00,0.0100
4320503.22,0.0105
4279626.58,0.0114
4267803.88,0.0123
4260481.87,0.0129
4212434.39,0.0136
4177520.34,0.0146
4160945.36,0.0162
4125903.98,0.0184
4081367.16,0.0205
4054886.41,0.0225
4030922.82,0.0260
3973253.26,0.0294
3962869.86,0.0330
3962101.46,0.0367
3880828.99,0.0402
3866405.13,0.0437
3862347.79,0.0451
3836824.59,0.0486
3797824.48,0.0526
3797662.07,0.0567
3778401.17,0.0608
3760570.38,0.0649
3759707.48,0.0706
3746603.09,0.0784
3742076.89,0.0862
3707609.45,0.0953
3658383.82,0.0953
3625898.59,0.0954
3560094.45,0.0955
3487343.95,0.0955
3459616.66,0.0956
3416961.11,0.0957
3413273.24,0.0958
3385872.69,0.0959
3350457.11,0.0960
3301804.56,0.0960
3254778.68,0.0962
3205033.16,0.0964
3180632.55,0.0965
3155171.63,0.0966
3123346.68,0.0969
3087240.47,0.0969
3078777.16,0.0970
3074825.73,0.0971
3058404.81,0.0974
3026561.88,0.0975
3012530.44,0.0975
3012061.70,0.0978
2980689.28,0.0978
2935928.68,0.0982
2915765.84,0.0982
2903153.48,0.0982
2902150.05,0.0982
2896612.94,0.0983
2878018.90,0.0983
2872619.16,0.0987
2776611.35,0.0987
2764659.88,0.0995
2726524.59,0.1001
2702846.75,0.1008
2701742.85,0.1008
2691037.31,0.1009
2663808.69,0.1010
2654970.51,0.1076
2654900.02,0.1139
2653935.63,0.1207
2651057.41,0.1269
2651030.18,0.1331
2643110.20,0.1422
2616915.50,0.1515
2608904.88,0.1574
2607858.24,0.1632
2604798.10,0.1692
2601641.88,0.1756
2597692.88,0.1834
2549482.11,0.1918
2549350.99,0.2000
2543513.56,0.2083
2532986.99,0.2167
2477399.82,0.2248
2457633.92,0.2337
2455730.04,0.2437
2447927.71,0.2534
2445647.15,0.2639
2441370.91,0.2739
2439503.17,0.2838
2420433.60,0.2972
2418790.81,0.3103
2407043.59,0.3245
2402991.06,0.3388
2393261.71,0.3538
2379396.33,0.3687
2379042.86,0.3837
2371078.05,0.3977
2355992.21,0.4134
2334451.93,0.4289
2309709.40,0.4442
2303233.85,0.4599
2291655.21,0.4761
2290405.31,0.4925
2267773.84,0.5088
2250670.94,0.5250
2247740.78,0.5411
2244414.93,0.5569
2243808.24,0.5730
2242099.49,0.5891
2238055.63,0.6059
2226467.94,0.6221
2205614.15,0.6381
2199724.09,0.6554
2194160.33,0.6709
2171190.81,0.6864
2160823.28,0.7024
2154148.81,0.7188
2153675.24,0.7345
2141945.38,0.7507
2136191.31,0.7668
2136138.99,0.7830
2131222.81,0.7989
2130735.05,0.8153
2124679.76,0.8321
2109377.96,0.8501
2024576.90,0.8696
2023042.02,0.8857
2020905.45,0.9020
2015065.78,0.9197
2011084.40,0.9361
2006532.32,0.9519
1998036.38,0.9690
1918119.93,0.9857
1902270.51,1.0047
1894923.10,1.0246
1894833.66,1.0449
1894090.69,1.0661
1889463.44,1.0866
1888626.73,1.1072
1882330.04,1.1277
1880551.48,1.1491
1830891.44,1.1701
1789250.83,1.1916
1769091.62,1.2132
1768811.06,1.2335
1766559.03,1.2541
1756696.07,1.2768
1755520.27,1.2984
1719976.37,1.3203
1692768.69,1.3421
1692377.55,1.3640
1653008.46,1.3866
1647708.90,1.8150
1643716.89,1.8307
1639060.32,1.8469
1635956.30,1.8633
1635647.81,2.3580
1635589.34,2.7983
1630349.82,2.8187
1629977.37,2.8388
