4567930.65,0.0000
4460486.51,0.0001
4246698.23,0.0001
4082545.69,0.0001
3907406.25,0.0001
3863095.13,0.0002
3786030.12,0.0002
3761987.90,0.0003
3743967.81,0.0003
3736677.31,0.0004
3685961.40,0.0004
3685830.93,0.0004
3678205.55,0.0005
3672197.02,0.0005
3668296.67,0.0006
3660972.32,0.0006
3638351.56,0.0008
3638022.75,0.0008
3508016.94,0.0008
3479979.39,0.0009
3464874.91,0.0009
3443361.36,0.0011
3405128.50,0.0012
3400050.80,0.0012
3399579.11,0.0012
3366986.10,0.0012
3347899.50,0.0013
3327633.45,0.0013
3324836.09,0.0014
3265184.85,0.0014
3252991.40,0.0015
3214099.93,0.0017
3199979.30,0.0018
3196198.89,0.0019
3186888.01,0.0021
3125383.82,0.0021
3051885.66,0.0024
3048620.84,0.0027
2952764.10,0.0033
2624494.85,0.0043
2607234.48,0.0054
2599716.96,0.0064
2556725.05,0.0076
2540757.61,0.0079
2515751.37,0.0090
2513728.46,0.0103
2509176.16,0.0117
2505938.50,0.0130
2503603.63,0.0143
2496940.37,0.0157
2495850.23,0.0171
2489203.92,0.0186
2488652.85,0.0188
2486499.43,0.0188
2479659.28,0.0197
2477632.81,0.0212
2387028.56,0.0215
2244712.04,0.0219
2210310.69,0.0223
2209741.61,0.0224
2208838.90,0.0229
2197634.66,0.0232
2192014.80,0.0236
2182391.16,0.0244
2178578.20,0.0244
2174573.13,0.0246
2168708.15,0.0248
2166004.20,0.0248
2164149.10,0.0250
2162899.49,0.0255
2161211.36,0.0258
2154505.67,0.0262
2124159.39,0.0266
2103584.12,0.0271
1953281.00,0.0291
1764619.36,0.0313
1737002.18,0.0334
1640007.09,0.0356
1455863.19,0.0378
1454918.38,0.0401
1453794.84,0.0425
1451494.80,0.0449
1443275.83,0.0485
1427293.02,0.0519
1418070.76,0.0554
1414805.94,0.0591
1400045.71,0.0628
