6988675.13,0.0003
6956594.18,0.0003
6926637.09,0.0003
6916039.65,0.0004
6891795.56,0.0004
6883518.61,0.0005
6877250.92,0.0006
6841817.59,0.0006
6826561.00,0.0007
6823239.07,0.0008
6821634.25,0.0010
6821422.66,0.0010
6811531.75,0.0011
6808454.36,0.0013
6802027.85,0.0013
6792378.11,0.0015
6791719.35,0.0015
6726212.22,0.0016
6724676.69,0.0016
6720642.78,0.0017
6719839.39,0.0017
6582610.06,0.0020
6534644.41,0.0020
6523790.76,0.0023
6523009.93,0.0024
6500679.58,0.0024
6499585.14,0.0025
6431177.60,0.0026
6428194.77,0.0027
6410855.31,0.0027
6402973.03,0.0028
6400149.83,0.0028
6396853.10,0.0029
6387513.46,0.0030
6387332.03,0.0033
6382637.61,0.0036
6377028.08,0.0036
6373801.08,0.0038
6372511.96,0.0039
6370071.69,0.0040
6365333.20,0.0040
6364263.00,0.0040
6357956.06,0.0042
6355785.11,0.0042
6347688.27,0.0042
6343716.69,0.0046
6338869.56,0.0050
6335561.79,0.0050
6325481.32,0.0051
6318301.94,0.0051
6317554.46,0.0052
6316549.52,0.0053
6314658.13,0.0054
6302900.32,0.0058
6294520.21,0.0058
6292309.44,0.0058
6283949.21,0.0063
6282046.28,0.0063
6281638.62,0.0064
6279060.50,0.0069
6278751.88,0.0069
6277688.79,0.0069
6270729.62,0.0074
6270513.86,0.0074
6261229.16,0.0079
6194878.31,0.0080
6178023.37,0.0080
6163500.46,0.0080
6123745.07,0.0081
6113936.62,0.0081
6113621.08,0.0084
6112804.55,0.0086
6106826.47,0.0086
6103571.27,0.0087
6095092.00,0.0092
6088887.71,0.0099
5994106.11,0.0099
5989613.69,0.0099
5982750.97,0.0100
5972620.63,0.0100
5958239.09,0.0100
5958000.16,0.0101
5954280.08,0.0102
5953453.66,0.0102
5950120.90,0.0109
5949574.12,0.0110
5945379.47,0.0110
5914336.61,0.0110
5911818.68,0.0112
5910007.58,0.0113
5787349.59,0.0114
5780421.49,0.0115
5712304.53,0.0115
5712069.44,0.0116
5711833.40,0.0116
5711789.85,0.0117
5708894.76,0.0117
5705572.60,0.0129
5704222.74,0.0129
5695961.20,0.0130
5688696.58,0.0130
5687549.55,0.0130
5670789.11,0.0131
5669424.88,0.0132
5668783.83,0.0132
5668407.96,0.0133
5664915.14,0.0133
5664796.66,0.0134
5663972.16,0.0134
5662825.13,0.0134
5662413.97,0.0135
5646035.29,0.0136
5632163.22,0.0137
5631760.91,0.0137
5630808.33,0.0137
5627025.93,0.0139
5604665.55,0.0139
5600475.91,0.0141
5595325.29,0.0142
5586782.92,0.0144
5582397.54,0.0147
5574020.65,0.0147
5561984.35,0.0147
5558208.62,0.0149
5552396.39,0.0149
5545410.20,0.0149
5544049.68,0.0149
5525003.33,0.0150
5520947.06,0.0150
5511329.42,0.0152
5496117.13,0.0154
5491372.76,0.0154
5490886.78,0.0156
5490043.75,0.0156
5489633.77,0.0158
5487569.56,0.0158
5486903.38,0.0160
5459400.80,0.0162
5456161.01,0.0169
5455472.84,0.0171
5413735.41,0.0171
5409301.32,0.0171
5408116.13,0.0172
5376467.54,0.0172
5372994.99,0.0173
5367689.27,0.0175
5367207.66,0.0176
5348923.17,0.0176
5348351.75,0.0179
5339314.49,0.0180
5338239.28,0.0181
5301151.59,0.0181
5297547.01,0.0184
5295130.66,0.0189
5246169.23,0.0189
5235169.73,0.0190
5235080.50,0.0190
5229922.18,0.0195
5210998.55,0.0195
5208320.20,0.0195
5206485.24,0.0196
5156614.01,0.0200
5155316.75,0.0200
5146399.05,0.0201
5139366.62,0.0203
5137277.55,0.0203
5136162.88,0.0204
5121304.57,0.0207
5115809.97,0.0218
5106942.66,0.0228
5100672.10,0.0239
5093760.49,0.0240
5092881.48,0.0240
5090354.63,0.0240
5054137.70,0.0241
5032546.12,0.0241
5023153.73,0.0241
5010170.90,0.0243
5000567.70,0.0244
4981516.21,0.0244
4972364.13,0.0245
4971875.24,0.0246
4939137.80,0.0246
4929743.94,0.0247
4924385.37,0.0249
4898802.70,0.0256
4898664.10,0.0262
4898612.89,0.0267
4897976.87,0.0274
4888131.66,0.0280
4888110.46,0.0281
4886842.83,0.0281
4886804.70,0.0282
4882200.28,0.0293
4876815.09,0.0293
4869869.78,0.0294
4866080.24,0.0295
4865546.42,0.0296
4861244.21,0.0296
4857668.87,0.0297
4857270.77,0.0302
4854790.85,0.0303
4809377.79,0.0303
4800329.27,0.0304
4799056.29,0.0304
4798517.14,0.0304
4762512.02,0.0305
4755893.52,0.0310
4750957.04,0.0310
4742837.14,0.0311
4741543.50,0.0311
4739578.03,0.0322
4735348.19,0.0333
4727343.60,0.0333
4726870.76,0.0334
4725403.80,0.0335
4721999.86,0.0335
4721723.07,0.0336
4721200.46,0.0336
4719504.03,0.0337
4714306.26,0.0348
4705395.13,0.0359
4694980.39,0.0359
4692246.84,0.0360
4683610.41,0.0372
4620249.70,0.0372
4615455.45,0.0372
4604678.10,0.0373
4564251.43,0.0373
4558686.00,0.0373
4537434.30,0.0381
4535227.83,0.0382
4535022.20,0.0382
4530208.33,0.0387
4529630.52,0.0387
4529066.86,0.0387
4528888.52,0.0388
4527773.62,0.0389
4527355.52,0.0389
4526956.89,0.0390
4525039.61,0.0392
4524448.30,0.0392
4524325.29,0.0394
4523557.91,0.0394
4522340.68,0.0395
4521693.92,0.0395
4520417.55,0.0395
4518576.95,0.0395
4513944.24,0.0397
4510855.29,0.0400
4510767.23,0.0402
4510027.42,0.0405
4509779.10,0.0407
4508084.01,0.0408
4507328.23,0.0409
4505164.62,0.0412
4502643.92,0.0414
4486067.73,0.0421
4484659.55,0.0427
4480755.19,0.0440
4458598.27,0.0440
4416749.81,0.0440
4413098.45,0.0441
4409795.08,0.0441
4400414.37,0.0443
4399792.68,0.0443
4398512.11,0.0444
4397383.76,0.0444
4397348.14,0.0445
4396492.50,0.0458
4393251.26,0.0471
4389858.73,0.0471
4388757.42,0.0484
4386765.63,0.0485
4381644.79,0.0485
4347426.27,0.0486
4346136.97,0.0498
4284218.37,0.0498
4248199.72,0.0499
4244029.64,0.0500
4238117.69,0.0500
4234999.53,0.0500
4233372.05,0.0501
4222146.20,0.0503
4218021.06,0.0503
4194101.78,0.0503
4194048.88,0.0505
4193042.85,0.0505
4191877.11,0.0505
4189525.37,0.0506
4185766.78,0.0506
4184747.79,0.0508
4178719.93,0.0520
4171557.79,0.0520
4169908.44,0.0521
4164883.76,0.0522
4160184.92,0.0524
4158766.62,0.0525
4158253.16,0.0526
4157598.86,0.0526
4157362.56,0.0530
4157345.54,0.0533
4155728.98,0.0535
4155601.60,0.0540
4155209.43,0.0548
4152224.56,0.0549
4147955.48,0.0551
4144452.60,0.0554
4143199.47,0.0561
4141181.95,0.0569
4130260.80,0.0582
4129590.82,0.0583
4128827.36,0.0583
4123347.50,0.0584
4117767.98,0.0601
4116256.97,0.0601
4095899.74,0.0601
4094917.27,0.0601
4074224.94,0.0602
4060536.25,0.0603
4056267.27,0.0603
4050725.68,0.0604
4021602.31,0.0604
4008683.97,0.0605
4008171.67,0.0615
4007230.94,0.0623
3991331.43,0.0625
3987481.06,0.0626
3986821.12,0.0627
3981087.61,0.0628
3977438.77,0.0628
3975409.89,0.0628
3960913.11,0.0630
3955119.66,0.0631
3952542.98,0.0631
3952206.92,0.0637
3951493.30,0.0648
3933534.47,0.0648
3930782.06,0.0654
3924799.52,0.0655
3923720.02,0.0657
3922088.98,0.0661
3921333.67,0.0666
3904592.80,0.0666
3887811.70,0.0666
3883953.56,0.0667
3879647.39,0.0669
3877945.41,0.0669
3877741.73,0.0670
3873266.60,0.0674
3871644.00,0.0675
3871089.74,0.0680
3870376.66,0.0681
3866600.43,0.0681
3865283.93,0.0682
3864142.75,0.0687
3861564.53,0.0687
3861255.63,0.0699
3860195.07,0.0707
3858377.89,0.0707
3856446.92,0.0708
3854930.47,0.0711
3852621.73,0.0712
3851318.39,0.0712
3850005.22,0.0713
3849427.84,0.0714
3849160.41,0.0715
3848321.36,0.0718
3847810.21,0.0720
3847633.39,0.0730
3847110.93,0.0741
3846912.09,0.0758
3840276.20,0.0759
3838713.49,0.0759
3834138.68,0.0760
3829874.53,0.0760
3790485.25,0.0760
3790091.17,0.0761
3785003.95,0.0761
3758342.81,0.0764
3758256.66,0.0764
3757912.63,0.0764
3752490.60,0.0765
3750682.38,0.0766
3750496.96,0.0768
3749194.65,0.0768
3747942.37,0.0770
3744484.77,0.0788
3732772.95,0.0788
3724621.63,0.0792
3718848.78,0.0792
3717129.87,0.0793
3715992.34,0.0793
3714754.06,0.0793
3712226.06,0.0794
3711097.50,0.0797
3703412.85,0.0801
3700934.87,0.0819
3698902.54,0.0826
3697831.63,0.0829
3697673.13,0.0834
3694037.56,0.0836
3683225.24,0.0836
3681948.91,0.0841
3681529.59,0.0848
3678999.38,0.0848
3676175.22,0.0864
3673118.48,0.0883
3671287.20,0.0901
3670662.01,0.0901
3669809.89,0.0918
3634396.91,0.0918
3634389.00,0.0919
3625369.34,0.0920
3620079.79,0.0921
3590210.74,0.0924
3583230.23,0.0924
3581863.98,0.0925
3574006.00,0.0927
3573709.43,0.0928
3573588.65,0.0930
3573257.57,0.0930
3573130.39,0.0934
3570331.18,0.0935
3567295.64,0.0945
3567230.84,0.0956
3548025.36,0.0957
3544725.58,0.0969
3539900.31,0.0970
3521365.81,0.0970
3492019.09,0.0970
3490912.71,0.0971
3486001.89,0.0976
3484601.94,0.0981
3484198.76,0.0981
3481393.56,0.0982
3479440.38,0.0984
3474854.97,0.0987
3470132.52,0.0991
3468432.50,0.0995
3465386.22,0.1000
3460891.28,0.1004
3460276.76,0.1004
3453007.60,0.1010
3428255.04,0.1015
3412838.99,0.1015
3411202.44,0.1016
3410680.23,0.1016
3410319.73,0.1027
3400416.21,0.1039
3378791.32,0.1040
3377779.55,0.1040
3350426.48,0.1042
3304126.12,0.1042
3277779.86,0.1043
3276987.71,0.1061
3273843.05,0.1080
3270510.55,0.1080
3268804.53,0.1086
3266700.19,0.1086
3265753.60,0.1091
3257752.49,0.1110
3249319.61,0.1111
3240047.33,0.1114
3235418.17,0.1114
3234482.31,0.1116
3227772.65,0.1119
3227075.17,0.1122
3216146.62,0.1124
3216088.85,0.1127
3215924.38,0.1131
3198639.82,0.1133
3195638.22,0.1136
3194107.37,0.1141
3193593.11,0.1141
3190356.20,0.1141
3187553.52,0.1143
3183860.18,0.1144
3180819.74,0.1153
3179450.82,0.1164
3179166.33,0.1165
3175352.86,0.1165
3166676.47,0.1166
3165935.73,0.1166
3162027.85,0.1167
3162006.82,0.1173
3160944.88,0.1179
3158876.07,0.1181
3155784.47,0.1192
3154617.80,0.1205
3153977.99,0.1208
3152743.73,0.1208
3151900.58,0.1208
3131685.37,0.1209
3131131.25,0.1211
3125126.88,0.1226
3124834.71,0.1226
3118230.58,0.1229
3070756.50,0.1230
3062310.13,0.1230
3061059.54,0.1232
3056276.74,0.1232
3055678.63,0.1232
3055125.70,0.1233
3055079.77,0.1233
3055015.12,0.1235
3052652.64,0.1237
3052326.15,0.1252
3047112.04,0.1265
3046486.05,0.1265
3039035.48,0.1266
3036620.53,0.1269
3036336.63,0.1289
3035492.54,0.1292
3034860.74,0.1297
3033916.39,0.1299
3032834.76,0.1299
3032676.44,0.1303
3031322.18,0.1306
3031054.45,0.1311
3030403.95,0.1320
3027114.67,0.1320
3026691.07,0.1322
3026456.75,0.1322
3026410.16,0.1330
3026303.15,0.1336
3026284.88,0.1343
3025869.13,0.1350
3022343.38,0.1372
3000955.21,0.1372
3000928.23,0.1372
2970547.13,0.1372
2961915.97,0.1373
2955102.65,0.1373
2954382.92,0.1374
2904099.97,0.1374
2903419.09,0.1374
2899873.22,0.1375
2896508.25,0.1376
2888218.10,0.1376
2886700.75,0.1377
2879084.58,0.1379
2803605.68,0.1379
2795232.68,0.1380
2752296.63,0.1381
2749999.46,0.1381
2740549.72,0.1381
2738350.95,0.1382
2729425.30,0.1383
2726656.24,0.1384
2659075.50,0.1385
2653524.69,0.1386
2644158.10,0.1387
2642200.55,0.1393
2629119.82,0.1394
2626368.77,0.1399
2623950.53,0.1406
2621338.03,0.1406
2617234.37,0.1407
2615130.57,0.1407
2578150.62,0.1407
2575238.96,0.1409
2571810.36,0.1411
2569794.06,0.1420
2569645.79,0.1421
2569101.85,0.1422
2568894.62,0.1422
2567739.98,0.1422
2563404.01,0.1423
2563324.58,0.1424
2561929.46,0.1425
2555868.13,0.1426
2550845.34,0.1427
2548219.52,0.1429
2543423.31,0.1430
2543321.62,0.1431
2540602.06,0.1433
2537999.59,0.1460
2537209.85,0.1511
2535680.30,0.1582
2535444.31,0.1630
2535212.88,0.1749
2534008.47,0.1868
2533976.90,0.2040
2533286.04,0.2351
2533165.08,0.2797
2532291.25,0.3155
2520481.78,0.3155
2517548.00,0.3156
2511018.35,0.3156
2510101.11,0.3157
2506204.22,0.3158
2504582.96,0.3159
2498999.16,0.3160
2497640.63,0.3160
2481375.61,0.3163
2478203.64,0.3165
2477476.95,0.3167
2476130.55,0.3167
2467284.87,0.3169
2466995.35,0.3502
2466127.60,0.3698
2465516.00,0.3893
2464177.02,0.4154
2455337.43,0.4599
2453679.18,0.5054
2427861.65,0.5508
2422328.79,0.5964
2422210.78,0.6436
2418028.79,0.6901
2416944.72,0.7360
2414508.28,0.7816
2413165.06,0.8252
2412992.40,0.8732
2407767.25,0.9230
2407609.05,0.9733
2406141.82,1.0232
2403438.98,1.0722
2402486.63,1.1223
2399895.62,1.1735
2399866.65,1.2242
2398585.43,1.2743
2394929.31,1.3257
2388192.98,1.3259
2387029.89,1.3284
2385968.21,1.3287
2383512.18,1.3288
2382586.51,1.3288
2369394.31,1.3290
2255194.93,1.3290
2248332.53,1.3290
2245712.02,1.3310
2242693.63,1.3330
2242032.82,1.3331
2241930.08,1.3342
2240250.96,1.3351
2238233.76,1.3354
2237168.37,1.3359
2231591.22,1.3366
2229526.11,1.3377
2223875.17,1.3894
2222326.65,1.4426
2222228.51,1.4968
2218894.35,1.5505
2218152.12,1.6046
2215109.16,1.6585
2213614.23,1.7135
2212680.40,1.7676
2212339.80,1.8230
2205485.41,1.8771
2203643.29,1.9323
2187019.16,1.9865
2183805.47,2.0293
2183645.50,2.0716
2183406.47,2.1152
2182961.17,2.1577
2181535.45,2.2041
2177798.57,2.2580
2176618.33,2.3114
2173008.01,2.3580
2171430.12,2.4035
2170086.91,2.4463
2169302.06,2.5000
2167950.16,2.5537
2162927.89,2.6076
2158518.69,2.6612
2157301.48,2.7040
2157141.51,2.7453
2156902.49,2.7877
2156457.18,2.8303
2155031.47,2.8747
2091540.89,2.9285
2089701.18,2.9903
2086762.31,3.0551
2085846.66,3.0567
2084937.50,3.0568
2084547.58,3.0568
2084247.97,3.0568
2081522.91,3.0579
2079540.21,3.0585
2079418.74,3.0598
2078838.35,3.0606
2075823.96,3.0629
2075645.32,3.0658
2075597.92,3.0681
2074077.94,3.0711
2072436.01,3.0734
2070158.25,3.0782
2069842.74,3.0834
2068204.47,3.0889
2066489.58,3.0938
2066185.70,3.0989
2065929.55,3.1043
2065190.84,3.1091
2062833.27,3.1142
2059542.78,3.1188
2056684.64,3.1239
2055510.38,3.1292
2051972.04,3.1339
2051950.06,3.1394
2050767.45,3.1422
2044484.34,3.1517
2043745.96,3.1637
2035760.23,3.1732
2035644.50,3.1756
2035585.79,3.1780
2033448.56,3.1884
2029712.84,3.1997
2029469.33,3.2023
2028689.20,3.2073
2002034.79,3.2174
1996802.30,3.2281
1996158.04,3.2752
1994580.16,3.3197
1992408.20,3.3622
1991165.07,3.3843
1990433.89,3.4042
1989789.95,3.4377
1988926.98,3.4795
1987747.85,3.5420
1981599.20,3.6041
1978361.12,3.6680
1972831.05,3.7327
1972335.97,3.7965
1972219.53,3.8607
1971549.56,3.9258
1971394.59,3.9912
1971204.06,4.0582
1970825.55,4.1234
1970719.18,4.1887
1969002.80,4.2531
1966756.04,4.3184
1963121.46,4.3839
1961592.06,4.4497
1961486.00,4.5106
1954533.47,4.5753
1942857.87,4.6409
1942605.44,4.7018
1941843.32,4.7658
1940413.78,4.8089
1939191.46,4.8400
1937497.88,4.8593
1936286.81,4.8812
1935947.40,4.9154
1928019.49,4.9747
1925682.99,5.0411
1924658.92,5.1066
1924333.48,5.1723
1922731.55,5.2390
1916344.72,5.3063
1916205.92,5.3722
1915666.84,5.4406
1915241.01,5.5067
1913902.65,5.5720
1911280.32,5.6486
1903454.40,5.7225
1903003.90,5.7977
1902458.52,5.8727
1901100.26,5.9466
1900719.42,6.0223
1899781.20,6.0979
1898519.10,6.1760
1895733.25,6.2519
1895247.84,6.3292
1894238.47,6.4067
1892522.86,6.4863
1891855.61,6.5679
1889956.21,6.6476
1889508.66,6.7301
1887863.40,6.8137
1885712.74,6.8957
1885075.50,6.9784
1884180.93,7.0606
1882519.73,7.1421
1882365.26,7.2235
1873996.92,7.3047
1872967.36,7.3889
1870532.32,7.4729
1870352.07,7.5590
1868304.91,7.6444
1867831.32,7.7335
1867604.56,7.8235
1867059.59,7.9128
1866523.50,8.0129
1865912.50,8.1131
1864844.03,8.2140
1862333.07,8.3140
1861944.42,8.3972
1860451.57,8.4805
1860386.96,8.5849
1857586.69,8.6942
1856931.31,8.8001
1856873.05,8.9030
1856847.29,9.0090
1856393.41,9.1115
1856204.70,9.2183
1855538.11,9.3245
1855479.85,9.4271
1854929.19,9.5333
1853631.64,9.6349
1849870.56,9.7508
1848505.75,9.8691
1846413.07,9.9912
1845722.61,10.1161
1845447.36,10.2384
1845412.22,10.3644
1843905.76,10.4857
1843695.84,10.6101
1840612.76,10.7344
1840565.40,10.8597
1839969.34,10.9846
1835654.99,11.1096
1835379.75,11.2305
1835094.55,11.3512
1834637.05,11.4672
1831149.78,11.5897
1830942.75,11.7201
1827343.10,11.8498
1826297.82,11.9725
1825213.69,12.0948
1824708.12,12.2218
1795698.77,12.3559
1790822.70,12.4904
1758108.20,12.6255
1757689.86,12.7637
1755944.51,12.8858
1755040.59,13.0001
1754813.65,13.1180
1753560.67,13.2432
1753457.58,13.3741
1746114.18,13.5113
1746063.06,13.6486
1744727.15,13.7738
1743156.48,13.8891
1742720.75,14.0054
1741707.42,14.1204
1740904.81,14.2469
1739772.54,14.3811
1736839.36,14.5172
1736690.84,14.6414
1735786.91,14.7565
1735559.97,14.8753
1733237.14,14.9965
1733006.28,15.1300
1732962.10,15.2677
1729508.87,15.4034
1729498.62,15.5409
1727937.19,15.6785
1727782.09,15.8101
1723516.31,15.9466
1723234.80,16.0799
1721413.80,16.2188
1719602.13,16.3569
1717136.39,16.4923
1714669.77,16.6181
1713842.27,16.7329
1713406.54,16.8474
1712393.21,16.9621
1710395.03,17.0862
1684769.88,17.2226
1658210.85,17.3603
1656844.65,17.5004
1648203.02,17.6401
1645257.25,17.7810
1636044.28,17.9206
1620908.95,18.0599
1618107.83,18.1994
1610073.02,18.3378
1609190.55,18.4758
1609076.04,18.6164
1608368.64,18.7623
1603625.96,18.9084
1602753.22,19.0547
1602465.17,19.2122
1601683.86,19.3602
1601672.93,19.5079
1601070.94,19.6569
1600950.57,19.8075
1600856.11,19.9562
1600775.78,20.1032
1599903.04,20.2492
1599378.53,20.3985
1599376.03,20.5451
1598813.81,20.6989
1597820.70,20.8475
1597140.02,20.9973
1596909.28,21.1522
1596840.60,21.3051
1596270.29,21.4584
1594934.64,21.6095
1593481.70,21.7615
1589829.71,21.9123
1588688.54,22.0644
1588429.30,22.2167
1586263.25,22.3695
1585587.19,22.5223
1584951.57,22.6755
1584464.42,22.8282
1583183.81,22.9798
1583181.88,23.1311
1582429.51,23.2848
1580716.60,23.4360
1580123.84,23.5905
1579915.00,23.7397
1579912.51,23.8850
1579570.39,24.0407
1578500.32,24.1982
1577619.29,24.3555
1577385.28,24.5131
1577303.62,24.6708
1575404.86,24.8313
1574988.93,24.9861
1574565.68,25.1452
1570524.03,25.3012
1570131.17,25.4592
1569322.55,25.6185
1568666.47,25.7801
1568601.91,25.9393
1568533.78,26.0970
1568506.93,26.2564
1568366.25,26.4145
1561028.22,26.5719
1560488.75,26.7321
1559991.07,26.8920
1559892.20,27.0452
1559668.52,27.2023
1559622.17,27.3582
1559019.59,27.5134
1558046.25,27.6717
1557493.67,27.8314
1557479.08,27.9917
1557069.05,28.1518
1556864.74,28.3117
1556862.74,28.4770
1556170.43,28.6433
1556024.65,28.8126
1551808.96,28.9849
1551763.22,29.1588
1550714.54,29.3337
1550353.45,29.5085
1548959.73,29.6863
1548198.36,29.8660
1540509.68,30.0446
1539910.79,30.2233
1539371.80,30.4033
1538443.30,30.5830
1536381.81,30.7637
1535282.46,30.9431
1534775.71,31.1226
1534492.10,31.3020
1534068.00,31.4813
1533498.65,31.6610
1532782.18,31.8409
1532256.13,32.0230
1531417.95,32.2069
1531317.71,32.3909
1530720.65,32.5722
1530423.50,32.7542
1530185.96,32.9352
1529573.00,33.1175
1528905.35,33.2985
1528897.92,33.4764
1523773.43,33.6592
1520806.42,33.8407
1520282.27,34.0187
1514110.19,34.2022
1514027.01,34.3812
1513916.53,34.5643
1513124.87,34.7453
1512759.98,34.9317
1512708.62,35.1172
1511190.77,35.3053
1509463.11,35.4922
1506757.61,35.6787
1506110.85,35.8647
1505000.70,36.0504
1504862.28,36.2407
1504542.95,36.4257
1503771.65,36.6110
1503714.38,36.7990
1503174.81,36.9850
1503061.84,37.1705
1503020.50,37.3552
1502059.04,37.5414
1500472.68,37.7277
1500113.24,37.9143
1499940.44,38.1020
1499933.93,38.2842
1499902.96,38.4646
1495709.52,38.6545
1494926.92,38.8458
1490260.17,39.0359
1489483.06,39.2278
1488654.07,39.4173
1487624.75,39.6069
1480736.60,39.7985
1478650.76,39.9910
1478380.68,40.1822
1476401.38,40.3744
1476188.25,40.5685
1475430.81,40.7596
1475373.10,40.9510
1474060.96,41.1407
1473387.45,41.3297
1473323.56,41.5097
1472449.53,41.6962
1472410.04,41.8758
1472292.19,42.0577
1472227.29,42.2464
1471508.52,42.4322
1470942.98,42.6243
1470900.28,42.8193
1470409.16,43.0130
1470328.11,43.2022
1469534.93,43.3841
1469265.88,43.5743
1468301.85,43.7649
1467472.30,43.9613
1467450.97,44.1532
1466911.91,44.3474
1466860.85,44.5409
1466604.72,44.7369
1466199.83,44.9300
1465938.26,45.1246
1465925.01,45.3184
1465771.94,45.5122
1463479.70,45.7069
1463262.88,45.9003
1462826.37,46.0924
1462361.53,46.2873
1462049.82,46.4841
1461909.90,46.6817
1461463.36,46.8797
1460256.84,47.0751
1459973.58,47.2804
1459837.14,47.4876
1458053.08,47.6975
1457946.80,47.9033
1457765.26,48.1143
1457688.20,48.3238
1457600.49,48.5136
1456324.16,48.7034
1456104.03,48.8904
1454773.25,49.0947
1454446.62,49.3029
1453853.18,49.5142
1452722.01,49.7254
1451607.44,49.9337
1451363.91,50.1456
1451177.04,50.3518
1450749.82,50.5618
1450423.99,50.7732
1450288.44,50.9835
1450191.10,51.1952
1449581.74,51.4012
1449200.08,51.6144
1449011.72,51.8258
1448582.79,52.0376
1447205.49,52.2505
1445714.68,52.4658
1443876.37,52.6817
1437673.87,52.8988
1437547.06,53.1181
1437185.25,53.3325
1436905.68,53.5490
1426173.89,53.7669
1424671.26,53.9823
1423867.67,54.2011
1417490.46,54.4172
1410874.76,54.6366
1410037.39,54.8545
1366964.10,55.0687
1366683.91,55.2801
1366470.47,55.4918
1366230.67,55.7054
1363383.74,55.7073
1363245.83,55.7075
1360397.79,55.7077
1360342.53,55.7103
1353613.18,55.7130
1341483.42,55.7180
1337971.19,55.7231
1326055.64,55.7306
1326020.61,55.7481
1325747.06,55.7650
1304199.91,55.7821
1304133.70,55.8039
1300773.41,55.8257
1300536.94,55.8521
1293128.63,55.8792
1293015.48,55.9080
1287606.07,55.9351
1279809.74,55.9615
1229774.44,55.9885
1224476.12,56.0176
1213674.75,56.0443
1213182.88,56.0721
1206483.06,56.1017
1200758.64,56.1308
1199917.61,56.1573
1197435.83,56.1903
1195530.48,56.2255
1184288.09,56.2607
1183821.91,56.2961
1183548.52,56.3319
1182618.81,56.3671
1181723.04,56.4024
1180496.77,56.4407
1167410.81,56.4797
1166578.40,56.5276
1163762.43,56.5745
1138015.67,56.6234
1112412.38,56.6767
1107351.16,56.7304
1091986.06,56.7819
1077092.34,56.8345
1073085.66,56.8866
1073074.72,56.9408
1049263.41,56.9934
1042865.65,57.0455
1040400.32,57.0977
1038378.46,57.1507
1028092.10,57.2028
1022212.00,57.2554
993564.50,57.3077
976791.19,57.3596
965644.53,57.4137
964715.81,57.4657
962603.91,57.5180
958315.15,57.5723
953151.51,57.6271
951203.25,57.6840
950173.48,57.7403
941701.37,57.7972
938737.39,57.8554
933607.11,57.9158
932603.67,57.9799
932143.18,58.0407
930185.86,58.1014
891011.70,58.1699
884905.40,58.2348
883852.63,58.3005
870087.88,58.3665
866119.07,58.4311
862708.31,58.4968
861711.77,58.5643
849723.62,58.6314
843855.04,58.6975
837935.34,58.7632
833433.73,58.8274
826545.77,58.8922
820998.18,58.9624
818817.32,59.0341
808068.80,59.1057
770880.26,59.1780
770311.13,59.2512
769437.26,59.3247
765981.50,59.4084
756195.98,59.4921
752511.79,59.5839
747137.57,59.6773
746032.17,59.7735
745725.89,59.8788
745250.74,59.9841
745054.97,60.0906
743802.77,60.1962
739882.74,60.3039
734774.95,60.4120
734698.53,60.5193
734460.09,60.6299
734207.93,60.7449
734148.30,60.8586
733181.63,60.9715
732942.54,61.0868
732421.95,61.2013
731401.28,61.3146
731149.11,61.4295
730989.39,61.5417
730689.65,61.6537
730459.39,61.7677
730359.41,61.8887
729331.33,62.0087
728536.42,62.1227
721938.61,62.2363
721125.93,62.3647
721111.04,62.5062
720783.78,62.6481
720781.80,62.7873
720485.13,62.9252
720316.72,63.0609
700791.33,63.2054
699869.89,63.3647
698475.20,63.5208
698379.47,63.6814
698209.85,63.8394
697878.03,63.9967
697502.41,64.1561
696219.42,64.3156
696070.32,64.4781
695395.71,64.6496
694243.07,64.8281
694177.91,65.0134
693993.89,65.1981
693931.42,65.3876
688712.00,65.5865
688390.41,65.7749
688112.11,65.9583
687776.26,66.1481
686377.75,66.3437
685132.58,66.5463
684648.77,66.7460
684450.03,66.9505
683432.69,67.1660
683210.46,67.4457
680714.87,67.7246
680115.41,74.0913
680102.24,90.9215
679903.44,109.1671
679827.77,109.3715
679343.80,109.5752
679155.86,128.4054
678993.36,128.6185
678634.98,147.4688
678364.35,147.7203
677768.01,147.9672
677526.79,169.0923
676512.42,190.1773
