5935686.13,0.0001
5852632.12,0.0002
5809303.25,0.0002
5779273.50,0.0002
5776246.68,0.0002
5736929.73,0.0003
5707631.33,0.0004
5681317.92,0.0004
5625773.25,0.0004
5612236.20,0.0006
5603679.53,0.0006
5566163.65,0.0007
5437730.77,0.0008
5399928.23,0.0009
5378835.26,0.0010
5369106.45,0.0011
5334797.43,0.0013
5323126.33,0.0013
5321858.79,0.0013
5318176.74,0.0014
5311163.03,0.0017
5279707.47,0.0017
5251969.72,0.0018
5184001.31,0.0020
5157648.72,0.0020
5155957.55,0.0021
5151950.75,0.0022
5142106.17,0.0022
5138093.59,0.0025
5048414.36,0.0025
5028670.49,0.0028
5012040.58,0.0028
5008337.54,0.0029
4962700.40,0.0029
4956414.63,0.0030
4928080.08,0.0032
4925143.77,0.0032
4900277.73,0.0036
4891731.71,0.0040
4887773.81,0.0040
4884197.27,0.0040
4876757.71,0.0041
4864146.76,0.0041
4846621.49,0.0041
4824425.43,0.0042
4820705.99,0.0043
4789191.08,0.0047
4763557.46,0.0048
4759584.27,0.0048
4758890.97,0.0048
4755074.82,0.0048
4720976.88,0.0049
4720106.74,0.0049
4717205.66,0.0053
4640658.36,0.0054
4589388.36,0.0054
4579262.01,0.0054
4578822.40,0.0056
4571773.61,0.0057
4506361.66,0.0060
4504614.36,0.0061
4504585.32,0.0062
4486243.93,0.0062
4450922.14,0.0068
4445678.59,0.0073
4440686.08,0.0073
4367562.30,0.0073
4319193.03,0.0074
4316507.17,0.0076
4280966.56,0.0078
4244586.93,0.0082
4239237.79,0.0082
4237838.22,0.0082
4230241.46,0.0083
4213300.53,0.0083
4176095.16,0.0084
4160509.41,0.0086
4160498.16,0.0087
4155974.81,0.0087
4143828.62,0.0090
4096484.88,0.0090
4067028.58,0.0090
4050128.80,0.0096
4048549.10,0.0102
4020639.43,0.0102
3987205.74,0.0103
3983585.60,0.0103
3978138.96,0.0104
3968664.19,0.0106
3957643.10,0.0107
3945622.79,0.0107
3919232.60,0.0108
3918075.02,0.0109
3916046.15,0.0109
3907542.99,0.0110
3902213.18,0.0110
3899390.04,0.0110
3882780.94,0.0111
3882577.32,0.0112
3880614.66,0.0115
3868740.04,0.0115
3856332.64,0.0117
3853306.37,0.0117
3838361.70,0.0119
3836746.63,0.0122
3788939.14,0.0128
3750106.09,0.0128
3742012.07,0.0130
3730513.35,0.0131
3706061.37,0.0131
3701109.13,0.0132
3693648.96,0.0132
3693641.94,0.0133
3680290.65,0.0133
3667044.41,0.0134
3647341.82,0.0134
3633363.41,0.0135
3631287.35,0.0137
3626586.88,0.0139
3620953.74,0.0139
3608504.75,0.0139
3600435.93,0.0140
3563550.92,0.0141
3550776.74,0.0141
3543621.03,0.0147
3540367.50,0.0148
3527424.76,0.0148
3524069.87,0.0150
3522389.34,0.0150
3514617.17,0.0151
3506375.28,0.0151
3503304.64,0.0155
3497792.62,0.0155
3469168.10,0.0155
3467759.30,0.0155
3461913.25,0.0157
3452022.19,0.0157
3444547.34,0.0157
3442821.45,0.0157
3440739.67,0.0158
3440316.14,0.0158
3421406.89,0.0164
3417403.77,0.0166
3413960.50,0.0167
3398152.72,0.0173
3308906.62,0.0173
3295967.56,0.0174
3290617.54,0.0175
3252533.92,0.0182
3248295.55,0.0182
3228935.12,0.0183
3224905.52,0.0190
3200061.26,0.0190
3199986.02,0.0190
3188449.19,0.0191
3170827.33,0.0193
3168009.57,0.0194
3159644.31,0.0196
3149272.14,0.0196
3115833.75,0.0197
3111268.71,0.0200
3096814.96,0.0200
3088019.18,0.0202
3076363.04,0.0203
3075192.54,0.0206
3074177.87,0.0206
3073130.59,0.0214
3065505.33,0.0217
3061339.74,0.0218
3056518.15,0.0218
3052896.39,0.0218
3039341.66,0.0219
3032146.05,0.0226
3031240.41,0.0230
3020175.39,0.0230
3020020.69,0.0235
3003186.67,0.0238
2999856.24,0.0242
2979748.30,0.0251
2965393.44,0.0251
2957135.63,0.0260
2843501.19,0.0260
2792666.85,0.0260
2786491.98,0.0260
2740835.39,0.0261
2693452.61,0.0261
2684959.05,0.0265
2664316.44,0.0265
2662568.66,0.0266
2637095.99,0.0268
2623421.59,0.0272
2592751.62,0.0277
2542704.84,0.0277
2538788.56,0.0282
2535269.80,0.0287
2533699.61,0.0287
2526116.20,0.0292
2524488.57,0.0297
2521336.90,0.0298
2486046.32,0.0299
2468217.89,0.0307
2457595.97,0.0307
2446306.33,0.0310
2440342.66,0.0319
2418985.45,0.0319
2404317.02,0.0319
2400687.74,0.0319
2391891.98,0.0321
2382756.01,0.0323
2373604.62,0.0325
2367953.11,0.0329
2363947.75,0.0332
2362812.75,0.0336
2358648.12,0.0341
2357462.01,0.0347
2355891.82,0.0347
2342370.55,0.0356
2339770.10,0.0357
2328754.86,0.0358
2302047.62,0.0359
2290757.99,0.0362
2290324.13,0.0372
2246371.68,0.0372
2218010.30,0.0373
2131927.47,0.0373
2096896.03,0.0374
1977242.33,0.0374
1962945.69,0.0374
1951423.19,0.0375
1947010.70,0.0379
1946482.49,0.0379
1944517.27,0.0379
1943726.45,0.0380
1941686.39,0.0380
1881622.79,0.0387
1879614.34,0.0391
1875294.08,0.0394
1851634.17,0.0397
1849065.35,0.0398
1807918.62,0.0398
1798407.02,0.0402
1780598.28,0.0412
1774328.22,0.0422
1731119.97,0.0443
1725023.06,0.0464
1723699.61,0.0484
1697906.81,0.0505
1697300.04,0.0525
1685682.15,0.0547
1685552.86,0.0569
1670041.22,0.0589
1662207.51,0.0611
1643179.08,0.0634
1634081.21,0.0654
1625538.09,0.0674
1622362.57,0.0696
1617807.07,0.0720
1603169.38,0.0744
1584139.06,0.0774
1581432.94,0.0815
1575468.56,0.0884
1570676.92,0.0957
1505891.60,0.1040
1499900.36,0.1157
1479627.30,0.1273
1462746.90,0.1427
1461552.87,0.1629
1460525.41,0.1835
1453949.76,0.2037
1453909.89,0.2238
1451663.39,0.2491
1446985.00,0.2743
1430843.53,0.3007
1430434.10,0.3293
1421212.80,0.3584
1417541.09,0.3871
1401867.02,0.4151
1388111.67,0.4440
1387853.22,0.4736
1387824.60,0.5031
1386859.43,0.5327
1370589.36,0.5632
1364493.46,0.5946
1359680.78,0.6265
1349884.38,0.6579
1331748.80,0.6898
1326331.07,0.7213
1325205.61,0.7524
1322887.89,0.7836
1313054.07,0.8151
1312221.57,0.8470
1310064.26,0.8798
1303841.63,0.9132
1300557.61,0.9449
1279325.32,0.9792
1278764.81,1.0103
1277288.22,1.0419
1266358.94,1.0746
1248677.96,1.1081
1236425.61,1.1412
1234380.13,1.1726
1219059.75,1.2073
1218490.13,1.2394
1217973.67,1.2753
1217967.39,1.3123
1216344.97,1.3484
1195618.51,1.3848
1192728.44,1.4214
1184565.33,1.4574
1168219.53,1.4941
1168124.58,1.5301
1164168.93,1.5664
1162318.73,1.6026
1161183.72,1.6396
1159028.58,1.6759
1153197.12,1.7139
1145165.80,1.7531
1139970.66,1.7790
1134241.57,1.8066
1092149.93,1.8339
1081716.49,1.8611
1069003.68,1.8881
1063417.06,1.9129
1061171.52,1.9382
1060477.87,1.9405
1055758.77,1.9659
1047057.25,1.9880
1044676.96,2.0279
1043248.11,2.0688
1034676.86,2.1096
1034383.50,2.1520
1033418.13,2.1947
1027240.21,2.2365
1025566.09,2.2784
1006315.71,2.3202
1005684.04,2.3626
1004206.68,2.4062
1003808.89,2.4494
1001072.97,2.4932
990633.38,2.5365
980402.71,2.5824
969064.35,2.6278
954298.16,2.6722
944421.70,2.7170
942069.47,2.7625
918367.74,2.8092
917568.45,2.8547
910805.69,2.8999
905170.91,2.9451
884140.56,2.9918
883293.59,3.0374
882267.62,3.0837
879824.13,3.1306
879295.86,3.1781
878985.96,3.2258
873351.18,3.2721
872111.89,3.3190
868328.74,3.3655
868112.04,3.4126
868072.62,3.4592
861505.23,3.5075
858898.88,3.5561
855727.91,3.6048
854917.26,3.6547
854120.78,3.7038
852828.81,3.7530
846710.99,3.8030
846385.16,3.8535
841528.02,3.9033
839422.05,4.1043
831837.76,5.6044
828739.94,5.6452
827655.64,5.6861
824942.69,5.7276
824164.91,5.7672
821358.04,5.8096
819546.19,5.8532
