9660589.92,0.0001
9611960.65,0.0002
9611252.48,0.0002
9609747.54,0.0002
9600006.61,0.0003
9599184.05,0.0003
9595004.48,0.0004
9586688.25,0.0004
9575155.19,0.0005
9505677.44,0.0005
9405344.61,0.0005
9404792.32,0.0005
9380417.62,0.0006
9373502.93,0.0007
9343026.78,0.0008
9306304.51,0.0008
9274914.59,0.0009
9228313.78,0.0010
9169847.01,0.0010
9163563.74,0.0010
9162675.06,0.0010
9141592.01,0.0011
9141039.72,0.0011
8972849.65,0.0012
8937165.95,0.0012
8931256.89,0.0013
8843389.66,0.0014
8803243.09,0.0015
8780362.63,0.0015
8771078.63,0.0016
8765900.37,0.0016
8756532.04,0.0017
8694179.94,0.0018
8692957.88,0.0018
8685673.70,0.0019
8668457.29,0.0020
8577161.02,0.0021
8563424.97,0.0024
8489509.77,0.0024
8442132.88,0.0024
8401168.03,0.0025
8318374.16,0.0025
8224774.67,0.0026
8217570.66,0.0026
8197050.68,0.0027
8162670.03,0.0027
8112546.75,0.0028
8011949.80,0.0031
7956673.84,0.0031
7871350.12,0.0031
7855075.92,0.0032
7809266.75,0.0032
7799509.12,0.0032
7713580.05,0.0036
7671971.34,0.0036
7652271.63,0.0036
7622069.72,0.0038
7607134.25,0.0040
7597019.03,0.0041
7593965.99,0.0042
7536874.30,0.0043
7535053.15,0.0044
7535039.30,0.0045
7528358.07,0.0046
7520791.71,0.0047
7520464.51,0.0048
7496727.65,0.0052
7449467.65,0.0052
7364210.78,0.0053
7361732.71,0.0053
7323353.40,0.0054
7315495.15,0.0054
7290915.61,0.0055
7281497.18,0.0055
7277448.28,0.0056
7273748.62,0.0056
7218241.70,0.0060
7162843.99,0.0060
7158132.89,0.0063
7158131.79,0.0063
7155835.63,0.0063
7154788.33,0.0065
7147178.90,0.0066
7141541.08,0.0068
7138088.51,0.0070
7137512.02,0.0072
7135003.73,0.0073
7134077.27,0.0074
7133660.31,0.0076
7129895.56,0.0078
7129476.92,0.0080
7119392.83,0.0083
7097217.91,0.0087
7040751.80,0.0092
7037609.73,0.0092
7024741.15,0.0092
7019468.65,0.0092
6971305.01,0.0097
6910385.45,0.0097
6895139.14,0.0097
6879964.41,0.0098
6878390.81,0.0098
6877706.22,0.0099
6875051.02,0.0100
6839830.15,0.0100
6830041.26,0.0101
6810633.80,0.0102
6809287.43,0.0107
6799914.00,0.0109
6792242.85,0.0114
6779194.09,0.0115
6768447.48,0.0120
6735602.50,0.0120
6719270.73,0.0122
6716786.85,0.0123
6716699.17,0.0123
6688357.46,0.0125
6625104.01,0.0130
6614840.18,0.0130
6604861.49,0.0131
6562355.66,0.0135
6510735.68,0.0136
6445114.18,0.0137
6427000.50,0.0137
6418504.94,0.0138
6370580.21,0.0143
6329152.23,0.0144
6320514.60,0.0144
6304781.89,0.0150
6249652.07,0.0150
6242562.76,0.0150
6215701.96,0.0151
6200539.25,0.0152
6190529.46,0.0157
6182340.20,0.0159
6181909.81,0.0161
6181311.49,0.0162
6178241.30,0.0164
6175090.00,0.0165
6174927.09,0.0167
6151402.86,0.0168
6148383.59,0.0171
6147351.12,0.0173
6143856.81,0.0173
6141851.90,0.0176
6135110.93,0.0182
6110550.13,0.0182
6103087.02,0.0188
6097140.05,0.0188
6029409.18,0.0188
6011168.11,0.0188
5989568.56,0.0189
5914764.91,0.0190
5888770.89,0.0191
5880835.80,0.0193
5834591.85,0.0193
5830466.13,0.0195
5738651.96,0.0201
5673270.71,0.0203
5664381.52,0.0210
5606149.74,0.0210
5597563.58,0.0210
5570784.71,0.0210
5552981.85,0.0211
5550839.98,0.0211
5515766.74,0.0211
5443389.64,0.0212
5439483.89,0.0212
5438396.64,0.0212
5409541.26,0.0215
5380096.64,0.0217
5370988.36,0.0226
5365385.87,0.0228
5353948.79,0.0228
5339124.41,0.0228
5323692.01,0.0230
5319738.11,0.0230
5318824.03,0.0230
5317913.71,0.0231
5314002.75,0.0231
5300177.31,0.0232
5285318.97,0.0233
5276049.46,0.0235
5273712.45,0.0237
5245999.22,0.0237
5212882.43,0.0239
5121605.92,0.0246
5101646.48,0.0251
5100009.73,0.0251
5088486.68,0.0252
5087686.32,0.0252
5076088.62,0.0253
5044511.90,0.0261
4988659.38,0.0261
4896264.70,0.0262
4893036.33,0.0262
4891573.78,0.0263
4881578.60,0.0263
4873045.57,0.0264
4872123.19,0.0265
4862406.36,0.0265
4842504.99,0.0265
4808386.88,0.0268
4750673.21,0.0276
4686416.61,0.0276
4679979.04,0.0281
4670811.28,0.0286
4647899.37,0.0295
4635945.78,0.0295
4630445.16,0.0298
4628368.51,0.0298
4597306.18,0.0302
4595780.40,0.0305
4583073.74,0.0313
4577717.03,0.0313
4569935.42,0.0313
4569300.15,0.0313
4541646.64,0.0322
4472769.25,0.0322
4418362.97,0.0322
4408665.81,0.0331
4351231.57,0.0332
4334327.06,0.0332
4330505.11,0.0332
4328451.68,0.0333
4316400.60,0.0333
4302040.65,0.0335
4298697.42,0.0335
4298621.99,0.0335
4297134.81,0.0336
4296513.23,0.0336
4291934.76,0.0339
4291524.34,0.0342
4285661.06,0.0345
4279924.90,0.0346
4274643.09,0.0350
4260973.98,0.0350
4245689.56,0.0355
4241576.15,0.0355
4238055.01,0.0356
4238029.41,0.0356
4214594.92,0.0357
4207642.48,0.0357
4207093.56,0.0357
4206772.94,0.0358
4200908.11,0.0360
4192786.61,0.0360
4189600.33,0.0362
4180645.87,0.0366
4166910.57,0.0372
4163672.27,0.0372
4161944.51,0.0373
4157819.16,0.0374
4156939.44,0.0375
4137960.31,0.0385
4056499.52,0.0385
4044233.38,0.0385
4020379.23,0.0386
4010208.44,0.0387
3989829.08,0.0388
3987496.09,0.0389
3987131.64,0.0391
3977419.99,0.0393
3977064.34,0.0397
3923943.63,0.0397
3892265.79,0.0398
3887238.96,0.0407
3883230.17,0.0408
3877548.65,0.0409
3866812.16,0.0411
3863265.89,0.0420
3861782.03,0.0429
3829698.12,0.0436
3827399.86,0.0436
3825950.39,0.0437
3772806.82,0.0443
3769123.43,0.0443
3748704.38,0.0452
3735830.45,0.0463
3735338.52,0.0464
3721853.26,0.0464
3704245.91,0.0464
3702050.29,0.0466
3692278.23,0.0468
3691107.05,0.0469
3683436.81,0.0471
3647668.86,0.0480
3643895.80,0.0481
3639511.94,0.0481
3519886.67,0.0482
3495923.76,0.0482
3475820.39,0.0487
3426982.05,0.0491
3305487.21,0.0492
3290268.33,0.0494
3289614.40,0.0496
3280878.92,0.0497
3280615.49,0.0500
3275676.53,0.0502
3272629.45,0.0502
3262996.06,0.0504
3262820.22,0.0504
3253872.01,0.0504
3244456.88,0.0516
3230527.06,0.0516
3222380.51,0.0524
3218209.28,0.0524
3168942.79,0.0524
3166007.11,0.0535
3152914.95,0.0542
3125635.18,0.0552
3052731.02,0.0552
2964350.41,0.0553
2928508.81,0.0553
2904827.22,0.0553
2902495.04,0.0554
2871416.27,0.0554
2853484.31,0.0566
2837469.97,0.0590
2823380.12,0.0613
2809042.53,0.0637
2797879.04,0.0663
2774315.87,0.0687
2702114.56,0.0710
2664468.30,0.0734
2647086.86,0.0758
2647007.23,0.0760
2640243.83,0.0763
2627753.73,0.0765
2626699.81,0.0765
2581656.78,0.0768
2573413.04,0.0771
2565660.23,0.0771
2564012.31,0.0774
2548304.88,0.0776
2543530.71,0.0776
2540963.49,0.0812
2525533.16,0.0848
2512070.81,0.0885
2509687.94,0.0943
2483848.05,0.1004
2453496.66,0.1061
2451952.98,0.1095
2419981.75,0.1151
2418311.96,0.1151
2411747.85,0.1153
2408414.36,0.1154
2402943.71,0.1154
2401167.10,0.1155
2398472.20,0.1156
2396327.23,0.1156
2390923.55,0.1181
2385493.53,0.1204
2379100.70,0.1250
2379004.79,0.1273
2377751.91,0.1307
2368907.41,0.1418
2346241.01,0.1571
2346138.18,0.1718
2337501.85,0.1856
2335221.48,0.2005
2334999.07,0.2163
2276236.45,0.2326
2237649.58,0.2498
2236500.81,0.2683
2231099.54,0.2864
2229340.28,0.3045
2222177.04,0.3232
2221276.11,0.3411
2220968.28,0.3595
2220915.48,0.3776
2214467.78,0.3959
2202973.75,0.4138
2199682.97,0.4315
2189823.15,0.4500
2179325.83,0.4680
2172172.37,0.4860
2171646.91,0.5039
2162618.92,0.5216
2161662.28,0.5364
2157948.79,0.5524
2146375.49,0.5689
2119709.48,0.5850
2092421.78,0.6022
2092275.82,0.6196
2090348.68,0.6370
2085647.21,0.6541
2084884.15,0.6719
2082880.03,0.6904
2082745.00,0.7098
2082076.54,0.7293
2080504.25,0.7484
2078011.09,0.7681
2077341.91,0.7872
2075904.81,0.8062
2075747.72,0.8251
2075266.56,0.8442
2075209.21,0.8633
2074767.75,0.8834
2073919.49,0.9038
2072862.41,0.9300
2072580.82,0.9496
2070269.87,0.9701
2068701.46,0.9932
2068445.32,1.0188
2068165.62,1.0452
2068146.31,1.0694
2067992.20,1.0954
2054486.37,1.1215
2051491.15,1.1500
2047023.15,1.1500
2036379.75,1.1507
2035373.61,1.1507
2032627.36,1.1511
2026457.92,1.1525
2005760.11,1.1547
1999610.78,1.1579
1984481.99,1.1599
1983978.02,1.1611
1980938.88,1.1623
1974337.65,1.1636
1960762.60,1.1647
1958594.59,1.1659
1945337.02,1.1671
1943885.47,1.1683
1933665.09,1.1695
1929592.83,1.1709
1928053.80,1.1720
1887051.52,1.1735
1886291.65,1.1769
1885726.64,1.1826
1885254.13,1.1892
1838620.20,1.2013
1836809.62,1.2146
1816499.71,1.2277
1816150.42,1.2407
1796176.72,1.2536
1795780.84,1.2682
1792620.94,1.2912
1779526.98,1.3143
1773656.16,1.3367
1767337.62,1.3842
1758069.15,1.4315
1753232.37,1.4822
1749993.72,1.5290
1749712.42,1.5769
1749091.30,1.6217
1749082.64,1.6668
1748829.21,1.7107
1748825.12,1.7524
1748667.65,1.7943
1747850.66,1.8389
1747543.47,1.8863
1745898.03,1.9336
1745753.03,1.9814
1744634.82,2.0287
1743374.94,2.0763
1743316.59,2.1257
1741772.40,2.1743
1740924.47,2.2239
1740447.10,2.2744
1740238.05,2.3256
1739943.32,2.3777
1739306.80,2.4311
1733217.65,2.4858
1732633.74,2.5401
1722667.89,2.5955
1722006.96,2.6394
1721040.35,2.6803
1720579.73,2.7229
1716235.20,2.7662
1715894.64,2.8096
1715828.59,2.8522
1712015.93,2.8972
1711642.48,2.9418
1709838.31,2.9857
1700886.01,3.0393
1683416.69,3.0934
1679361.97,3.1480
1664643.65,3.2027
1641864.66,3.2576
1632079.85,3.3128
1620707.03,3.3694
1619265.04,3.4252
1597609.75,3.4807
1588548.34,3.5360
1539050.60,3.5915
1538110.84,3.6466
1534444.51,3.7016
1533108.68,3.7576
1512487.44,3.8138
1509691.42,3.8699
1495091.05,3.9252
1487070.45,3.9828
1484679.23,4.0414
1480130.44,4.0994
1449488.86,4.1569
1438929.41,4.2148
1419150.21,4.2728
1371015.61,4.3306
1349560.75,4.3881
1347701.63,4.4459
1322967.42,4.5024
1318480.58,4.5612
1297186.78,4.6203
1287149.33,4.6793
1268109.94,4.7386
1267510.49,4.7993
1255932.82,4.8607
1255797.08,4.9220
1230885.17,4.9832
1228006.84,5.0447
1227675.32,5.1053
1219540.74,5.1659
1206873.88,5.2529
1206869.45,5.2825
1206652.54,5.3129
1206476.19,5.3431
1206402.00,5.4047
1203028.12,5.4688
1200344.85,5.5041
1199949.22,5.7989
1199474.77,5.8034
