680823.61,0.0001
678907.57,0.0002
677576.18,0.0002
673432.92,0.0003
669528.80,0.0004
669295.55,0.0005
663527.30,0.0005
662520.22,0.0006
662095.18,0.0007
659913.68,0.0008
659269.79,0.0008
658801.51,0.0009
655649.14,0.0011
652946.35,0.0011
652685.38,0.0012
651482.23,0.0012
646484.17,0.0013
646331.30,0.0015
643008.60,0.0015
638873.11,0.0018
632672.78,0.0018
632503.14,0.0018
631559.43,0.0018
629037.21,0.0019
628364.31,0.0019
627201.28,0.0019
625953.47,0.0020
624103.02,0.0022
623955.84,0.0023
623714.15,0.0024
623004.23,0.0025
620267.60,0.0027
618110.51,0.0028
609845.70,0.0028
608700.06,0.0032
608690.42,0.0036
604926.00,0.0037
603619.71,0.0039
602915.08,0.0041
600349.03,0.0044
599935.13,0.0044
599320.53,0.0045
598791.67,0.0046
597018.70,0.0046
595241.04,0.0047
592982.92,0.0050
590943.36,0.0050
589644.26,0.0050
589333.22,0.0050
589100.33,0.0054
589068.96,0.0055
588958.92,0.0056
586123.86,0.0056
585137.53,0.0056
585038.37,0.0060
584333.52,0.0060
584003.77,0.0060
582991.06,0.0061
582269.87,0.0062
581768.67,0.0062
580926.73,0.0064
580185.83,0.0066
579846.19,0.0068
579074.39,0.0073
573693.37,0.0074
557658.52,0.0079
550795.40,0.0079
548345.23,0.0079
547695.40,0.0081
545569.24,0.0081
545536.39,0.0083
544751.02,0.0085
544728.47,0.0088
544321.53,0.0088
543773.12,0.0088
543731.02,0.0088
543362.55,0.0090
540812.77,0.0093
540100.23,0.0093
539606.27,0.0094
539133.52,0.0095
537035.58,0.0100
536865.27,0.0100
518797.09,0.0101
517525.14,0.0102
517407.12,0.0103
516972.95,0.0103
516875.87,0.0104
516706.61,0.0104
516664.11,0.0105
515834.76,0.0106
509867.88,0.0106
509614.31,0.0106
508827.98,0.0107
508726.12,0.0107
508491.21,0.0109
505304.81,0.0109
504453.35,0.0110
504306.03,0.0113
504116.40,0.0118
502517.30,0.0118
502243.47,0.0118
501809.84,0.0119
500803.97,0.0120
500148.10,0.0124
498786.11,0.0125
498750.90,0.0126
497712.41,0.0127
497568.47,0.0128
496084.92,0.0128
494851.10,0.0131
494648.74,0.0132
490452.06,0.0132
489888.09,0.0133
488606.97,0.0134
487169.16,0.0134
486805.47,0.0135
486010.70,0.0136
485164.25,0.0137
483035.75,0.0143
477813.22,0.0149
474667.60,0.0149
472854.97,0.0149
472056.78,0.0153
470215.46,0.0154
470149.65,0.0154
468695.55,0.0155
468017.32,0.0161
461326.64,0.0168
461298.14,0.0171
459900.34,0.0175
458639.75,0.0181
456434.09,0.0181
453908.05,0.0188
453772.30,0.0188
452948.70,0.0189
452779.43,0.0189
450513.78,0.0189
450395.01,0.0190
450169.66,0.0190
449241.32,0.0190
448562.40,0.0191
446411.37,0.0194
446259.85,0.0199
445669.27,0.0205
443480.84,0.0209
440248.17,0.0215
440141.57,0.0217
438251.55,0.0217
437353.23,0.0219
435606.77,0.0220
434032.89,0.0220
434021.95,0.0223
433402.04,0.0225
433200.57,0.0228
430179.06,0.0235
428914.02,0.0235
427729.96,0.0239
425386.39,0.0241
424835.66,0.0241
424616.99,0.0245
423719.14,0.0253
423423.03,0.0253
422862.90,0.0253
421842.90,0.0257
421826.06,0.0257
420696.31,0.0257
420538.45,0.0257
417713.28,0.0258
415827.41,0.0265
412829.68,0.0267
412281.53,0.0270
409505.05,0.0271
408420.17,0.0274
406155.97,0.0281
405227.49,0.0282
403297.90,0.0282
401239.48,0.0283
400606.37,0.0290
392972.51,0.0291
392610.89,0.0298
391551.66,0.0298
391495.21,0.0307
390786.88,0.0307
386765.13,0.0307
383689.48,0.0309
381696.44,0.0311
380629.24,0.0319
380500.13,0.0327
375126.31,0.0327
373219.37,0.0329
372250.02,0.0332
370056.24,0.0333
369787.54,0.0339
365252.23,0.0339
364705.65,0.0340
362878.22,0.0340
361969.05,0.0350
355391.06,0.0358
354683.06,0.0360
353913.83,0.0361
351279.88,0.0361
350835.72,0.0362
349766.38,0.0363
348468.37,0.0364
347652.48,0.0365
343965.22,0.0367
343894.87,0.0375
343061.99,0.0383
342094.44,0.0383
339411.85,0.0392
336502.96,0.0392
335815.35,0.0396
331397.63,0.0399
330925.02,0.0408
328431.06,0.0417
327914.53,0.0420
327715.92,0.0423
327217.39,0.0424
326910.98,0.0425
322209.35,0.0429
321147.10,0.0429
320835.67,0.0433
319302.30,0.0433
318926.84,0.0437
318231.52,0.0444
317720.72,0.0444
317588.41,0.0449
317347.82,0.0453
317287.13,0.0457
316243.05,0.0458
315933.43,0.0462
315493.25,0.0471
315387.79,0.0471
310582.58,0.0472
309365.64,0.0472
309029.10,0.0473
307617.96,0.0474
307515.42,0.0474
306806.38,0.0474
306762.59,0.0475
306144.29,0.0475
305505.26,0.0476
305293.64,0.0476
304767.44,0.0477
304576.05,0.0477
304519.96,0.0478
304420.76,0.0479
301437.54,0.0480
301099.52,0.0489
299874.03,0.0499
299329.89,0.0509
296657.56,0.0513
293321.73,0.0523
293267.41,0.0527
291364.56,0.0536
289755.38,0.0536
286203.26,0.0537
285268.58,0.0538
285030.65,0.0539
284764.59,0.0539
284389.33,0.0540
284086.63,0.0540
282657.31,0.0541
281467.82,0.0542
280343.78,0.0543
280244.87,0.0543
279652.52,0.0544
278519.00,0.0553
278416.78,0.0559
277583.56,0.0560
276710.40,0.0560
276511.79,0.0565
276134.44,0.0571
275835.32,0.0576
275725.22,0.0581
275486.02,0.0586
274978.10,0.0590
274358.89,0.0595
273391.49,0.0605
272151.19,0.0615
271924.68,0.0615
271032.36,0.0625
270916.12,0.0636
270751.55,0.0636
270296.62,0.0640
269422.40,0.0645
269138.29,0.0650
268835.59,0.0661
268781.62,0.0672
268495.49,0.0672
266535.69,0.0672
264995.42,0.0683
264691.23,0.0683
263781.71,0.0684
263320.72,0.0684
263161.16,0.0695
260202.86,0.0695
257548.92,0.0707
257176.36,0.0723
256200.02,0.0734
255377.36,0.0749
255255.26,0.0764
255023.82,0.0780
252412.28,0.0803
252313.40,0.0831
252096.53,0.0831
251846.49,0.0843
251739.43,0.0843
250334.45,0.0844
249000.22,0.0844
248209.02,0.0856
244322.35,0.0879
241905.94,0.0901
240243.07,0.0922
237961.56,0.0944
231625.20,0.0978
229880.88,0.1011
229820.96,0.1044
229612.16,0.1098
227569.08,0.1151
227376.59,0.1207
227113.72,0.1260
225575.72,0.1322
224775.14,0.1354
223538.92,0.1391
223410.90,0.1425
222582.33,0.1490
221336.00,0.1559
216610.03,0.1625
216372.84,0.1687
214734.50,0.1759
214399.00,0.1826
212935.40,0.1889
212452.30,0.1959
210301.70,0.2033
209357.14,0.2099
209281.56,0.2172
208587.10,0.2236
208422.81,0.2341
207708.90,0.2406
206138.28,0.2482
206052.78,0.2560
205392.77,0.2633
205113.42,0.2844
204709.46,0.3053
204645.24,0.3257
204044.49,0.3464
203690.15,0.3684
203663.58,0.3902
203486.81,0.4137
203407.09,0.4396
203086.72,0.4653
202898.91,0.4914
202577.38,0.5192
202256.60,0.5422
201830.38,0.5652
199994.93,0.5880
199347.93,0.6109
198062.31,0.6374
197735.71,0.6659
197437.01,0.6935
197355.69,0.7194
196222.59,0.7466
196150.70,0.7745
196039.45,0.8025
195871.62,0.8301
195608.08,0.8580
195179.87,0.8849
194730.93,0.9127
194587.93,0.9417
193604.38,0.9710
192651.88,0.9999
191936.67,1.0291
191065.66,1.0602
190809.49,1.0896
190245.24,1.1196
190054.86,1.1492
190027.38,1.1790
189969.14,1.2094
189432.14,1.2389
188993.89,1.2698
188986.69,1.3010
188468.01,1.3321
188330.48,1.3603
187982.63,1.3916
187423.98,1.4206
187354.47,1.4528
187071.82,1.4814
186529.65,1.5125
186344.69,1.5435
186014.55,1.5777
185722.22,1.6116
184386.55,1.6451
183632.05,1.6797
183407.37,1.7153
182467.57,1.7514
181767.45,1.7874
181651.08,1.8239
181547.20,1.8627
181531.77,1.9031
181320.00,1.9407
180713.48,1.9822
179758.46,2.0233
179349.14,2.0673
178288.10,2.1119
176957.98,2.1562
176687.10,2.2010
175695.32,2.2458
174730.72,2.2899
174439.43,2.3340
173678.21,2.3784
173382.01,2.4229
172035.94,2.4676
171800.99,2.5125
171373.44,2.5566
171129.28,2.6008
171052.92,2.6453
169884.12,2.6905
169754.42,2.7372
169025.47,2.7832
162408.40,2.8308
161593.97,2.8772
161495.27,2.9256
161116.19,2.9738
160409.23,3.0212
160277.81,3.0672
160237.29,3.1134
154494.42,3.1606
154154.26,3.2092
153801.25,3.2525
153692.24,3.2955
153462.58,3.3364
153171.74,3.3784
153159.21,3.4227
152574.97,3.4723
151077.61,3.5234
151069.78,3.5746
150351.58,3.6263
148512.91,3.6779
147990.82,3.7288
147958.61,3.7801
147430.95,3.8322
146352.45,3.8865
145820.17,3.9421
145340.83,3.9971
144843.33,4.0534
143634.85,4.1085
142772.14,4.1642
142259.31,4.2192
141760.45,4.2755
140354.63,4.3311
138229.97,4.3880
137392.86,4.4440
135491.69,4.9200
135468.75,5.9751
135414.54,5.9957
135160.90,7.6379
135157.17,9.5745
