701040.10,48
685724.39,38
710780.87,22
683234.89,32
682566.43,35
688909.98,22
690888.28,31
698687.12,27
681585.56,43
676896.66,32
674950.95,29
673357.87,33
692060.82,34
679598.25,29
672600.10,23
678150.00,30
682083.27,32
695887.42,21
696676.96,23
687144.68,26
680131.45,31
678326.85,43
684311.25,36
685966.30,23
672659.76,31
671729.43,35
683273.82,23
677439.21,33
689167.75,26
690642.93,47
694802.28,26
682211.77,24
680905.30,27
670220.58,22
684282.43,46
690604.23,38
679053.04,47
697347.39,49
680580.17,21
700170.51,31
674341.20,24
705503.77,32
684944.47,27
694534.08,40
686000.23,42
678212.89,40
680913.68,31
693188.83,28
695937.40,28
698901.75,31
