1197297.55,20
1177206.39,21
1234164.96,13
1241031.40,14
1209166.54,10
1252671.54,12
1207832.60,19
1208020.38,23
1212648.44,17
1207959.26,12
1335355.93,18
1210471.23,32
1253380.53,16
1176211.02,28
1220229.96,26
1225909.07,19
1206366.97,36
1197297.55,21
1208234.84,11
1187164.85,14
1253269.24,14
1192655.58,28
1187224.65,18
1197297.55,39
1205841.84,37
1265992.86,18
1206973.56,26
1220190.89,23
1253374.43,11
1193699.44,14
1214084.32,18
1226536.52,30
1177731.52,19
1191917.67,25
1198035.46,21
1177206.39,13
1191977.48,13
1227089.88,16
1194023.77,17
1177206.39,15
1252502.86,22
1177266.20,11
1176151.22,21
1276212.70,20
1197822.67,28
1179323.81,27
1219626.07,23
1187164.85,18
1250722.33,24
1196980.28,20
