1276072.66,4
1218105.52,7
1301932.19,11
1220194.18,15
1216618.59,18
1199636.11,22
1233832.34,25
1240117.93,30
1178066.61,35
1211855.76,38
1258243.18,42
1176211.02,47
1245079.69,50
1205272.39,54
1246281.15,60
1283826.93,64
1290121.39,67
1298728.41,73
1363441.43,77
1219253.30,80
1237559.93,83
1213893.91,87
1220247.57,92
1231977.29,94
1210411.83,99
1311059.33,102
1179881.30,106
1254671.36,110
1288271.11,113
1277228.25,116
1200730.09,120
1261273.30,124
1243115.28,126
1279981.85,130
1210835.64,133
1232367.29,137
1253323.16,139
1245792.60,141
1233140.72,146
1269639.49,150
1179539.33,152
1196156.54,157
1244410.13,161
1275969.71,165
1259357.46,168
1238375.84,171
1229485.69,174
1236230.90,177
1248555.71,181
1251278.50,184
