4745359.07,0.0009
4484514.39,0.0009
4457728.78,0.0009
4252129.02,0.0009
4245379.57,0.0009
4056433.05,0.0010
4041268.87,0.0010
3824502.01,0.0010
3784216.14,0.0010
3765474.46,0.0011
3702939.68,0.0012
3653494.82,0.0013
3543271.13,0.0014
3524680.90,0.0015
3314764.04,0.0016
3143255.75,0.0017
3134318.32,0.0019
3095543.22,0.0020
3093126.84,0.0021
3048787.42,0.0022
2986270.69,0.0023
2966270.35,0.0024
2964743.85,0.0025
2954113.30,0.0027
2939089.18,0.0028
2859602.75,0.0029
2580633.97,0.0031
2530135.18,0.0034
2441284.98,0.0036
2425449.04,0.0039
2373817.89,0.0042
2362352.91,0.0044
2314991.09,0.0046
2235422.57,0.0050
2229683.19,0.0053
2209489.74,0.0056
2003762.67,0.0060
