2377159.60,0.0014
2345053.08,0.0014
2328772.88,0.0014
2327230.20,0.0014
2321412.76,0.0014
2293784.30,0.0014
2293359.12,0.0014
2278575.14,0.0014
2235406.70,0.0015
2209814.06,0.0015
2202230.38,0.0015
2198224.66,0.0016
2149539.11,0.0016
2129511.14,0.0017
2120319.23,0.0017
2084427.65,0.0017
2065495.38,0.0018
2046861.70,0.0018
2009049.04,0.0019
1985530.04,0.0020
1981115.61,0.0021
1949812.28,0.0022
1928217.69,0.0023
1772894.88,0.0025
1745586.40,0.0026
1725979.85,0.0027
1723957.93,0.0029
1671174.60,0.0031
1669881.27,0.0032
1648002.28,0.0035
1635494.10,0.0038
1616518.49,0.0041
1615390.73,0.0048
1602520.51,0.0055
1587550.03,0.0063
1583480.94,0.0071
1548184.72,0.0078
1540804.18,0.0088
1533105.95,0.0095
1532997.88,0.0102
1524889.85,0.0108
1524756.71,0.0115
1522028.79,0.0122
1516303.47,0.0130
1513316.63,0.0138
1511716.47,0.0149
1504748.17,0.0160
1503715.71,0.0167
1500752.66,0.0174
1495928.59,0.0181
1495927.57,0.0190
1477769.99,0.0201
1434524.41,0.0211
1434141.67,0.0221
1430836.44,0.0232
1430134.38,0.0241
1418707.75,0.0255
1396189.81,0.0267
1393281.77,0.0278
1391364.75,0.0290
1388214.75,0.0301
1381622.49,0.0313
1380470.58,0.0319
1364027.28,0.0327
1354954.45,0.0334
1352704.39,0.0342
1342494.72,0.0349
1335213.42,0.0357
1323913.03,0.0365
1316532.48,0.0372
1314023.04,0.0379
1307993.31,0.0392
1287231.09,0.0404
1271763.65,0.0420
1235259.17,0.0434
1234585.52,0.0448
1231677.48,0.0460
1229958.76,0.0472
1215756.05,0.0484
1213731.29,0.0497
1195313.21,0.0510
1195087.92,0.0524
1187923.17,0.0539
1178132.47,0.0552
1176229.33,0.0568
1153515.34,0.0583
1145881.34,0.0599
1132361.53,0.0612
1129881.00,0.0628
1126835.18,0.0642
1108055.59,0.0657
1057317.16,0.0675
1044787.60,0.0692
1041640.90,0.0708
1032501.50,0.0724
1026779.18,0.0742
1023912.66,0.0759
1019458.76,0.0777
980474.32,0.0794
978911.41,0.0810
978481.87,0.0826
978151.45,0.0843
977791.14,0.0859
974982.35,0.0875
974972.44,0.0892
960569.43,0.0910
960551.57,0.0929
945846.84,0.0947
931945.81,0.0965
