226686.28,0.0009
220210.41,0.0009
218942.58,0.0009
216084.09,0.0009
214529.51,0.0010
214499.96,0.0010
211417.24,0.0010
208528.16,0.0010
207527.39,0.0011
207378.26,0.0011
195453.21,0.0011
194775.97,0.0013
194765.78,0.0013
193492.82,0.0014
188342.83,0.0014
187456.99,0.0015
186966.37,0.0016
184582.31,0.0016
183155.29,0.0017
177951.42,0.0019
176945.17,0.0020
173752.22,0.0022
166573.71,0.0023
164247.11,0.0025
163505.76,0.0027
163158.87,0.0028
155523.61,0.0030
155253.41,0.0034
154982.96,0.0035
154933.52,0.0037
152892.78,0.0038
151822.85,0.0040
150267.40,0.0041
147964.67,0.0043
146395.97,0.0044
146121.59,0.0046
144689.73,0.0047
139972.41,0.0049
139638.75,0.0051
139607.75,0.0052
139595.34,0.0054
138469.97,0.0055
138409.21,0.0057
138407.29,0.0059
137307.50,0.0061
135681.03,0.0062
135659.16,0.0065
134990.30,0.0067
134952.09,0.0070
134619.22,0.0072
133981.93,0.0075
132883.68,0.0078
131632.32,0.0081
129689.08,0.0085
122624.50,0.0087
122452.45,0.0091
122074.22,0.0094
121488.20,0.0097
120381.52,0.0100
119125.34,0.0104
118644.56,0.0106
118188.40,0.0110
117488.72,0.0114
117421.62,0.0118
115543.15,0.0123
115231.25,0.0127
115081.63,0.0131
114862.11,0.0135
113618.56,0.0140
112880.19,0.0145
112807.79,0.0150
112405.17,0.0157
112298.10,0.0163
112138.75,0.0170
111267.12,0.0176
109573.93,0.0183
109503.15,0.0190
108736.52,0.0198
108338.20,0.0205
108204.91,0.0214
107938.36,0.0223
107820.17,0.0231
107745.45,0.0237
107131.84,0.0246
106886.86,0.0252
106070.74,0.0258
105981.85,0.0264
105630.85,0.0274
105584.07,0.0284
105186.59,0.0294
104862.02,0.0303
103770.35,0.0312
103734.03,0.0321
102121.69,0.0330
101527.04,0.0340
101305.93,0.0349
100953.68,0.0360
100820.38,0.0370
100771.56,0.0380
100548.01,0.0391
100270.37,0.0401
99972.62,0.0413
99340.30,0.0424
98514.31,0.0436
97081.03,0.0447
96677.96,0.0458
96170.16,0.0469
96162.05,0.0480
95358.87,0.0491
94990.52,0.0502
93524.26,0.0514
93441.62,0.0526
93111.44,0.0537
93090.71,0.0549
92822.44,0.0563
92410.04,0.0578
84488.33,0.0593
83999.34,0.0609
83549.03,0.0624
83019.21,0.0639
82850.69,0.0650
82739.73,0.0661
82543.47,0.0677
82378.40,0.0688
82110.13,0.0701
81360.92,0.0719
81150.66,0.0736
81113.81,0.0753
75981.21,0.0769
75497.79,0.0785
74546.95,0.0801
74462.98,0.0817
74372.26,0.0835
73050.42,0.0852
72666.61,0.0871
72456.35,0.0888
71468.99,0.0911
70488.03,0.0928
69825.12,0.0946
69525.92,0.0972
68877.37,0.0997
68208.45,0.1023
67542.29,0.1048
66885.58,0.1074
66325.20,0.1100
66291.58,0.1126
65632.09,0.1153
64793.28,0.1180
64661.62,0.1215
64515.50,0.1249
64305.57,0.1283
63167.80,0.1317
62587.18,0.1356
58778.78,0.1392
58739.45,0.1429
58736.08,0.1465
58720.40,0.1500
58712.95,0.1536
58364.69,0.1571
57852.88,0.1607
57742.92,0.1643
57605.59,0.1678
57514.88,0.1713
57386.84,0.1750
57014.44,0.1787
56471.53,0.1822
56270.21,0.1858
55337.75,0.1895
54702.77,0.1931
