599843.25,0.0008
595360.76,0.0008
595028.31,0.0008
591275.73,0.0008
590003.51,0.0009
589994.56,0.0009
588037.22,0.0009
587063.20,0.0009
584530.40,0.0009
578447.90,0.0010
577526.44,0.0010
577419.05,0.0011
577154.63,0.0011
575813.98,0.0012
574487.21,0.0012
565979.95,0.0012
563299.09,0.0012
561862.70,0.0012
560389.79,0.0013
558177.71,0.0013
558120.71,0.0014
545736.84,0.0014
544171.02,0.0014
543332.76,0.0014
542862.23,0.0015
542847.74,0.0015
531613.01,0.0015
530093.25,0.0016
530041.28,0.0016
528005.99,0.0016
527964.18,0.0017
527125.96,0.0018
526854.19,0.0018
525666.24,0.0018
521764.88,0.0018
521427.62,0.0020
520129.25,0.0020
518734.27,0.0020
515845.42,0.0021
515788.75,0.0021
501220.72,0.0021
500178.13,0.0021
498417.70,0.0022
497990.59,0.0023
496617.18,0.0025
496492.02,0.0029
496412.82,0.0033
494192.91,0.0037
484748.29,0.0043
483614.75,0.0047
483473.79,0.0055
480620.12,0.0069
480157.79,0.0077
480143.64,0.0089
479915.44,0.0097
479509.09,0.0109
479467.60,0.0118
479221.44,0.0130
479080.47,0.0138
478546.86,0.0151
478535.71,0.0152
477302.67,0.0152
477112.17,0.0152
476199.44,0.0158
476067.64,0.0162
475957.58,0.0176
474791.39,0.0188
474513.39,0.0196
473382.52,0.0208
473117.39,0.0220
472976.42,0.0228
468909.38,0.0242
468734.43,0.0251
468656.45,0.0266
464552.77,0.0280
464213.19,0.0295
462378.77,0.0308
460012.46,0.0323
459816.50,0.0338
458227.08,0.0353
457182.03,0.0367
457092.02,0.0382
457039.41,0.0396
453150.75,0.0410
452053.24,0.0425
451956.02,0.0439
451204.46,0.0454
449576.09,0.0468
447136.52,0.0483
443926.41,0.0500
441619.73,0.0520
440609.79,0.0539
439669.64,0.0558
438629.59,0.0577
433928.91,0.0594
433379.06,0.0614
432243.53,0.0632
429836.38,0.0650
424646.74,0.0668
424242.11,0.0688
420348.87,0.0706
420277.08,0.0725
420008.88,0.0743
418470.61,0.0762
416443.47,0.0781
415561.14,0.0799
412249.36,0.0818
409994.70,0.0837
409194.08,0.0856
404148.66,0.0874
393502.38,0.0892
391442.80,0.0910
390024.16,0.0927
386678.94,0.0946
385173.62,0.0963
384346.30,0.0981
382520.98,0.1002
382337.37,0.1022
372108.76,0.1044
370930.63,0.1067
370269.70,0.1089
369739.27,0.1112
359778.71,0.1135
358270.11,0.1157
358265.74,0.1179
357931.76,0.1201
346987.29,0.1224
345693.35,0.1247
343772.85,0.1272
343639.21,0.1295
338534.51,0.1317
338054.47,0.1339
336514.89,0.1367
336327.53,0.1386
336286.16,0.1408
336164.93,0.1425
335630.72,0.1440
335550.71,0.1457
334524.62,0.1471
333899.31,0.1487
333708.58,0.1501
333623.11,0.1516
332064.38,0.1533
332001.29,0.1535
331532.72,0.1539
331434.19,0.1547
330937.03,0.1552
330862.79,0.1556
330816.08,0.1561
329969.76,0.1565
329779.56,0.1572
329282.40,0.1576
329255.36,0.1583
328813.93,0.1588
328677.77,0.1595
328657.42,0.1601
328317.68,0.1607
328217.48,0.1615
327443.83,0.1623
326724.17,0.1628
326328.59,0.1635
325700.22,0.1641
323543.43,0.1651
323535.84,0.1659
323285.25,0.1672
322507.90,0.1680
322181.91,0.1692
321738.30,0.1706
321564.09,0.1720
320918.53,0.1733
320464.45,0.1745
319642.60,0.1758
316725.29,0.1771
315966.70,0.1783
315597.87,0.1795
315572.51,0.1807
315453.54,0.1820
315428.09,0.1833
315158.40,0.1846
314597.24,0.1859
313497.14,0.1872
313182.80,0.1885
311983.98,0.1898
310255.84,0.1911
309700.64,0.1925
309144.23,0.1938
302855.02,0.1951
302847.42,0.1959
302351.11,0.1974
302314.09,0.1982
302145.53,0.1990
301818.48,0.2006
300916.59,0.2027
297098.20,0.2047
295837.43,0.2068
295579.16,0.2088
294928.39,0.2108
294267.97,0.2128
293282.20,0.2149
291630.14,0.2169
291489.82,0.2189
290827.41,0.2208
289674.32,0.2219
289666.73,0.2228
289410.91,0.2234
288789.69,0.2241
288166.47,0.2248
288158.49,0.2255
288019.15,0.2264
287992.10,0.2270
287883.63,0.2289
286799.06,0.2309
284725.75,0.2329
284691.34,0.2348
283987.96,0.2365
282000.33,0.2386
281695.25,0.2408
280602.24,0.2430
279455.07,0.2453
274176.54,0.2479
270488.83,0.2506
270083.69,0.2533
269965.08,0.2558
269600.26,0.2579
268052.97,0.2600
266520.90,0.2623
266054.64,0.2645
265282.60,0.2666
263997.99,0.2688
263861.64,0.2713
263470.17,0.2735
261664.91,0.2762
258539.51,0.2789
255904.55,0.2817
250108.54,0.2846
247767.41,0.2874
246014.90,0.2900
245135.97,0.2928
243221.97,0.2956
242460.87,0.2984
240621.79,0.3012
239814.28,0.3039
239766.54,0.3067
239517.00,0.3096
236136.51,0.3123
235741.20,0.3150
228738.90,0.3177
222490.93,0.3204
220161.86,0.3232
216252.34,0.3258
212058.72,0.3286
211122.73,0.3308
210839.13,0.3335
210514.17,0.3358
209977.22,0.3380
208157.37,0.3407
208149.30,0.3435
208054.31,0.3462
207685.31,0.3489
205329.66,0.3518
203141.74,0.3548
200990.93,0.3574
194098.39,0.3600
194085.64,0.3628
193496.92,0.3656
193456.58,0.3683
192956.64,0.3710
192581.79,0.3742
192196.69,0.3772
191539.58,0.3807
189172.80,0.3842
188619.37,0.3872
188410.87,0.3903
181200.26,0.3938
180957.09,0.3968
180041.07,0.4000
177312.24,0.4039
176670.44,0.4070
176461.93,0.4100
172980.22,0.4137
168838.27,0.4175
165544.29,0.4213
164439.05,0.4249
162887.24,0.4287
161892.87,0.4325
160246.28,0.4363
159333.18,0.4400
157948.39,0.4437
155622.21,0.4475
151351.96,0.4514
150588.27,0.4550
149647.31,0.4590
149590.36,0.4632
148254.89,0.4674
147875.02,0.4711
147138.39,0.4746
145858.36,0.4786
142765.20,0.4825
142648.25,0.4865
142462.60,0.4906
141944.44,0.4947
141635.39,0.4987
139950.00,0.5027
137298.38,0.5067
135584.49,0.5108
135005.70,0.5152
133939.68,0.5195
133302.71,0.5238
133210.05,0.5287
131402.66,0.5337
131173.76,0.5386
130359.90,0.5437
128115.86,0.5487
126875.96,0.5537
124197.59,0.5589
121413.65,0.5645
120039.17,0.5704
119648.42,0.5762
118104.08,0.5819
116854.76,0.5882
116624.74,0.5940
115373.78,0.6005
115260.42,0.6073
114367.95,0.6140
113982.94,0.6212
113842.73,0.6280
113462.00,0.6351
113232.11,0.6423
112993.34,0.6497
112394.36,0.6572
112170.29,0.6644
111694.16,0.6714
111326.99,0.6793
110951.75,0.6870
110812.64,0.6945
110721.13,0.7019
110690.75,0.7090
110598.44,0.7162
109847.50,0.7236
109100.54,0.7310
108745.25,0.7387
108573.87,0.7464
107228.96,0.7543
107134.45,0.7619
107004.58,0.7699
105447.91,0.7778
105366.03,0.7860
105336.16,0.7943
105322.57,0.8026
104678.38,0.8110
104677.34,0.8196
104577.43,0.8292
104230.26,0.8377
104163.56,0.8462
104149.97,0.8549
103705.24,0.8634
103704.21,0.8717
103604.29,0.8799
103491.92,0.8884
103478.33,0.8966
103287.82,0.9055
