7738104.16,0.0010
7476212.45,0.0010
7456477.73,0.0011
7428652.10,0.0011
7424828.55,0.0011
7109871.05,0.0011
7098055.25,0.0014
7061831.79,0.0016
6740023.46,0.0018
6647607.07,0.0020
6644540.49,0.0023
6641341.30,0.0026
6608050.64,0.0028
6586839.85,0.0030
6526915.47,0.0032
6507765.79,0.0034
6365047.43,0.0036
6300295.94,0.0039
6289277.40,0.0045
6118233.03,0.0050
5983445.93,0.0056
5964035.83,0.0062
5861112.14,0.0067
5809345.56,0.0072
5781791.72,0.0077
5763298.73,0.0082
5573714.91,0.0088
5540854.72,0.0093
5511565.69,0.0099
5511506.50,0.0100
5489741.37,0.0106
5488486.43,0.0108
5435717.46,0.0113
5386765.31,0.0118
5335482.89,0.0124
5334878.24,0.0126
5311128.45,0.0133
5274413.28,0.0135
5254669.12,0.0143
5230418.41,0.0153
5211785.79,0.0163
5158477.34,0.0174
5152002.34,0.0181
5099216.39,0.0191
5086696.35,0.0199
5052285.65,0.0208
4973585.61,0.0217
4879238.62,0.0226
4859245.46,0.0234
4825214.55,0.0243
4781821.60,0.0251
4760532.08,0.0259
4759564.03,0.0268
4751285.14,0.0277
4725869.36,0.0286
4709902.89,0.0294
4690870.36,0.0303
4661190.85,0.0311
4635813.72,0.0320
4593552.38,0.0329
4568420.03,0.0337
4564161.77,0.0347
4552572.68,0.0355
4541514.68,0.0364
4520038.52,0.0372
4407516.76,0.0380
4400294.63,0.0390
4323870.88,0.0400
4279272.12,0.0410
4236478.77,0.0420
4216557.16,0.0430
4191900.81,0.0440
4180769.12,0.0450
4130093.50,0.0461
4128918.76,0.0471
4078108.10,0.0482
4071752.67,0.0492
4039274.54,0.0503
3968620.46,0.0514
3883565.58,0.0525
3863910.61,0.0534
3809378.59,0.0547
3768648.24,0.0559
3750164.19,0.0569
3733293.12,0.0579
3703509.52,0.0589
3634597.04,0.0600
3584398.60,0.0611
3526640.49,0.0621
3517416.03,0.0634
3516045.92,0.0644
3512671.86,0.0654
3494048.88,0.0665
3473961.42,0.0675
3434694.31,0.0686
3344743.76,0.0696
3343620.05,0.0706
3285312.01,0.0718
3281287.31,0.0729
3245133.18,0.0740
3193513.91,0.0754
3127203.02,0.0767
3124514.85,0.0780
3102547.77,0.0793
3079409.95,0.0807
3054831.65,0.0820
3042412.93,0.0832
3021842.80,0.0850
3002288.48,0.0865
2970787.63,0.0880
2969867.93,0.0890
2949081.98,0.0904
2944374.61,0.0915
2929797.50,0.0929
2908640.06,0.0942
2897538.87,0.0956
2882900.54,0.0969
2861288.31,0.0981
2804188.74,0.0995
2794974.87,0.1008
2785302.72,0.1023
2771389.88,0.1038
2720134.62,0.1054
2705449.41,0.1069
2694517.80,0.1085
2683069.49,0.1100
2661760.94,0.1117
2627545.75,0.1136
2627040.26,0.1153
2587442.87,0.1170
2583015.21,0.1188
2573100.48,0.1206
2559077.66,0.1223
2551188.84,0.1240
2537071.89,0.1259
2524551.64,0.1279
2491169.17,0.1298
2463121.16,0.1320
2453140.72,0.1340
2437650.71,0.1359
2418569.45,0.1377
2405824.05,0.1396
2372828.00,0.1415
2344897.03,0.1435
2335336.51,0.1455
2325080.58,0.1476
2315722.07,0.1499
2299011.04,0.1520
2280369.56,0.1539
2272492.72,0.1559
2263540.84,0.1579
2259996.14,0.1599
2258390.89,0.1620
2254507.82,0.1642
2252667.36,0.1666
2251427.51,0.1693
2248601.39,0.1719
2233565.97,0.1745
2226534.66,0.1774
2222024.66,0.1801
2207425.79,0.1830
2195823.81,0.1859
2194591.80,0.1887
2109891.21,0.1918
2101944.63,0.1951
2101752.56,0.1983
2030115.08,0.2016
2022343.69,0.2049
2003765.65,0.2083
1993902.69,0.2115
1993479.50,0.2150
1931258.62,0.2181
1929786.08,0.2213
1926603.21,0.2245
1903886.83,0.2278
1893044.02,0.2318
1857996.48,0.2359
1847273.31,0.2397
1844501.45,0.2439
1831726.93,0.2485
1808986.19,0.2531
1805570.22,0.2578
1799851.42,0.2598
1778493.17,0.2622
1770653.94,0.2673
1754762.08,0.2722
1744710.93,0.2772
1733798.65,0.2823
1716208.63,0.2872
1714800.79,0.2926
1710706.66,0.2979
1708060.65,0.3035
1672734.56,0.3089
1672453.18,0.3144
1666164.23,0.3198
1659835.75,0.3252
1658826.07,0.3267
1644698.91,0.3281
1643876.04,0.3335
1633340.12,0.3390
1630448.93,0.3444
1621184.60,0.3498
1611348.04,0.3557
1606814.67,0.3615
1594102.07,0.3673
1572711.97,0.3732
1571849.08,0.3791
