4583476.68,0.0007
4298074.42,0.0007
4281076.23,0.0007
4257034.01,0.0007
4246538.08,0.0008
4218007.76,0.0008
4177519.61,0.0008
4171211.90,0.0009
4164306.79,0.0009
4135004.73,0.0009
4127708.38,0.0009
4127111.68,0.0010
4083646.65,0.0010
4073290.04,0.0010
4050568.98,0.0010
3753261.37,0.0010
3744590.74,0.0011
3737980.46,0.0011
3737409.99,0.0011
3734071.98,0.0011
3713958.60,0.0011
3699628.86,0.0012
3697200.08,0.0012
3696470.23,0.0012
3695705.27,0.0013
3681584.65,0.0013
3680937.97,0.0013
3678112.00,0.0013
3671169.20,0.0014
3661858.31,0.0015
3628006.55,0.0015
3626294.94,0.0015
3582447.29,0.0016
3566973.74,0.0018
3557617.18,0.0020
3545773.73,0.0022
3538080.05,0.0024
3532014.69,0.0025
3520722.66,0.0026
3508814.44,0.0027
3502432.99,0.0030
3495786.68,0.0033
3493470.98,0.0033
3491992.40,0.0033
3424234.70,0.0035
3422041.05,0.0035
3411234.04,0.0036
3410666.28,0.0038
3398974.75,0.0040
3398561.34,0.0045
3393942.26,0.0049
3390070.55,0.0050
3389613.90,0.0054
3375449.41,0.0055
3372788.21,0.0056
3370422.04,0.0057
3352695.23,0.0059
3331940.99,0.0061
2972155.54,0.0065
2971175.67,0.0069
2969289.03,0.0071
2593646.10,0.0078
2582858.02,0.0078
2576960.89,0.0078
2575312.05,0.0082
2574891.42,0.0083
2565525.57,0.0087
2560108.77,0.0089
2507615.28,0.0094
2490064.53,0.0098
2485191.58,0.0101
2299696.07,0.0105
2297901.59,0.0105
2288645.23,0.0109
2271639.62,0.0114
2233831.87,0.0119
2224611.94,0.0119
2214320.72,0.0119
2214271.99,0.0122
2197954.91,0.0127
2192423.15,0.0130
2179894.31,0.0131
2077904.37,0.0135
2056189.53,0.0141
2045730.43,0.0142
2045058.66,0.0142
2042824.44,0.0143
2037207.44,0.0146
2030347.67,0.0150
2022399.86,0.0155
2010372.45,0.0161
1969951.53,0.0168
1871827.49,0.0175
1869965.97,0.0181
1853983.16,0.0187
1802076.53,0.0195
1714210.97,0.0203
1705739.33,0.0213
1557736.38,0.0221
1530785.10,0.0230
1490693.04,0.0238
1490441.52,0.0249
1465103.07,0.0260
1462020.26,0.0270
1446771.60,0.0280
1438907.88,0.0291
