6984030.07,0.0008
6957335.59,0.0009
6933742.54,0.0009
6921071.02,0.0009
6916758.51,0.0009
6893762.70,0.0009
6885485.75,0.0010
6879218.07,0.0010
6879078.21,0.0010
6874685.41,0.0010
6873235.59,0.0011
6873147.30,0.0011
6869477.98,0.0011
6866484.62,0.0012
6843672.13,0.0012
6835814.32,0.0012
6833947.62,0.0013
6833468.22,0.0013
6832909.58,0.0014
6804789.45,0.0014
6795499.12,0.0014
6791635.31,0.0014
6783817.73,0.0015
6782964.06,0.0015
6774137.16,0.0016
6773755.76,0.0016
6758806.59,0.0017
6751854.46,0.0017
6740353.15,0.0017
6726241.88,0.0018
6724629.30,0.0018
6724060.43,0.0018
6717634.80,0.0018
6714252.85,0.0018
6711294.52,0.0019
6583772.75,0.0019
6578925.62,0.0020
6575617.85,0.0020
6563860.04,0.0021
6562843.74,0.0021
6554822.62,0.0022
6544438.44,0.0022
6542944.70,0.0022
6542808.44,0.0022
6534448.21,0.0024
6530805.86,0.0024
6524562.70,0.0024
6523469.99,0.0025
6518150.87,0.0025
6514668.56,0.0026
6500002.22,0.0026
6499982.94,0.0027
6493023.77,0.0028
6483739.07,0.0029
6466348.13,0.0029
6417388.21,0.0030
6403354.98,0.0030
6366393.88,0.0030
6357986.65,0.0030
6350970.03,0.0030
6345855.25,0.0030
6345518.83,0.0031
6337249.59,0.0031
6332868.86,0.0032
6332286.33,0.0032
6331177.25,0.0033
6323819.78,0.0033
6322780.96,0.0033
6316435.10,0.0035
6310230.82,0.0036
6303020.83,0.0037
6219756.56,0.0037
6205977.55,0.0037
6193963.74,0.0037
6179582.20,0.0037
6179343.26,0.0037
6174863.78,0.0037
6168545.24,0.0038
6167684.72,0.0039
6165920.17,0.0039
6130761.38,0.0039
6129855.32,0.0040
6126522.55,0.0041
6122638.65,0.0042
6099988.11,0.0042
6098232.82,0.0042
6088831.27,0.0042
6068670.78,0.0043
6067995.20,0.0043
6066440.35,0.0043
5991120.04,0.0044
5990570.34,0.0044
5984765.69,0.0044
5982804.84,0.0044
5867489.40,0.0045
5858342.37,0.0045
5855020.22,0.0047
5854593.39,0.0047
5853670.36,0.0047
5852969.52,0.0048
5848555.16,0.0048
5845205.86,0.0048
5828445.42,0.0049
5815233.24,0.0049
5801361.18,0.0050
5800028.23,0.0050
5784746.25,0.0050
5778396.33,0.0051
5771191.81,0.0051
5725796.36,0.0051
5724398.93,0.0051
5719903.81,0.0052
5711269.53,0.0052
5707924.95,0.0052
5705620.75,0.0052
5705524.89,0.0052
5704632.31,0.0053
5702801.65,0.0054
5690657.75,0.0055
5687870.85,0.0055
5680543.70,0.0056
5668287.61,0.0056
5667425.76,0.0057
5667087.15,0.0057
5663225.25,0.0057
5657730.65,0.0060
5648863.34,0.0062
5642592.78,0.0065
5641221.90,0.0065
5635705.25,0.0065
5631100.84,0.0068
5627273.61,0.0068
5591854.04,0.0068
5591280.55,0.0069
5590349.57,0.0069
5578314.11,0.0069
5564213.43,0.0069
5562653.35,0.0072
5558423.50,0.0075
5550056.26,0.0075
5548857.36,0.0075
5544705.21,0.0075
5534108.03,0.0076
5531192.70,0.0076
5522860.24,0.0076
5519676.00,0.0080
5516183.89,0.0082
5514704.27,0.0083
5512676.03,0.0085
5508935.45,0.0085
5503022.24,0.0086
5501645.49,0.0086
5500868.60,0.0086
5385680.84,0.0086
5381214.68,0.0086
5372877.25,0.0086
5364959.78,0.0086
5361545.76,0.0087
5297083.34,0.0087
5290783.05,0.0087
5282261.59,0.0087
5267274.87,0.0087
5266513.14,0.0088
5264524.92,0.0088
5261223.92,0.0089
5255442.11,0.0089
5255436.44,0.0089
5251217.04,0.0089
5246705.27,0.0089
5241624.08,0.0090
5233376.50,0.0093
5228370.80,0.0093
5219734.37,0.0096
5209896.73,0.0096
5206455.29,0.0096
5197991.39,0.0096
5189197.81,0.0097
5188719.61,0.0097
5174493.03,0.0100
5173926.61,0.0100
5169541.82,0.0103
5157408.14,0.0103
5154344.33,0.0104
5149349.29,0.0104
5147954.02,0.0104
5142706.38,0.0104
5136744.98,0.0104
5136557.86,0.0105
5133270.12,0.0105
5119695.52,0.0108
5119631.97,0.0108
5117334.94,0.0112
5115252.12,0.0117
5110763.33,0.0117
5110113.90,0.0117
5104367.37,0.0117
5094434.90,0.0117
5091974.25,0.0118
5081538.01,0.0118
5079964.62,0.0118
5000073.51,0.0119
4992399.96,0.0119
4957778.56,0.0119
4953216.68,0.0119
4945340.53,0.0119
4944136.30,0.0119
4940982.44,0.0120
4934224.00,0.0120
4933609.02,0.0120
4927969.65,0.0120
4896393.30,0.0120
4896208.06,0.0121
4892043.18,0.0121
4890887.27,0.0121
4881732.64,0.0122
4881403.34,0.0122
4877549.96,0.0122
4870238.23,0.0122
4867400.49,0.0126
4865452.80,0.0129
4860336.48,0.0134
4860159.12,0.0134
4857387.33,0.0139
4853530.39,0.0142
4851904.30,0.0145
4851037.95,0.0150
4850024.65,0.0150
4843430.63,0.0150
4838456.68,0.0156
4833892.05,0.0162
4833703.74,0.0168
4799175.21,0.0174
4797630.10,0.0181
4782517.05,0.0187
4781625.54,0.0193
4779276.90,0.0200
4777114.49,0.0206
4777027.00,0.0212
4765377.28,0.0218
4760977.75,0.0224
4717994.62,0.0230
4715810.87,0.0236
4713710.74,0.0242
4703420.22,0.0248
4701963.30,0.0254
4697511.53,0.0261
4686813.80,0.0267
4685805.76,0.0273
4681086.23,0.0279
4679291.03,0.0285
4677148.98,0.0296
4673839.71,0.0303
4668540.45,0.0310
4663799.80,0.0321
4657779.41,0.0327
4657098.61,0.0333
4656832.62,0.0339
4646475.28,0.0346
4644888.89,0.0353
4640569.95,0.0364
4612904.92,0.0371
4607165.74,0.0377
4606705.51,0.0383
4598393.48,0.0389
4596536.48,0.0396
4586986.29,0.0402
4574463.85,0.0409
4568894.94,0.0420
4563695.86,0.0426
4562045.62,0.0438
4555939.54,0.0444
4544364.87,0.0451
4542177.05,0.0457
4515592.66,0.0463
4514969.84,0.0469
4509041.22,0.0475
4505969.12,0.0483
4505788.41,0.0489
4499348.93,0.0495
4499291.81,0.0501
4492639.22,0.0507
4490595.70,0.0513
4490180.81,0.0519
4481291.70,0.0525
4474420.09,0.0531
4472504.62,0.0537
4472058.97,0.0543
4394192.49,0.0550
4393827.96,0.0556
4392929.22,0.0562
4386025.01,0.0569
4380779.70,0.0575
4375464.20,0.0581
4369657.02,0.0587
4366421.81,0.0594
4361674.79,0.0601
4360891.47,0.0607
4356045.95,0.0614
4353319.96,0.0619
4351795.61,0.0625
4350388.98,0.0631
4349423.85,0.0638
4337215.81,0.0644
4334705.68,0.0651
4334534.16,0.0657
4329291.35,0.0665
4328930.75,0.0672
4324350.28,0.0678
4310546.31,0.0684
4289709.70,0.0691
4288958.46,0.0697
4275963.17,0.0703
4274353.21,0.0710
4273754.88,0.0716
4266244.17,0.0722
4254632.68,0.0728
4252470.16,0.0734
4251625.68,0.0746
4242042.91,0.0758
4240799.00,0.0776
4239537.68,0.0795
4236446.78,0.0813
4235203.30,0.0833
4234796.03,0.0857
4234252.66,0.0881
4203265.28,0.0905
4196436.11,0.0928
4196019.17,0.0953
4181092.36,0.0977
4180487.80,0.1004
4179361.78,0.1027
4178162.15,0.1051
4176593.36,0.1080
4174932.19,0.1109
4173753.70,0.1138
4165519.86,0.1188
4164285.92,0.1239
4161132.70,0.1289
4159485.38,0.1339
4155932.22,0.1386
4151960.27,0.1440
4150314.01,0.1499
4143842.21,0.1558
4142499.44,0.1615
4141344.80,0.1673
4111448.22,0.1760
4107092.66,0.1846
4079403.99,0.1933
4071979.21,0.2020
4059033.21,0.2106
4057738.19,0.2193
4056795.13,0.2281
4043234.23,0.2370
4039876.82,0.2458
4034484.03,0.2549
4034342.33,0.2556
4014371.16,0.2562
4010810.87,0.2568
4007101.52,0.2575
4005309.17,0.2581
4003030.57,0.2593
3936130.15,0.2606
3930647.40,0.2619
3928829.24,0.2631
3921381.34,0.2643
3919372.31,0.2657
3917735.15,0.2670
3911985.44,0.2682
3911826.06,0.2695
3911457.50,0.2708
3910961.16,0.2721
3910485.48,0.2736
3909789.86,0.2752
3909362.77,0.2752
3909172.84,0.2762
3907496.37,0.2766
3907354.90,0.2773
3896918.95,0.2780
3893595.42,0.2785
3892929.70,0.2791
3891151.44,0.2797
3890023.68,0.2807
3887764.22,0.2814
3883555.05,0.2825
3883076.46,0.2836
3879579.98,0.2852
3877211.04,0.2876
3873234.20,0.2901
3872395.77,0.2925
3870479.80,0.2953
3869248.11,0.2976
3868980.24,0.3001
3860174.48,0.3024
3856832.55,0.3029
3804657.46,0.3057
3798850.71,0.3068
3744129.39,0.3095
3738793.61,0.3123
3736048.82,0.3130
3726474.60,0.3155
3724438.97,0.3161
3723908.73,0.3184
3723480.54,0.3209
3720699.89,0.3215
3718887.60,0.3239
3715725.57,0.3263
3714055.78,0.3269
3712326.43,0.3292
3711795.17,0.3317
3711462.48,0.3351
3711146.32,0.3386
3710430.11,0.3428
3708182.58,0.3469
3706703.01,0.3515
3700165.10,0.3561
3698362.18,0.3607
3696573.95,0.3655
3696253.93,0.3706
3695924.92,0.3756
3695036.62,0.3807
3690800.53,0.3856
3690623.21,0.3909
3688733.00,0.3957
3688141.94,0.3969
3687284.83,0.3985
3686526.25,0.3997
3686478.51,0.4009
3685783.99,0.4022
3685415.42,0.4039
3684696.62,0.4055
3683920.56,0.4076
3681007.42,0.4116
3676825.69,0.4172
3674191.73,0.4228
3672976.05,0.4286
3670583.44,0.4300
3637746.78,0.4312
3637481.63,0.4324
3636601.80,0.4336
3636394.26,0.4354
3636247.20,0.4376
3636161.68,0.4453
3636104.82,0.4496
3636068.03,0.4520
3635041.96,0.4548
3632312.98,0.4591
3631267.37,0.4632
3631227.22,0.4673
3623433.47,0.4714
3622209.71,0.4755
3621580.97,0.4798
3621417.07,0.4843
3620448.30,0.4894
3620418.34,0.4949
3619128.14,0.5003
3618907.84,0.5058
3616851.32,0.5113
3616395.74,0.5166
3612736.68,0.5219
3611664.97,0.5272
3611434.39,0.5324
3611017.99,0.5381
3610481.61,0.5434
3608992.05,0.5487
3608981.85,0.5552
3608804.27,0.5618
3605994.47,0.5683
3605781.27,0.5748
3605470.38,0.5795
3605382.65,0.5843
3605045.73,0.5898
3605026.79,0.5952
3604140.73,0.6005
3604067.88,0.6058
3603339.21,0.6112
3584567.07,0.6164
3582451.92,0.6220
3579694.46,0.6274
3579535.28,0.6326
3579122.15,0.6381
3577892.99,0.6436
3573446.34,0.6490
3569463.95,0.6543
3569013.60,0.6595
3568461.49,0.6652
3568352.92,0.6707
3568065.40,0.6762
3566356.12,0.6816
3564900.44,0.6868
3563811.30,0.6920
3563424.07,0.6974
3563153.53,0.7028
3562313.01,0.7081
3562135.98,0.7136
3561711.80,0.7196
3559739.49,0.7250
3558429.45,0.7301
3516963.14,0.7355
3514772.75,0.7409
3514556.69,0.7462
3509296.67,0.7516
3509097.47,0.7568
3508796.00,0.7621
3506599.41,0.7675
3497738.71,0.7730
3491963.84,0.7784
3439602.70,0.7836
3436908.80,0.7891
3436504.66,0.7942
3435289.82,0.7995
3433477.45,0.8050
3416525.75,0.8103
3350080.22,0.8158
3348409.99,0.8211
3343465.61,0.8263
3343179.49,0.8315
3342988.28,0.8368
3342856.15,0.8424
3342436.50,0.8483
3342096.76,0.8544
3341270.13,0.8602
3338717.46,0.8670
3338394.43,0.8741
3338330.09,0.8812
3338015.17,0.8880
3337607.95,0.8958
3337270.78,0.9037
3336777.00,0.9116
3336263.34,0.9196
3334534.88,0.9270
3333696.46,0.9348
3332621.11,0.9421
3332317.46,0.9496
3332060.90,0.9579
3330245.25,0.9660
3329969.88,0.9740
3329673.75,0.9825
3329339.51,0.9902
3329069.09,0.9988
3328799.82,1.0063
3328798.62,1.0148
3328079.33,1.0229
3325593.38,1.0311
3323082.18,1.0390
3319707.00,1.0470
3317724.37,1.0553
3317544.29,1.0635
3317130.35,1.0719
3316352.04,1.0804
3315960.67,1.0891
3313334.04,1.0975
3313007.41,1.1049
3312275.77,1.1133
3312195.82,1.1219
3310584.08,1.1311
3309881.45,1.1407
3307193.69,1.1503
3303567.33,1.1598
3299316.22,1.1695
3297852.60,1.1795
3297057.00,1.1870
3297055.86,1.1943
3293994.29,1.2041
3293961.74,1.2136
3293392.96,1.2236
3293139.30,1.2336
3292873.79,1.2434
3292025.45,1.2533
3255093.45,1.2638
3255074.55,1.2749
3254841.38,1.2861
3249107.30,1.2967
3240195.35,1.3091
3238840.18,1.3201
3185359.89,1.3312
3184910.10,1.3421
3184271.64,1.3528
3178333.32,1.3636
3177167.58,1.3747
3176875.24,1.3856
3175425.27,1.3870
3173808.49,1.3870
3170036.84,1.3882
3161858.35,1.3894
3158613.80,1.3909
3157909.04,1.3909
3155575.51,1.3921
3154544.76,1.3921
3153781.40,1.3933
3139578.19,1.3945
3136198.40,1.3945
3131460.44,1.3957
3119890.22,1.3969
3116316.27,1.3980
3115796.87,1.3993
3115285.61,1.4006
3113210.87,1.4023
3112756.93,1.4041
3112213.20,1.4061
3110682.66,1.4129
3110090.72,1.4151
3108965.25,1.4203
3080972.85,1.4315
3059138.44,1.4424
3057258.12,1.4532
3057195.28,1.4642
3054567.60,1.4753
3054291.36,1.4862
3053321.32,1.4970
3052864.78,1.5082
3051425.59,1.5190
3048761.43,1.5303
3047593.92,1.5415
3044043.84,1.5526
3042494.03,1.5641
3042182.44,1.5761
3038887.01,1.5872
3038330.05,1.5980
3035835.22,1.6094
3035591.40,1.6198
3034790.70,1.6307
3032868.64,1.6409
3032688.61,1.6518
3029239.83,1.6634
3028993.86,1.6750
3028421.64,1.6856
3028091.82,1.6965
3027540.13,1.7077
3027398.78,1.7193
3027158.50,1.7314
3024633.70,1.7437
3009668.85,1.7562
2994150.55,1.7693
2988934.27,1.7826
2980433.29,1.7955
2972763.94,1.8084
2972476.26,1.8197
2972277.52,1.8305
2971594.90,1.8420
2945219.52,1.8533
2942464.09,1.8645
2942136.37,1.8763
2938913.25,1.8883
2934482.97,1.9000
2928433.47,1.9118
2928292.28,1.9171
2927924.49,1.9226
2925903.78,1.9352
2925828.52,1.9406
2925278.15,1.9462
2924548.68,1.9527
2924280.47,1.9607
2924008.70,1.9698
2923864.52,1.9787
2922852.24,1.9885
2922226.66,1.9982
2922205.00,2.0067
2922011.90,2.0158
2921794.18,2.0213
2921656.30,2.0263
2921373.90,2.0330
2921257.89,2.0393
2919229.61,2.0545
2917234.83,2.0700
2916680.19,2.0764
2915931.68,2.0846
2915731.00,2.0917
2915233.17,2.1096
2914709.79,2.1271
2913631.96,2.1445
2913235.04,2.1618
2912853.72,2.1720
2912486.44,2.1829
2911013.78,2.2009
2910336.64,2.2188
2909768.03,2.2364
2909620.37,2.2540
2908124.38,2.2714
2904818.60,2.2903
2903338.83,2.3088
2902466.90,2.3274
2902376.04,2.3483
2902230.06,2.3692
2901699.03,2.3899
2900933.27,2.4104
2900523.52,2.4308
2900058.11,2.4486
2898984.61,2.4667
2898082.75,2.4852
2897170.60,2.5033
2896927.84,2.5222
2893213.66,2.5408
2892960.43,2.5593
2892348.53,2.5778
2890834.26,2.5964
2889149.46,2.6153
2888295.98,2.6340
2887972.26,2.6525
2887682.25,2.6713
2887500.76,2.6900
2885640.94,2.7090
2885094.29,2.7290
2884831.94,2.7484
2884689.31,2.7668
2883784.28,2.7865
2883602.79,2.8050
2883330.46,2.8248
2882687.95,2.8448
2882145.92,2.8630
2881588.41,2.8829
2881473.59,2.9019
2881470.70,2.9202
2881253.62,2.9393
2880949.88,2.9580
2880793.76,2.9776
2880695.31,2.9985
2880550.46,3.0176
2880192.21,3.0373
2880113.51,3.0560
2878901.41,3.0742
2878772.38,3.0926
2878130.22,3.1127
2877936.19,3.1295
2877543.03,3.1481
2876463.10,3.1665
2870979.35,3.1861
2869734.45,3.2029
2869704.04,3.2194
2869428.06,3.2360
2869168.28,3.2533
2868643.39,3.2726
2868641.40,3.2892
2868187.84,3.3066
2851442.78,3.3258
2851124.35,3.3430
2849159.31,3.3603
2838820.42,3.3791
2837606.13,3.3986
2837143.48,3.4153
2837113.07,3.4317
2836837.09,3.4485
2836577.31,3.4658
2836556.46,3.4848
2836552.37,3.5041
2833756.35,3.5232
2833181.14,3.5453
2832862.47,3.5646
2828598.49,3.5843
2827339.67,3.6042
2821001.22,3.6239
2820346.70,3.6442
2817004.08,3.6656
2816323.39,3.6863
2816201.89,3.7078
2815864.18,3.7326
2815075.17,3.7578
2813818.62,3.7844
2812856.47,3.8100
2812439.41,3.8326
2812235.39,3.8547
2812204.39,3.8776
2812007.46,3.9006
2811718.29,3.9240
2811440.98,3.9471
2811247.03,3.9706
2810755.38,3.9940
2810567.17,4.0177
2809392.06,4.0437
2809146.26,4.0718
2807823.36,4.1009
2806760.61,4.1304
2805418.36,4.1592
2761015.31,4.1883
2760438.66,4.1959
2760175.07,4.2019
2760011.13,4.2077
2759944.87,4.2169
2759673.09,4.2255
2750349.61,4.2346
2750323.49,4.2436
2750035.94,4.2521
2749499.61,4.2607
2749108.54,4.2695
2748348.43,4.2794
2748220.73,4.2898
2747113.83,4.3002
2746880.62,4.3120
2746672.66,4.3236
2745821.38,4.3349
2745279.54,4.3471
2744992.39,4.3579
2744440.64,4.3703
2744067.00,4.3805
2742078.63,4.3908
2742077.49,4.4012
2741843.38,4.4150
2741411.54,4.4286
2740283.73,4.4424
2739973.10,4.4577
2738757.55,4.4728
2738697.20,4.4883
2736873.88,4.5215
2734668.84,4.5544
2732510.99,4.5872
2730954.07,4.6208
2729714.46,4.6536
2729676.76,4.6773
2729527.72,4.7011
2728672.41,4.7252
2727857.11,4.7489
2727724.00,4.7744
2726952.42,4.8053
2726633.75,4.8293
2725495.24,4.8541
2725354.89,4.8787
2725119.39,4.9029
2725037.26,4.9273
2723930.24,4.9518
2723909.00,4.9834
2701358.33,5.0152
2674970.69,5.0484
2668018.91,5.0808
2667643.93,5.1129
2667496.93,5.1407
2667321.56,5.1665
2666265.63,5.1933
2666221.25,5.2187
2666123.39,5.2452
2665940.38,5.2714
2665914.17,5.2996
2665548.70,5.3318
2663915.15,5.3646
2663730.95,5.3972
2661064.26,5.4296
2659885.46,5.4625
2659443.47,5.4950
2659137.78,5.5270
2657945.36,5.5593
2657935.13,5.5907
2657793.01,5.6174
2656549.16,5.6444
2656333.12,5.6794
2656224.17,5.7142
2655724.14,5.7501
2655655.71,5.7855
2655564.10,5.8210
2655363.96,5.8569
2654541.85,5.8931
2653868.62,5.9290
2653124.06,5.9663
2652951.99,6.0028
2652843.52,6.0400
2652550.63,6.0778
2652232.80,6.1155
2652142.29,6.1518
2652079.11,6.1900
2651966.92,6.2284
2651756.40,6.2666
2651748.37,6.3074
2651682.84,6.3464
2651142.47,6.3858
2650562.31,6.4251
2650424.95,6.4654
2648872.93,6.5058
2646922.69,6.5474
2646636.31,6.5883
2646600.37,6.6303
2646162.35,6.6716
2645468.33,6.7140
2644470.76,6.7558
2642903.68,6.7981
2641895.73,6.8402
2641425.97,6.8827
2636308.70,6.9254
2636236.48,6.9680
2630231.49,7.0103
2567500.61,7.0520
2564391.16,7.0945
2559102.30,7.1369
2558440.82,7.1625
2557889.25,7.1882
2557481.09,7.2140
2557128.15,7.2401
2556407.31,7.2660
2556280.63,7.2912
2555813.30,7.3175
2555484.73,7.3430
2555139.14,7.3694
2554805.77,7.3996
2553983.66,7.4307
2553975.63,7.4628
2553294.72,7.4945
2553114.67,7.5263
2553001.39,7.5632
2552278.84,7.6008
2552180.39,7.6395
2551415.09,7.6798
2550582.72,7.7179
2550525.20,7.7437
2550507.62,7.7695
2550243.13,7.7946
2550237.07,7.8324
2550193.46,7.8705
2549946.68,7.9080
2549944.67,7.9466
2549421.51,7.9853
2541946.86,8.0276
2529558.90,8.0709
2511579.13,8.1137
2510948.78,8.1223
2510927.80,8.1282
2510778.29,8.1327
2510629.82,8.1393
2510580.55,8.1460
2509790.67,8.1525
2508594.51,8.1589
2507130.11,8.1653
2507025.03,8.1818
2506810.61,8.1995
2506445.51,8.2165
2505485.41,8.2338
2505190.61,8.2685
2504587.57,8.2702
2500586.60,8.2714
2456432.81,8.2726
2455223.14,8.2738
2404443.90,8.2751
2348142.13,8.2764
2339445.58,8.2776
2313689.81,8.2787
2303945.10,8.2799
2238186.35,8.2812
2237248.75,8.2824
2219939.23,8.2835
2211351.29,8.2847
2193751.25,8.2860
2190474.44,8.2873
2190308.31,8.2889
2189361.72,8.2905
2188781.33,8.2928
2188088.45,8.3213
2187933.77,8.3484
2187877.35,8.3779
2187797.39,8.4066
2187002.14,8.4376
2186499.17,8.4666
2185907.23,8.4686
2185434.80,8.4729
2185142.95,8.4776
2184540.45,8.4824
2184518.55,8.5186
2183779.94,8.5558
2181833.04,8.5936
2181360.83,8.6340
2180814.32,8.6741
2178547.83,8.7145
2177099.29,8.7556
2177001.31,8.7995
2175829.16,8.8433
2173422.82,8.8655
2173223.32,8.8703
2172951.55,8.8774
2172526.19,8.8839
2172205.51,8.8909
2171610.97,8.9096
2170977.32,8.9285
2170833.58,8.9474
2170562.06,8.9662
2170196.11,8.9858
2170177.86,9.0051
2169422.66,9.0248
2169354.97,9.0491
2168400.36,9.0736
2167182.85,9.0976
2166382.54,9.1279
2165094.84,9.1590
2164959.73,9.2020
2161622.04,9.2451
2159691.45,9.2888
2158860.01,9.3332
2158191.85,9.3785
2154326.76,9.4244
2153887.24,9.4685
2148673.79,9.5134
2146734.63,9.5589
2145429.44,9.6029
2143342.36,9.6485
2141608.52,9.6935
2136459.70,9.7391
2125504.25,9.7859
2124510.57,9.8337
2121063.17,9.8810
2112578.50,9.9282
2111068.19,9.9745
2109832.49,10.0210
2108678.31,10.0678
2104287.67,10.1146
2102906.36,10.1611
2102663.94,10.2076
2097130.04,10.2548
2094278.45,10.3012
2082949.38,10.3497
2078347.00,10.3506
2078244.52,10.3514
2078016.34,10.3522
2073111.58,10.3532
2071672.95,10.3625
2067598.58,10.3746
2065141.15,10.3878
2061320.53,10.3974
2052293.29,10.4072
2030304.95,10.4171
2029266.38,10.4268
2028805.26,10.4367
2027643.73,10.4464
2010297.20,10.4563
2001483.96,10.4662
1971937.15,10.4762
1967179.15,10.4879
1962628.99,10.4990
1960998.10,10.5101
1955576.36,10.5218
1955150.54,10.5330
1950815.59,10.5445
1946773.89,10.5565
1945097.18,10.5684
1941103.63,10.5811
1940694.84,10.5936
1940119.56,10.6064
1937997.15,10.6196
1937976.88,10.6327
1928930.50,10.6456
1928907.28,10.6587
1925277.20,10.6720
1922607.85,10.6854
1922316.17,10.6989
1921973.87,10.7125
1921860.65,10.7258
1917707.06,10.7393
1916800.10,10.7528
1915896.69,10.7674
1915568.05,10.7820
1915532.31,10.7966
1915308.80,10.8112
1914812.12,10.8257
1913540.63,10.8404
1902054.06,10.8550
1901699.91,10.8696
1899233.45,10.8843
1888380.11,10.8989
1887415.84,10.9137
1885874.67,10.9284
1884830.33,10.9433
1884118.51,10.9582
1883786.45,10.9735
1883709.69,10.9875
1881690.67,11.0021
1881036.61,11.0180
1875507.72,11.0341
1875057.56,11.0481
1874387.12,11.0621
1874063.57,11.0784
1874002.71,11.0959
1873746.89,11.1140
1871668.86,11.1318
1871516.30,11.1498
1871337.03,11.1676
1871324.13,11.1833
1870786.91,11.1988
1858862.09,11.2143
1857762.15,11.2303
1856086.19,11.2472
1840948.30,11.2638
1840423.27,11.2799
1837901.02,11.2963
1837888.11,11.3136
1836476.33,11.3298
1834108.82,11.3460
1830768.37,11.3627
1829329.75,11.3724
1827751.86,11.3849
1823713.02,11.4041
1822953.58,11.4276
1821097.18,11.4508
1817003.78,11.4735
1816928.43,11.4922
1815869.02,11.5115
1815570.10,11.5326
1814230.81,11.5564
1813840.12,11.5805
1813279.57,11.6045
1811750.58,11.6289
1811194.79,11.6543
1811109.91,11.6787
1810478.53,11.7031
1810413.92,11.7265
1806578.84,11.7510
1805947.33,11.7780
1803846.36,11.8027
1800251.19,11.8270
1799945.48,11.8539
1794953.64,11.8812
1794390.73,11.9080
1793267.35,11.9354
1792380.53,11.9626
1792301.82,11.9899
1789883.41,12.0177
1784129.82,12.0463
1783264.69,12.0765
1783217.33,12.1068
1780792.52,12.1372
1775986.58,12.1672
1775164.05,12.1973
1774911.62,12.2282
1774308.60,12.2588
1773661.08,12.2889
1772009.45,12.3214
1772000.34,12.3701
1770076.25,12.4039
1766536.94,12.4355
1765874.63,12.4676
1763495.31,12.5016
1762965.13,12.5334
1762840.84,12.5638
1761166.61,12.5955
1760847.93,12.6322
1760167.25,12.6691
1760062.17,12.7058
1722842.92,12.7554
1721692.87,12.7969
1721546.86,12.8401
1721524.22,12.8834
1721482.51,12.9266
1721180.41,12.9693
1720728.81,13.0121
1720727.02,13.0545
1719891.16,13.1014
1703766.72,13.1504
1702708.77,13.1838
1701204.36,13.2139
1700300.43,13.2412
1699351.36,13.2719
1699141.90,13.3028
1698955.00,13.3339
1698633.80,13.3640
1698355.25,13.3943
1698180.91,13.4246
1696344.27,13.4550
1695873.68,13.4902
1695628.12,13.5240
1694592.98,13.5588
1694509.41,13.5968
1692220.49,13.6359
1691840.61,13.6751
1691298.75,13.7147
1690625.74,13.7622
1690485.11,13.8111
1634794.30,13.8609
1634167.04,13.9109
1617853.68,13.9610
1602570.77,14.0104
1585171.18,14.0597
1581500.85,14.1090
1572604.10,14.1585
1570547.75,14.2089
1569116.01,14.2586
1566956.88,14.3090
1564834.33,14.3583
1523846.49,14.4081
1523305.43,14.4586
1523113.79,14.5099
1518760.87,14.5599
1505945.16,14.6094
1487308.98,14.6600
1470335.68,14.7104
1429121.63,14.7603
1415005.79,14.8106
1414897.68,14.8607
1414384.33,14.9108
1409707.33,14.9621
1408817.34,15.0127
1373117.65,15.0629
1358397.36,15.1130
1357353.83,15.1647
1355230.51,15.2155
1354271.70,15.2673
1347993.32,15.3202
1340237.15,15.3724
1333216.83,15.4240
1327521.40,15.4755
1315182.39,15.5265
1261125.91,15.5777
1246074.60,15.6299
1240338.66,15.6821
1234307.02,15.7347
1234186.06,15.7883
1225990.51,15.8420
1215057.88,15.8953
1213566.20,15.9478
1172203.19,16.0006
1166719.49,16.0523
1165968.38,16.1044
1160969.06,16.1566
1157508.08,16.2083
1157141.20,16.2601
1153462.11,16.3121
1152851.26,16.3639
1144956.58,16.4156
1144318.45,16.4662
1138339.00,16.5181
1131717.20,16.5699
1131158.74,16.6220
1128464.71,16.6754
1128418.16,16.7285
1127812.34,16.7820
1126975.16,16.8355
1125664.04,16.8902
1125368.92,16.9462
1113900.33,17.0010
1112127.61,17.0571
1088447.74,17.1135
1060147.44,17.1700
1060067.48,17.2083
1057282.91,17.2364
1056880.41,17.2772
1056173.49,17.3184
1049109.62,17.3600
1040649.47,17.4009
1040245.29,17.4443
1033834.37,17.5112
1033755.71,17.5770
1032476.92,17.6431
1032232.26,17.7085
1031970.69,17.7747
1031407.78,17.8410
1031324.16,17.9073
1030012.96,17.9743
1029991.12,18.0408
1029913.58,18.1086
1029868.63,18.1752
1003881.79,18.2421
999721.43,18.3103
986961.07,18.3808
984593.46,18.4511
983078.47,18.5210
982542.57,18.5903
934104.96,18.6599
932793.47,18.7288
932371.33,18.7987
932167.59,18.8699
930503.07,18.9392
869625.33,19.0095
868494.55,19.0798
868005.51,19.1497
866973.92,19.2187
866628.55,19.2885
829857.50,19.3602
829134.84,19.4299
828397.93,19.4992
827777.59,19.5699
826282.70,19.6386
805428.33,19.7074
804784.19,19.7781
803768.41,19.8479
769678.96,19.9182
769109.41,19.9885
768987.49,20.0589
768547.00,20.1290
768513.65,20.1975
768167.04,20.2674
765646.04,20.3371
715696.90,20.4062
714522.75,20.4766
703710.97,20.5469
702665.72,20.6189
692263.59,20.6903
692150.01,20.7598
685563.08,20.8283
683067.49,20.8957
683038.81,20.9649
