6010614.71,0.0011
5935308.67,0.0011
5812709.65,0.0011
5809303.25,0.0011
5779273.50,0.0011
5776246.68,0.0011
5736929.73,0.0012
5725897.38,0.0012
5707631.33,0.0012
5686820.20,0.0012
5658670.91,0.0012
5650648.90,0.0013
5615163.72,0.0013
5593986.00,0.0013
5470488.37,0.0014
5421302.03,0.0014
5400209.05,0.0014
5381902.77,0.0015
5373671.51,0.0015
5366657.80,0.0015
5357941.73,0.0016
5328982.68,0.0016
5310335.06,0.0016
5305399.81,0.0016
5288681.00,0.0016
5278897.82,0.0017
5274154.36,0.0017
5270141.77,0.0018
5234781.55,0.0018
5215337.12,0.0018
5189987.13,0.0018
5145485.63,0.0019
5138930.79,0.0019
5079685.00,0.0019
5058398.94,0.0019
5045893.51,0.0020
5012281.82,0.0020
4983570.55,0.0020
4971673.23,0.0020
4946807.19,0.0021
4938261.17,0.0022
4934303.27,0.0022
4899525.16,0.0023
4868010.25,0.0024
4852386.55,0.0024
4849485.47,0.0025
4804842.74,0.0025
4772938.17,0.0025
4728729.45,0.0025
4718603.10,0.0026
4695821.49,0.0026
4675279.12,0.0026
4640821.80,0.0027
4639249.38,0.0027
4632449.61,0.0028
4597127.83,0.0029
4591884.27,0.0030
4587697.79,0.0031
4569271.48,0.0031
4568507.66,0.0032
4541997.62,0.0032
4530997.37,0.0032
4520630.87,0.0032
4515327.10,0.0034
4488566.22,0.0034
4483594.99,0.0034
4422869.76,0.0034
4396873.71,0.0034
4379973.94,0.0036
4378394.24,0.0037
4350484.56,0.0037
4342942.01,0.0037
4329606.04,0.0037
4329428.87,0.0038
4318573.51,0.0038
4316557.40,0.0038
4301511.57,0.0039
4269915.89,0.0039
4266420.81,0.0041
4207102.94,0.0041
4204641.46,0.0043
4192685.74,0.0043
4182149.37,0.0043
4158128.61,0.0043
4149126.96,0.0043
4147415.48,0.0044
4140311.58,0.0045
4132068.69,0.0047
4129524.90,0.0047
4107046.55,0.0047
4098429.65,0.0047
4096540.57,0.0047
4069504.45,0.0048
4041195.37,0.0048
4000207.06,0.0048
3983890.18,0.0050
3982415.37,0.0050
3974157.55,0.0052
3860523.11,0.0052
3817191.76,0.0053
3806934.34,0.0053
3795723.70,0.0053
3748084.69,0.0053
3730807.19,0.0055
3721051.18,0.0055
3715087.52,0.0057
3615581.91,0.0057
3604751.13,0.0060
3603508.01,0.0060
3603074.15,0.0062
3548765.27,0.0063
3548356.13,0.0063
3547871.50,0.0063
3488859.81,0.0063
3486314.71,0.0064
3486226.42,0.0064
3478209.24,0.0065
3455485.10,0.0065
3452305.46,0.0065
3441150.03,0.0065
3435759.48,0.0066
3434857.31,0.0068
3397107.68,0.0068
3367448.23,0.0070
3347446.25,0.0070
3346483.66,0.0071
3290059.94,0.0071
3285682.70,0.0071
3275199.01,0.0071
3261111.14,0.0071
3254555.25,0.0074
3241486.66,0.0074
3225390.27,0.0076
3220341.07,0.0079
3214345.05,0.0082
3211565.50,0.0085
3190039.61,0.0093
3189812.91,0.0093
3140177.32,0.0101
3132713.97,0.0101
3132378.72,0.0109
3130234.19,0.0117
3128677.19,0.0125
3083617.35,0.0136
3060538.56,0.0147
3057039.87,0.0156
3016764.99,0.0166
3010668.09,0.0177
2971636.49,0.0188
2971200.47,0.0200
2951695.16,0.0213
2935338.12,0.0228
2916347.82,0.0238
2889028.06,0.0248
2880484.95,0.0258
2877309.42,0.0268
2870483.14,0.0278
2869340.40,0.0293
2869155.08,0.0308
2866028.62,0.0323
2865678.06,0.0340
2851573.74,0.0357
2845959.92,0.0377
2828553.95,0.0410
2823449.11,0.0444
2821976.42,0.0485
2804165.22,0.0527
2801899.11,0.0573
2799834.93,0.0627
2798807.47,0.0681
2792231.82,0.0734
2792194.24,0.0788
2784363.10,0.0846
2782707.65,0.0908
2776172.87,0.0976
2743628.49,0.1043
2743525.64,0.1109
2742329.24,0.1177
2696124.35,0.1247
2692230.02,0.1316
2688824.97,0.1379
2639928.77,0.1449
2637298.49,0.1522
2635029.89,0.1591
2619088.04,0.1659
2617624.48,0.1730
2581728.67,0.1803
2581073.58,0.1878
2572753.70,0.1966
2571187.61,0.2038
2546459.05,0.2111
2533963.17,0.2184
2517750.37,0.2261
2515533.12,0.2334
2439032.20,0.2406
2435779.01,0.2478
2412015.77,0.2551
2397869.23,0.2626
2394979.53,0.2700
2394963.96,0.2769
2381790.00,0.2842
2381183.72,0.2912
2344900.99,0.2983
2341735.97,0.3054
2315237.10,0.3130
2311543.86,0.3202
2277823.24,0.3273
2270542.04,0.3346
2269787.42,0.3422
2267347.17,0.3491
2258387.91,0.3564
2243249.76,0.3634
2239161.85,0.3703
2235809.75,0.3777
2220402.21,0.3851
2203305.48,0.3924
2191980.62,0.3996
2173255.32,0.4069
2140666.62,0.4141
2138463.11,0.4213
2133258.32,0.4286
2113713.28,0.4360
2112098.21,0.4445
2095671.56,0.4524
2094608.02,0.4600
2041867.13,0.4675
2028619.27,0.4748
2022747.46,0.4821
2011009.86,0.4895
2001170.31,0.4968
1982759.67,0.5041
1954060.19,0.5114
1904787.43,0.5188
1900535.58,0.5261
1899128.18,0.5334
1898736.09,0.5412
1890983.76,0.5490
1866467.98,0.5564
1863671.31,0.5638
1818609.23,0.5711
1816415.59,0.5787
1815053.96,0.5862
1785806.56,0.5938
1779824.41,0.6013
1772844.63,0.6085
1769924.76,0.6158
1769411.04,0.6235
1742367.56,0.6309
1741556.91,0.6383
1739269.74,0.6457
1738473.26,0.6534
1737473.17,0.6615
1725370.18,0.6694
1718819.04,0.6774
1688451.75,0.6854
1686611.50,0.6937
1677231.91,0.7020
1677215.66,0.7100
1676621.66,0.7180
1644155.27,0.7264
1628690.69,0.7347
1627664.72,0.7432
1619797.24,0.7519
1610208.64,0.7606
1607509.07,0.7691
1579444.53,0.7776
1576519.03,0.7854
1574076.03,0.7934
1573874.52,0.8013
1564206.88,0.8091
1559464.34,0.8173
1549596.89,0.8252
1515974.26,0.8334
1474896.29,0.8411
1463311.74,0.8492
1463215.54,0.8573
1442461.07,0.8652
1438399.90,0.8730
1434178.64,0.8808
1428778.70,0.8886
1425591.08,0.8965
1424299.12,0.9050
1421962.48,0.9135
1417581.37,0.9218
1414597.20,0.9298
1410032.15,0.9387
1409012.59,0.9469
1408878.18,0.9553
1394150.16,0.9640
1393549.57,0.9725
1388271.35,0.9810
1387841.49,0.9897
1386834.82,0.9983
1380179.30,1.0073
1375169.06,1.0162
1373970.53,1.0247
1373868.35,1.0329
1368407.36,1.0419
1363217.12,1.0506
1360445.76,1.0591
1358121.80,1.0680
1352652.55,1.0775
1346484.22,1.0877
1343728.25,1.0972
1340822.87,1.1067
1332556.52,1.1168
1330529.58,1.1267
1308987.50,1.1370
1300446.63,1.1475
1299045.43,1.1586
1295557.03,1.1693
1281617.62,1.1799
1277977.23,1.1907
1271074.10,1.2010
1270699.51,1.2096
1269229.57,1.2180
1268094.57,1.2267
1267087.90,1.2351
1266930.18,1.2441
1266539.20,1.2524
1265575.57,1.2613
1236200.56,1.2705
1231945.85,1.2788
1227729.31,1.2865
1227718.31,1.2949
1226505.27,1.3039
1224014.54,1.3126
1223007.87,1.3213
1217670.78,1.3320
1213825.83,1.3425
1213141.87,1.3530
1213091.40,1.3638
1209086.43,1.3747
1208914.53,1.3855
1196556.09,1.3964
1188874.36,1.4048
1188660.00,1.4134
1188470.18,1.4216
1187218.28,1.4299
1186506.68,1.4384
1186348.96,1.4474
1184537.11,1.4565
1174406.59,1.4649
1172653.32,1.4737
1167979.33,1.4825
1167710.85,1.4916
1165317.42,1.5006
1164141.69,1.5094
1161264.15,1.5205
1160274.46,1.5314
1153716.35,1.5426
1152857.15,1.5538
1149966.06,1.5650
1149290.02,1.5763
1144564.76,1.5876
1143541.95,1.5996
1090428.31,1.6113
1057314.99,1.6230
1050597.31,1.6351
1021051.61,1.6471
1017770.77,1.6593
992601.75,1.6712
974478.00,1.6831
971911.88,1.6956
946823.34,1.7078
934698.77,1.7202
913116.18,1.7323
912316.89,1.7446
905554.13,1.7570
899919.35,1.7695
896618.28,1.7819
896158.45,1.7944
896076.91,1.8072
893634.36,1.8196
893400.30,1.8331
885854.93,1.8461
885638.24,1.8593
885598.82,1.8718
883741.82,1.8845
