9660955.13,0.0007
9660589.92,0.0007
9612414.49,0.0007
9611706.31,0.0007
9602564.65,0.0007
9600693.27,0.0007
9599855.67,0.0008
9580627.98,0.0008
9534954.74,0.0008
9522275.60,0.0009
9509717.05,0.0009
9478327.13,0.0010
9360399.77,0.0010
9349620.42,0.0010
9325654.80,0.0010
9310886.23,0.0011
9167825.85,0.0011
9156000.70,0.0011
9114266.93,0.0011
9096078.55,0.0012
9003373.95,0.0012
8999024.08,0.0013
8959254.41,0.0013
8947854.49,0.0013
8946308.42,0.0013
8905961.13,0.0013
8838169.06,0.0013
8800608.30,0.0014
8799452.31,0.0014
8791915.62,0.0014
8783653.22,0.0014
8711516.12,0.0014
8684409.37,0.0015
8640942.87,0.0015
8637887.06,0.0015
8630972.36,0.0015
8532863.77,0.0015
8520488.63,0.0016
8500619.04,0.0016
8455875.56,0.0017
8452766.76,0.0017
8408936.07,0.0017
8407731.15,0.0017
8406826.67,0.0017
8357554.42,0.0018
8341361.14,0.0019
8340322.65,0.0019
8194043.99,0.0019
8192870.40,0.0021
8172572.17,0.0021
8158913.00,0.0021
8157695.13,0.0022
8150151.54,0.0022
8122660.80,0.0023
8110837.28,0.0024
8103090.14,0.0025
8081188.16,0.0026
7919025.47,0.0026
7915500.42,0.0027
7879679.35,0.0027
7863528.38,0.0028
7717734.82,0.0028
7705278.88,0.0030
7639138.12,0.0030
7624657.01,0.0031
7508726.75,0.0031
7504496.73,0.0033
7466840.36,0.0033
7442993.23,0.0033
7404325.92,0.0033
7381674.77,0.0033
7359808.27,0.0034
7355093.82,0.0034
7343802.67,0.0035
7337746.20,0.0035
7335752.40,0.0035
7318097.90,0.0036
7312683.96,0.0037
7307925.26,0.0037
7286544.52,0.0039
7277655.33,0.0041
7219423.55,0.0041
7166255.67,0.0041
7164113.79,0.0041
7155372.56,0.0041
7118484.75,0.0041
7114255.59,0.0041
7050970.63,0.0041
7049827.49,0.0042
7029397.15,0.0043
6960630.17,0.0043
6951511.89,0.0045
6947541.23,0.0046
6941594.26,0.0046
6865833.01,0.0047
6865597.90,0.0047
6834003.07,0.0049
6762266.01,0.0049
6755267.92,0.0051
6691011.32,0.0051
6659700.26,0.0052
6655741.41,0.0052
6644354.86,0.0052
6641809.27,0.0052
6590021.72,0.0052
6586752.96,0.0054
6540515.02,0.0055
6527808.35,0.0057
6499201.22,0.0057
6491658.84,0.0057
6473014.32,0.0058
6467464.19,0.0058
6415578.95,0.0058
6404682.51,0.0058
6398771.90,0.0058
6390708.27,0.0059
6389783.84,0.0059
6385650.15,0.0059
6366921.45,0.0060
6366484.10,0.0062
6356786.95,0.0064
6334699.02,0.0064
6247856.20,0.0064
6245280.31,0.0064
6225400.21,0.0064
6223217.27,0.0065
6154569.08,0.0065
6116806.50,0.0066
6107328.44,0.0067
6087709.05,0.0069
6064392.20,0.0069
6061161.24,0.0069
6046618.10,0.0072
6020892.24,0.0072
6015865.41,0.0074
6000687.98,0.0074
5993458.33,0.0076
5991974.47,0.0078
5968707.51,0.0080
5945312.14,0.0082
5932438.21,0.0085
5917286.94,0.0085
5912879.66,0.0085
5912229.59,0.0087
5902814.45,0.0091
5900859.69,0.0091
5871742.90,0.0092
5853253.48,0.0092
5819548.84,0.0092
5813332.71,0.0093
5811561.52,0.0093
5650876.10,0.0093
5641085.34,0.0094
5637414.07,0.0094
5577703.08,0.0095
5564222.44,0.0096
5544482.16,0.0096
5542601.31,0.0096
5517093.81,0.0096
5504646.05,0.0097
5436531.53,0.0098
5436320.83,0.0100
5424564.30,0.0102
5328063.22,0.0105
5302385.26,0.0108
5210368.32,0.0111
5166332.99,0.0116
5152915.83,0.0122
5122270.76,0.0125
5073186.59,0.0128
5059902.78,0.0131
5048180.83,0.0137
5047328.45,0.0140
5043299.49,0.0143
5019076.28,0.0148
5014741.49,0.0157
5003242.42,0.0166
5002200.91,0.0174
5002170.29,0.0183
4954902.94,0.0193
4950387.04,0.0201
4949833.53,0.0210
4948150.44,0.0213
4946213.35,0.0221
4942917.10,0.0226
4914802.30,0.0233
4788171.01,0.0238
4781604.80,0.0245
4732809.88,0.0251
4732407.38,0.0257
4695767.98,0.0263
4694022.70,0.0269
4692453.65,0.0275
4692441.11,0.0282
4673399.79,0.0287
4672092.01,0.0295
4667936.02,0.0301
4662158.80,0.0307
4594133.45,0.0314
4573258.34,0.0320
4570579.87,0.0326
4570007.41,0.0334
4563751.07,0.0339
4557019.81,0.0346
4555635.09,0.0352
4552621.02,0.0357
4540400.55,0.0366
4536216.67,0.0372
4491757.28,0.0378
4485222.34,0.0378
4466302.08,0.0384
4458940.64,0.0390
4454158.84,0.0395
4452751.44,0.0402
4438368.37,0.0407
4438337.54,0.0421
4434258.41,0.0435
4429828.21,0.0449
4419021.13,0.0463
4394459.57,0.0476
4386833.11,0.0490
4366132.11,0.0503
4347509.44,0.0517
4337213.60,0.0531
4329581.84,0.0546
4325136.75,0.0560
4310627.15,0.0574
4287209.43,0.0588
4261646.21,0.0604
4259338.56,0.0618
4258797.56,0.0633
4257480.95,0.0646
4255449.21,0.0660
4235547.84,0.0674
4205023.17,0.0688
4147511.74,0.0703
4139048.71,0.0704
4134708.10,0.0705
4131024.72,0.0705
4128691.42,0.0716
4112857.49,0.0727
4100929.71,0.0739
4093344.16,0.0749
4092461.68,0.0779
4089746.32,0.0810
4089266.91,0.0840
4070701.61,0.0840
4053427.76,0.0859
4051012.09,0.0890
4037767.82,0.0918
4036731.20,0.0950
4036696.67,0.0981
4035904.03,0.1011
4035751.27,0.1045
4031256.42,0.1076
4026818.85,0.1108
4026562.57,0.1143
4025602.92,0.1174
4023230.80,0.1212
4022813.19,0.1244
4022715.96,0.1276
4021388.47,0.1309
4019498.96,0.1341
4016962.97,0.1374
4016151.17,0.1405
4015651.59,0.1437
4012900.21,0.1469
4011415.43,0.1502
4010645.59,0.1537
4006703.77,0.1573
4006573.20,0.1605
4006543.56,0.1637
4003076.64,0.1668
4002956.78,0.1702
4001607.74,0.1734
3994812.57,0.1767
3994455.69,0.1804
3991866.67,0.1840
3991586.78,0.1879
3991582.69,0.1918
3991291.88,0.1958
3990821.97,0.1994
3989961.70,0.2033
3987369.73,0.2075
3983607.30,0.2119
3983564.80,0.2166
3983363.79,0.2212
3983022.08,0.2250
3979005.53,0.2289
3977241.61,0.2338
3977083.64,0.2388
3975778.97,0.2441
3963110.81,0.2495
3961967.51,0.2551
3958428.45,0.2618
3944051.74,0.2684
3917410.99,0.2750
3888930.26,0.2818
3868041.88,0.2885
3837449.12,0.2951
3835219.99,0.3016
3815013.96,0.3082
3795502.18,0.3151
3780207.29,0.3215
3762985.81,0.3282
3757875.84,0.3339
3757723.75,0.3394
3752349.64,0.3459
3751889.25,0.3510
3749210.49,0.3516
3748630.57,0.3525
3747509.85,0.3579
3747505.76,0.3620
3747348.29,0.3662
3745907.95,0.3713
3744627.86,0.3750
3743190.77,0.3789
3742842.27,0.3829
3721459.30,0.3871
3719401.38,0.3911
3717637.03,0.3952
3716360.78,0.4006
3715302.08,0.4047
3714860.06,0.4087
3713102.78,0.4141
3712204.07,0.4190
3708377.15,0.4245
3707259.58,0.4299
3700715.15,0.4351
3684829.69,0.4406
3677449.97,0.4462
3662773.46,0.4524
3660922.05,0.4557
3660893.08,0.4614
3651981.81,0.4674
3651937.42,0.4731
3651392.21,0.4796
3646955.22,0.4856
3645046.78,0.4917
3641859.71,0.4979
3640878.33,0.5063
3639813.23,0.5174
3636900.86,0.5273
3633681.05,0.5375
3629704.54,0.5486
3597245.05,0.5589
3582809.06,0.5703
3551883.35,0.5811
3522136.73,0.5930
3485911.42,0.6042
3451813.21,0.6158
3448931.99,0.6278
3433985.42,0.6395
3426872.31,0.6518
3362835.74,0.6645
3362236.29,0.6769
3361232.85,0.6901
3274444.63,0.7034
3234803.59,0.7168
3216474.79,0.7300
3209388.03,0.7430
3201738.27,0.7560
3124631.74,0.7691
3105629.77,0.7820
3099733.94,0.7950
3057969.23,0.8083
3044697.82,0.8217
3034814.08,0.8348
3033205.02,0.8481
2996140.93,0.8612
2956799.18,0.8739
2937189.23,0.8866
2896921.67,0.8997
2886955.40,0.9125
2868979.86,0.9255
2761336.44,0.9384
2754754.70,0.9513
2754151.00,0.9644
2752824.57,0.9777
2752108.36,0.9909
2684658.17,1.0040
2658365.89,1.0167
2655997.37,1.0294
2596779.72,1.0424
2553019.12,1.0554
2457058.89,1.0684
2456744.71,1.0818
2445450.79,1.0952
2432388.62,1.1085
2432274.90,1.1215
2383570.64,1.1347
2339808.13,1.1478
2332031.25,1.1608
2331302.70,1.1739
2293510.14,1.1874
2289158.84,1.2001
2287138.90,1.2138
2282511.18,1.2270
2280158.50,1.2398
2280003.41,1.2531
2255927.26,1.2663
2255598.37,1.2794
2229707.33,1.2927
2202625.18,1.3055
2126501.15,1.3187
2112513.65,1.3322
2112433.36,1.3456
2112253.92,1.3596
2112092.00,1.3735
2111206.82,1.3873
2093836.17,1.4019
2087399.30,1.4161
2018408.97,1.4308
1996161.11,1.4455
1974715.54,1.4598
1933614.75,1.4741
1923011.51,1.4878
1902060.44,1.5016
1873544.79,1.5156
1854029.78,1.5296
1830040.44,1.5434
1828857.70,1.5574
1809626.82,1.5715
1797932.00,1.5851
1795471.92,1.5991
1790695.81,1.6131
1779126.03,1.6271
1775382.25,1.6408
1770106.37,1.6548
1688207.36,1.6689
1683794.20,1.6831
1677551.84,1.6972
1677169.70,1.7113
1676390.24,1.7254
1670465.51,1.7396
1654644.12,1.7534
1644667.98,1.7672
1642800.81,1.7813
1629463.36,1.7953
1628920.03,1.8096
1621842.33,1.8237
1621763.23,1.8385
1621139.30,1.8525
1615686.80,1.8668
1607041.06,1.8811
1606349.24,1.8953
1601998.88,1.9093
1592256.04,1.9237
1472642.39,1.9380
1453161.38,1.9523
1452176.85,1.9669
1418784.51,1.9827
1417915.63,1.9969
1417677.79,2.0111
1417422.95,2.0256
1417027.07,2.0397
1414355.97,2.0543
1399758.48,2.0690
1392778.87,2.0827
1385290.42,2.0971
1360724.99,2.1116
1323038.70,2.1263
1319162.43,2.1402
1318924.59,2.1542
1318669.75,2.1680
1318273.87,2.1824
1317185.15,2.1971
1308388.14,2.2117
1302517.33,2.2263
1302093.37,2.2412
1300476.55,2.2565
1296761.80,2.2714
1296581.01,2.2858
1292712.98,2.3014
1292218.31,2.3166
1292186.20,2.3313
1290457.34,2.3464
1289175.57,2.3611
1286477.91,2.3759
1276177.27,2.3907
1275960.36,2.4065
1275784.01,2.4218
1238916.36,2.4370
1222241.44,2.4521
