686336.57,0.0013
684513.25,0.0013
680786.25,0.0013
679716.79,0.0013
679492.69,0.0014
675563.39,0.0014
672946.16,0.0014
672513.82,0.0015
671875.94,0.0015
670221.23,0.0015
666779.98,0.0016
665961.97,0.0016
664694.81,0.0017
661926.67,0.0017
657929.14,0.0017
654679.85,0.0017
649192.35,0.0017
649109.14,0.0018
644401.24,0.0018
644229.65,0.0019
644060.01,0.0019
643918.37,0.0019
643077.45,0.0019
640897.40,0.0019
638331.35,0.0020
636768.87,0.0020
634975.16,0.0020
626409.37,0.0020
625462.52,0.0022
624739.05,0.0022
623108.27,0.0022
622746.92,0.0022
621109.77,0.0022
618210.75,0.0022
618098.37,0.0023
617736.43,0.0023
616350.84,0.0024
615936.94,0.0024
614831.91,0.0025
614025.47,0.0025
612123.98,0.0026
611281.75,0.0026
606870.28,0.0026
603258.82,0.0027
599092.91,0.0027
597861.66,0.0027
597744.98,0.0028
597742.97,0.0028
596759.25,0.0028
594238.39,0.0029
563816.00,0.0029
560941.10,0.0031
558622.04,0.0031
555025.65,0.0031
551326.60,0.0031
550708.78,0.0031
548003.67,0.0031
545535.15,0.0032
540599.56,0.0032
539921.33,0.0034
538936.24,0.0034
536017.62,0.0034
530970.12,0.0036
530219.55,0.0037
524171.31,0.0037
519718.43,0.0039
519677.75,0.0040
518904.86,0.0041
517430.38,0.0042
516355.75,0.0043
512023.35,0.0045
509182.44,0.0045
506799.70,0.0045
502652.74,0.0046
500902.72,0.0046
500123.12,0.0046
499569.40,0.0046
499421.49,0.0048
498637.21,0.0049
497598.75,0.0051
496173.77,0.0051
492357.40,0.0053
485386.82,0.0053
484959.29,0.0053
483866.07,0.0053
482443.27,0.0055
482333.00,0.0056
478902.75,0.0057
474859.11,0.0059
471257.72,0.0059
470733.54,0.0059
468998.48,0.0061
468374.23,0.0062
467870.32,0.0062
467227.32,0.0062
464481.30,0.0063
463916.66,0.0063
463125.37,0.0065
461094.06,0.0065
451857.97,0.0066
440321.93,0.0066
431868.63,0.0066
431014.69,0.0069
430351.85,0.0071
429526.73,0.0071
427680.24,0.0072
425849.12,0.0074
425783.79,0.0076
425777.69,0.0076
425671.44,0.0076
423930.65,0.0077
423869.49,0.0079
420585.85,0.0081
420041.71,0.0083
417710.26,0.0083
414117.81,0.0086
409741.75,0.0086
408501.45,0.0089
408177.23,0.0089
406655.12,0.0089
406031.50,0.0092
405057.29,0.0094
404364.24,0.0095
404315.50,0.0098
404054.39,0.0103
403956.06,0.0110
403619.18,0.0115
402758.19,0.0123
401848.67,0.0129
400357.88,0.0135
399280.97,0.0141
397028.70,0.0148
396869.13,0.0156
396820.09,0.0161
393932.13,0.0167
393927.46,0.0167
393711.11,0.0168
392886.06,0.0168
392783.84,0.0170
386081.84,0.0170
385989.47,0.0170
385829.67,0.0174
385614.37,0.0179
384995.25,0.0181
384862.95,0.0183
384316.72,0.0183
379892.94,0.0188
379642.90,0.0196
379535.84,0.0202
378130.86,0.0207
369869.20,0.0213
369471.06,0.0218
368965.67,0.0231
368940.60,0.0239
368923.75,0.0251
368237.08,0.0257
361462.68,0.0263
361064.54,0.0269
360755.47,0.0284
360616.08,0.0292
359090.41,0.0308
358857.80,0.0316
357226.27,0.0330
356220.13,0.0344
356093.90,0.0359
355408.87,0.0374
354704.15,0.0391
353117.22,0.0406
351692.68,0.0422
350860.93,0.0437
350267.77,0.0453
349968.46,0.0470
349746.29,0.0486
349701.25,0.0486
349470.74,0.0486
349231.68,0.0493
347921.28,0.0493
347246.38,0.0494
341343.52,0.0494
340606.46,0.0494
339848.90,0.0494
338806.22,0.0495
337935.28,0.0496
337932.85,0.0497
337913.52,0.0500
337270.63,0.0504
337166.50,0.0507
335898.99,0.0510
335500.85,0.0515
334864.77,0.0533
334408.24,0.0549
333172.02,0.0564
332209.53,0.0571
331266.82,0.0578
331197.52,0.0585
330567.06,0.0593
329475.24,0.0603
328944.51,0.0614
324016.46,0.0623
323725.95,0.0631
322066.07,0.0641
321746.42,0.0649
321389.75,0.0657
316593.04,0.0665
315306.56,0.0673
314817.47,0.0681
312350.94,0.0689
312344.45,0.0699
309973.77,0.0707
309373.13,0.0714
309157.01,0.0724
309139.30,0.0733
308868.96,0.0742
307972.23,0.0750
306568.42,0.0763
305824.98,0.0778
305148.12,0.0793
304980.98,0.0805
302473.98,0.0820
299993.21,0.0834
297263.34,0.0849
293825.37,0.0865
293108.14,0.0881
292850.81,0.0898
290961.76,0.0915
289887.37,0.0931
288431.10,0.0947
288025.73,0.0963
287615.56,0.0979
285257.40,0.0995
284385.49,0.1017
280081.39,0.1038
279107.20,0.1064
273745.18,0.1088
272211.43,0.1113
271999.63,0.1136
270354.09,0.1161
268438.05,0.1185
268325.68,0.1210
267531.58,0.1234
265332.64,0.1260
264936.56,0.1284
264519.02,0.1293
264178.68,0.1302
263698.39,0.1311
263318.21,0.1319
263306.06,0.1322
262807.58,0.1330
262650.53,0.1335
262505.01,0.1341
261479.07,0.1352
260632.24,0.1365
260450.52,0.1383
260108.95,0.1400
259162.53,0.1418
258964.48,0.1436
258895.44,0.1455
258796.75,0.1481
258144.26,0.1511
257676.46,0.1538
256418.95,0.1565
255265.41,0.1590
254139.53,0.1615
253365.89,0.1641
253171.56,0.1669
252759.02,0.1697
252750.69,0.1726
252171.30,0.1754
251737.34,0.1784
251217.33,0.1813
250904.31,0.1842
250415.16,0.1875
249825.23,0.1910
248174.54,0.1944
247911.82,0.1974
247888.99,0.2003
247714.12,0.2035
246902.75,0.2068
246515.27,0.2099
245850.19,0.2135
245378.54,0.2171
245288.12,0.2208
244976.01,0.2244
244352.18,0.2280
244040.86,0.2305
244022.84,0.2332
243949.54,0.2359
243872.73,0.2388
243857.02,0.2422
243762.53,0.2447
243378.31,0.2482
243061.75,0.2511
241079.98,0.2544
239205.92,0.2579
239137.16,0.2612
238039.95,0.2646
237901.29,0.2679
236907.97,0.2719
236366.10,0.2754
236307.31,0.2778
236008.19,0.2802
235886.32,0.2843
235140.42,0.2885
234975.73,0.2927
234901.83,0.2971
234779.96,0.3011
234777.70,0.3054
234573.16,0.3098
234514.92,0.3142
234441.88,0.3189
234151.66,0.3236
233375.37,0.3284
232638.90,0.3335
231886.27,0.3386
231646.65,0.3440
231463.16,0.3496
231107.64,0.3558
230694.27,0.3599
229921.69,0.3648
229880.32,0.3696
229852.83,0.3747
229539.41,0.3801
229529.94,0.3864
229272.25,0.3925
229153.48,0.3986
228525.83,0.4051
222221.37,0.4133
220769.10,0.4218
219939.41,0.4301
219904.80,0.4386
218523.84,0.4471
215686.79,0.4560
215245.44,0.4645
214389.00,0.4729
214027.16,0.4811
207979.99,0.4893
203544.08,0.4975
199258.34,0.5057
196429.73,0.5140
195455.30,0.5226
194247.56,0.5315
194025.96,0.5399
192270.02,0.5487
189767.62,0.5577
189718.77,0.5674
189590.76,0.5776
188821.39,0.5883
187262.56,0.5990
186454.66,0.6100
183190.17,0.6211
180416.82,0.6324
179354.17,0.6441
177119.10,0.6558
175046.71,0.6680
174041.35,0.6803
171272.06,0.6923
171155.09,0.7039
170807.53,0.7162
170525.30,0.7282
168575.66,0.7407
166862.00,0.7529
166696.89,0.7652
166099.87,0.7774
166093.65,0.7898
165451.03,0.8020
164784.77,0.8140
164056.18,0.8258
163354.53,0.8377
160666.08,0.8499
160650.83,0.8616
160263.05,0.8734
160123.14,0.8854
159433.96,0.8974
159151.64,0.9094
158059.02,0.9215
156410.96,0.9339
156302.16,0.9459
155734.27,0.9582
154417.02,0.9701
153868.62,0.9824
153802.12,0.9946
152017.61,1.0070
150861.77,1.0192
150799.14,1.0317
150692.15,1.0439
148965.46,1.0562
148957.06,1.0683
148494.16,1.0805
146624.35,1.0930
145958.46,1.1054
144879.96,1.1177
144457.06,1.1307
143872.82,1.1440
142693.82,1.1573
141788.36,1.1711
141720.75,1.1848
141424.73,1.1984
141224.47,1.2122
140204.46,1.2255
140189.94,1.2390
139919.94,1.2528
138810.12,1.2666
138654.22,1.2812
138438.25,1.2948
138044.97,1.3085
137432.76,1.3220
136720.20,1.3357
135994.89,1.3496
135748.44,1.3639
