0.002599000930786133, 4925583.0
0.003713846206665039, 4921706.0
0.005239963531494141, 4878803.0
0.005798816680908203, 4699464.0
0.0072939395904541016, 4653741.0
0.007853031158447266, 4518396.0
0.009688854217529297, 4429546.0
0.010638952255249023, 4389260.0
0.012861967086791992, 4366331.0
0.08281302452087402, 4294834.0
0.09012889862060547, 4285232.0
0.09337091445922852, 4281355.0
0.11522197723388672, 4259266.0
0.2192978858947754, 4245615.0
0.22151398658752441, 4204446.0
0.22200298309326172, 4182400.0
0.30690503120422363, 4164878.0
0.4545860290527344, 4148280.0
0.49915385246276855, 4138678.0
0.5593888759613037, 4109868.0
0.8752398490905762, 4090106.0
0.945321798324585, 4080693.0
0.9476888179779053, 4008267.0
0.9929358959197998, 3945052.0
1.088913917541504, 3937993.0
1.331117868423462, 3835321.0
1.4417638778686523, 3826996.0
1.4735589027404785, 3816910.0
1.5595488548278809, 3815293.0
1.573267936706543, 3805207.0
1.8431618213653564, 3793365.0
2.1300058364868164, 3775843.0
2.707594871520996, 3774963.0
2.7099828720092773, 3762348.0
2.7662649154663086, 3761107.0
2.806591033935547, 3760995.0
2.817415952682495, 3749643.0
2.881173849105835, 3743624.0
2.8868248462677, 3733538.0
2.9937829971313477, 3720833.0
3.6679189205169678, 3683696.0
3.6684799194335938, 3661650.0
3.6736109256744385, 3653325.0
3.6776859760284424, 3643239.0
3.694535970687866, 3630534.0
7.849087953567505, 3626586.0
7.979712963104248, 3617173.0
7.9864208698272705, 3594461.0
7.9875328540802, 3544747.0
8.073531866073608, 3531246.0
8.07466983795166, 3481532.0
8.309216022491455, 3474473.0
8.948771953582764, 3421515.0
8.949889898300171, 3371801.0
9.201411962509155, 3363476.0
9.267853021621704, 3353390.0
10.026675939559937, 3321711.0
12.465189933776855, 3284326.0
12.626354932785034, 3268608.0
16.075320959091187, 3265048.0
16.848877906799316, 3254566.0
16.860426902770996, 3238848.0
17.41472291946411, 3231112.0
17.44249987602234, 3218442.0
17.456713914871216, 3212701.0
17.71602487564087, 3210038.0
19.367602825164795, 3206903.0
19.368101835250854, 3184857.0
19.373843908309937, 3169139.0
19.421682834625244, 3162859.0
19.422245025634766, 3140813.0
19.43474793434143, 3128143.0
19.443910837173462, 3122402.0
19.50025701522827, 3119739.0
54.14427900314331, 3077408.0
54.67760682106018, 3070349.0
55.86540484428406, 3017391.0
55.86768198013306, 2967677.0
56.3964319229126, 2959352.0
56.54062581062317, 2949266.0
58.01441502571106, 2917587.0
63.18642592430115, 2880202.0
63.569597005844116, 2864484.0
72.87155985832214, 2835738.0
73.3979640007019, 2792721.0
73.56107997894287, 2788376.0
73.74514698982239, 2754895.0
74.43630790710449, 2742225.0
74.62883687019348, 2736484.0
81.92386293411255, 2735224.0
82.5604739189148, 2733906.0
82.78035998344421, 2732531.0
94.60399889945984, 2730898.0
102.31442880630493, 2722530.0
102.42832589149475, 2716789.0
114.69451689720154, 2716295.0
114.80522084236145, 2711950.0
115.65742087364197, 2693474.0
117.43726682662964, 2662147.0
117.54153680801392, 2649477.0
117.57813692092896, 2643736.0
118.20522093772888, 2642476.0
118.30511403083801, 2641158.0
118.34360980987549, 2639783.0
177.09412693977356, 2612905.0
177.10109090805054, 2611471.0
177.4853069782257, 2608560.0
177.49386286735535, 2607126.0
178.38832187652588, 2575079.0
178.39532899856567, 2573645.0
179.51759481430054, 2562409.0
179.52421593666077, 2560975.0
179.77450799942017, 2556668.0
179.78131484985352, 2555234.0
198.51538586616516, 2553974.0
199.64463591575623, 2552656.0
199.96841192245483, 2551281.0
234.46617197990417, 2550327.0
255.0261960029602, 2512942.0
256.0059018135071, 2497224.0
271.116495847702, 2484820.0
274.29923486709595, 2473893.0
274.5450539588928, 2469548.0
275.5019598007202, 2436067.0
276.72849583625793, 2423397.0
276.9904508590698, 2417656.0
285.2174799442291, 2400157.0
286.04081296920776, 2398839.0
286.23039293289185, 2397464.0
289.5300598144531, 2396218.0
289.5996308326721, 2347465.0
290.25399899482727, 2324082.0
293.0914068222046, 2323675.0
293.7488639354706, 2315677.0
298.65492391586304, 2307990.0
301.46365189552307, 2275460.0
301.6069679260254, 2263000.0
301.62285685539246, 2229704.0
301.6252019405365, 2179990.0
304.7759258747101, 2174404.0
305.2352349758148, 2160295.0
306.975350856781, 2157172.0
306.9831998348236, 2140933.0
307.4841978549957, 2134928.0
307.487370967865, 2087242.0
312.724280834198, 2073816.0
312.7251229286194, 2067325.0
317.1303949356079, 2051538.0
319.0258569717407, 2049102.0
322.25658202171326, 2046291.0
322.26020884513855, 2030052.0
326.5927758216858, 2016322.0
328.9870479106903, 2003763.0
