0.00636601448059082, 2405366.0
0.0072479248046875, 2373450.0
0.008359909057617188, 2361016.0
0.009287834167480469, 2355563.0
0.0181119441986084, 2341783.0
0.023410797119140625, 2340415.0
0.02776193618774414, 2310168.0
0.0361328125, 2297734.0
0.041638851165771484, 2292281.0
0.050032854080200195, 2290617.0
0.051709890365600586, 2271107.0
0.061247825622558594, 2270745.0
0.0670328140258789, 2270525.0
0.09218192100524902, 2262509.0
0.11946296691894531, 2261063.0
0.12740802764892578, 2254558.0
0.1508338451385498, 2246134.0
0.1921679973602295, 2244804.0
0.24873685836791992, 2241542.0
0.2562580108642578, 2235037.0
0.26880788803100586, 2234116.0
0.3439450263977051, 2227323.0
0.3938758373260498, 2226767.0
0.590008020401001, 2220896.0
1.014814853668213, 2219399.0
1.0177698135375977, 2217960.0
1.035491943359375, 2212355.0
1.0397729873657227, 2211455.0
1.069943904876709, 2211434.0
1.074173927307129, 2210534.0
1.253222942352295, 2204641.0
1.257807970046997, 2203741.0
1.4650018215179443, 2200803.0
1.4678230285644531, 2200186.0
1.7365338802337646, 2195020.0
1.7396748065948486, 2194120.0
1.7593209743499756, 2194099.0
1.7609658241271973, 2193199.0
1.872424840927124, 2187306.0
1.8741388320922852, 2186406.0
2.1683549880981445, 2184696.0
2.2130298614501953, 2184140.0
2.29826283454895, 2178269.0
2.5296249389648438, 2176772.0
2.531486988067627, 2175333.0
2.544926881790161, 2169728.0
2.5477218627929688, 2168828.0
2.570330858230591, 2168807.0
2.5731449127197266, 2167907.0
2.684098958969116, 2162014.0
2.687215805053711, 2161114.0
2.876344919204712, 2160915.0
3.345991849899292, 2155152.0
4.084084987640381, 2153822.0
4.920321941375732, 2150560.0
5.023253917694092, 2144055.0
5.190080881118774, 2143134.0
6.293742895126343, 2136341.0
7.02333402633667, 2135785.0
10.099987983703613, 2129914.0
17.202746868133545, 2128417.0
17.20927095413208, 2126978.0
17.469831943511963, 2121373.0
17.477115869522095, 2120473.0
17.765859842300415, 2120452.0
17.773051977157593, 2119552.0
20.507373809814453, 2113659.0
20.514392852783203, 2112759.0
28.82661199569702, 2111995.0
35.355156898498535, 2108346.0
35.36216497421265, 2106418.0
36.62872290611267, 2105877.0
43.13067102432251, 2098966.0
43.138832807540894, 2097757.0
63.42982792854309, 2091208.0
63.45232391357422, 2089999.0
65.58431887626648, 2089570.0
67.04447197914124, 2087341.0
67.05322289466858, 2086132.0
67.39691281318665, 2085422.0
119.12540483474731, 2084569.0
119.13249683380127, 2083669.0
119.26936984062195, 2082986.0
119.28431701660156, 2082086.0
203.21870279312134, 2082003.0
203.22787880897522, 2080794.0
209.2084949016571, 2080420.0
209.21739983558655, 2079211.0
299.8975398540497, 2077910.0
300.2903139591217, 2076327.0
334.8624439239502, 2076104.0
334.8708779811859, 2074895.0
335.4981789588928, 2074278.0
527.2382338047028, 2069737.0
527.2468068599701, 2068528.0
528.9466209411621, 2065841.0
528.9614498615265, 2064632.0
529.2121679782867, 2063922.0
