0.011354923248291016, 227486.0
0.012829065322875977, 227374.0
0.0152740478515625, 227177.0
0.018391132354736328, 227174.0
0.021004915237426758, 223493.0
0.02279210090637207, 223242.0
0.026205062866210938, 222819.0
0.030385971069335938, 221302.0
0.038207054138183594, 220645.0
0.08763813972473145, 220607.0
0.3641080856323242, 220591.0
0.47171902656555176, 220387.0
0.483043909072876, 220349.0
0.5311191082000732, 220070.0
0.5880770683288574, 219727.0
0.836928129196167, 219339.0
0.931455135345459, 219301.0
2.489898920059204, 219290.0
2.512099027633667, 219252.0
5.0297629833221436, 219166.0
5.279369115829468, 218823.0
8.695276975631714, 218807.0
8.745898008346558, 218734.0
8.756684064865112, 218696.0
8.79484510421753, 218417.0
8.866312980651855, 218074.0
14.635544061660767, 217992.0
16.85077691078186, 217784.0
16.98672604560852, 217746.0
17.811784029006958, 217730.0
18.249215126037598, 217526.0
18.271853923797607, 217488.0
18.429930925369263, 217209.0
18.732275009155273, 216866.0
19.648914098739624, 216478.0
20.009653091430664, 216440.0
26.203360080718994, 216429.0
26.264991998672485, 216391.0
31.273283004760742, 215798.0
31.45692801475525, 215760.0
33.54385495185852, 215613.0
33.92478799819946, 215540.0
33.97952604293823, 215502.0
34.288455963134766, 215223.0
34.747678995132446, 214880.0
37.35370397567749, 214637.0
38.030982971191406, 214608.0
38.03238010406494, 214002.0
38.03511309623718, 213868.0
38.036224126815796, 213643.0
38.03698110580444, 212895.0
38.61386299133301, 212857.0
42.609118938446045, 212224.0
42.66171097755432, 212077.0
42.67537498474121, 211966.0
42.70911693572998, 211870.0
42.714154958724976, 211344.0
42.80217409133911, 211086.0
42.80490207672119, 210952.0
42.805988073349, 210727.0
42.80679798126221, 209979.0
42.9630811214447, 209943.0
45.278796911239624, 209646.0
45.38776111602783, 209376.0
46.251397132873535, 209217.0
46.287827014923096, 209177.0
46.31389093399048, 208582.0
46.3166389465332, 208448.0
46.3177170753479, 208223.0
46.318522930145264, 207475.0
47.030648946762085, 207458.0
47.03591513633728, 207449.0
47.03838300704956, 207407.0
47.17386507987976, 207248.0
47.18416213989258, 207205.0
47.19157290458679, 207111.0
47.20465898513794, 206935.0
47.20747208595276, 206919.0
47.20938801765442, 206514.0
47.715091943740845, 206216.0
49.000200033187866, 206167.0
51.143723011016846, 205887.0
51.36044692993164, 205795.0
51.39501094818115, 205738.0
54.30572295188904, 205722.0
54.36825609207153, 205611.0
54.37045097351074, 205473.0
54.444562911987305, 205138.0
54.50810694694519, 205046.0
54.52649807929993, 204989.0
81.39494705200195, 204850.0
88.27378106117249, 204607.0
89.98691511154175, 204539.0
89.98934292793274, 203972.0
89.99375510215759, 203500.0
89.99456000328064, 202865.0
91.43121910095215, 202827.0
99.77796411514282, 202194.0
99.84987306594849, 202047.0
99.86893510818481, 201936.0
99.9232280254364, 201840.0
99.93015193939209, 201314.0
100.05367612838745, 201056.0
100.05863094329834, 200584.0
100.05947494506836, 199949.0
100.22825002670288, 199913.0
103.38157606124878, 199616.0
103.50691890716553, 199346.0
104.60077691078186, 199187.0
104.64506602287292, 199147.0
104.68540000915527, 199119.0
104.68784308433533, 198552.0
104.69225096702576, 198080.0
104.69306302070618, 197445.0
105.30640196800232, 197277.0
105.33025908470154, 197226.0
107.4740560054779, 196763.0
108.91438508033752, 196751.0
108.91528797149658, 196116.0
109.19554090499878, 196065.0
111.82855606079102, 195512.0
112.6994149684906, 195481.0
112.70023202896118, 194846.0
114.12441897392273, 194678.0
114.14572095870972, 194627.0
147.29643392562866, 194605.0
147.3591890335083, 194562.0
147.48294591903687, 194292.0
147.5042130947113, 194241.0
172.79560208320618, 194133.0
174.0229709148407, 194098.0
174.02461910247803, 193996.0
174.4786250591278, 193965.0
174.48815512657166, 193949.0
174.49349999427795, 193646.0
174.49513006210327, 193544.0
184.56891202926636, 193542.0
184.5784409046173, 193526.0
184.58371210098267, 193223.0
184.585205078125, 193121.0
202.2719829082489, 193059.0
206.70398092269897, 192928.0
207.97058296203613, 192823.0
210.07839703559875, 192633.0
253.74516201019287, 192584.0
323.4051630496979, 192433.0
323.40599513053894, 191798.0
323.40925908088684, 191614.0
323.9412999153137, 191578.0
332.91150307655334, 191465.0
332.914302110672, 191281.0
333.31007409095764, 191195.0
333.31291604042053, 191011.0
336.42370200157166, 190852.0
336.5363349914551, 190812.0
336.63107204437256, 190366.0
336.6369171142578, 190217.0
336.6451630592346, 189929.0
336.6459701061249, 189294.0
336.64902806282043, 189110.0
338.5976769924164, 188942.0
338.665030002594, 188891.0
345.4977469444275, 188612.0
345.50091099739075, 188428.0
350.6282229423523, 187965.0
350.63105392456055, 187781.0
351.59790992736816, 187730.0
361.1661570072174, 187271.0
361.1689739227295, 187087.0
364.0470390319824, 186605.0
364.05005502700806, 186421.0
368.7553119659424, 186253.0
368.82314705848694, 186202.0
380.34145402908325, 186158.0
381.8240520954132, 186070.0
381.99732398986816, 186027.0
382.40185594558716, 185941.0
382.40490794181824, 185757.0
382.47209191322327, 185706.0
404.60013699531555, 185653.0
404.60319113731384, 185469.0
404.67312812805176, 185418.0
