0.027033090591430664, 600924.0
0.03154587745666504, 600083.0
0.0344240665435791, 599300.0
0.0405580997467041, 597391.0
0.0461421012878418, 586792.0
0.048306941986083984, 584610.0
0.051277875900268555, 582963.0
0.061810970306396484, 581639.0
0.07077407836914062, 580359.0
0.0771489143371582, 578737.0
0.08011698722839355, 578367.0
0.09698200225830078, 578306.0
0.13704800605773926, 578228.0
0.15937089920043945, 577921.0
0.16235589981079102, 575391.0
0.16829395294189453, 573744.0
0.1958000659942627, 572420.0
0.23037099838256836, 571140.0
0.2445659637451172, 569518.0
0.25049400329589844, 569148.0
0.3518869876861572, 568284.0
0.3920619487762451, 566960.0
0.4221820831298828, 566956.0
0.46193790435791016, 565595.0
0.5650289058685303, 564669.0
1.2844610214233398, 564287.0
1.6031649112701416, 563620.0
4.151576995849609, 563337.0
4.154560089111328, 562770.0
5.674838066101074, 562622.0
5.678194046020508, 562055.0
5.996480941772461, 562042.0
6.002768039703369, 561672.0
6.40815806388855, 561226.0
6.413449048995972, 558696.0
6.427200078964233, 557049.0
6.459284067153931, 555725.0
6.508414030075073, 554445.0
6.529371023178101, 552823.0
6.541224956512451, 552453.0
6.746949911117554, 551589.0
6.8023669719696045, 550265.0
6.834714889526367, 550261.0
6.882710933685303, 548900.0
7.0227038860321045, 547974.0
7.753369092941284, 547592.0
7.900346040725708, 546925.0
8.816768884658813, 546699.0
10.31798005104065, 545386.0
10.668544054031372, 545058.0
11.185861110687256, 544973.0
11.20253610610962, 544603.0
11.229820966720581, 543645.0
11.73882508277893, 541542.0
11.773737907409668, 540975.0
14.525470972061157, 540885.0
14.535815954208374, 540412.0
27.087671041488647, 540235.0
35.027262926101685, 539953.0
37.65283489227295, 539828.0
43.89644694328308, 539776.0
45.737075090408325, 539456.0
47.14283990859985, 539367.0
48.30717992782593, 538890.0
48.457671880722046, 538713.0
72.94319796562195, 538672.0
86.6879870891571, 538639.0
86.71525406837463, 538449.0
86.71985507011414, 537882.0
91.47669291496277, 537747.0
92.394052028656, 537662.0
92.4152729511261, 537292.0
92.4544460773468, 536334.0
93.32287096977234, 534231.0
93.37431502342224, 533664.0
98.96505808830261, 533574.0
98.98372387886047, 533101.0
119.55289506912231, 532924.0
127.04412889480591, 532091.0
127.05607104301453, 531721.0
127.25225305557251, 531704.0
127.33414387702942, 530380.0
127.35794711112976, 530376.0
127.45264005661011, 529015.0
127.6778609752655, 528089.0
128.36449193954468, 527707.0
128.50545191764832, 527040.0
129.25488901138306, 526814.0
130.27096700668335, 525501.0
130.39274311065674, 525173.0
131.7252790927887, 525088.0
131.7432050704956, 524718.0
131.76955890655518, 523760.0
132.68248200416565, 523019.0
132.68601393699646, 521657.0
132.70967888832092, 521090.0
134.63438987731934, 520259.0
136.74329805374146, 519549.0
137.55312609672546, 519339.0
138.44108891487122, 518251.0
138.88482308387756, 518015.0
141.2417778968811, 517970.0
141.26357698440552, 517403.0
149.4797739982605, 517375.0
152.90753507614136, 517140.0
161.84847903251648, 516436.0
162.03263902664185, 515844.0
169.303946018219, 515334.0
203.48136496543884, 515242.0
281.3189470767975, 515065.0
306.6052041053772, 514954.0
319.11110496520996, 514920.0
340.13639187812805, 514783.0
375.16086888313293, 514658.0
437.38253688812256, 514606.0
450.79078102111816, 514286.0
459.5425410270691, 514197.0
469.0603520870209, 513720.0
471.4092390537262, 513543.0
490.43908309936523, 513066.0
