0.023086071014404297, 7753368.0
0.025969982147216797, 7696418.0
0.02860093116760254, 7682575.0
0.034330129623413086, 7581037.0
0.037236928939819336, 7569420.0
0.045517921447753906, 7569266.0
0.05168795585632324, 7562606.0
0.05432009696960449, 7548609.0
0.06071901321411133, 7542696.0
0.0766611099243164, 7541895.0
0.07813811302185059, 7527898.0
0.08458495140075684, 7526025.0
0.09877514839172363, 7515521.0
0.0999441146850586, 7501524.0
0.10284209251403809, 7494646.0
0.10989499092102051, 7454304.0
0.11135196685791016, 7442970.0
0.11309409141540527, 7429453.0
0.11519002914428711, 7427580.0
0.12070298194885254, 7414462.0
0.1215810775756836, 7400465.0
0.12471199035644531, 7393587.0
0.13423800468444824, 7383774.0
0.13739609718322754, 7381901.0
0.21210598945617676, 7373105.0
0.23065805435180664, 7372989.0
0.2841479778289795, 7370375.0
0.29818010330200195, 7366155.0
0.6791460514068604, 7342091.0
0.708186149597168, 7337926.0
0.9638750553131104, 7324111.0
1.2265970706939697, 7312852.0
1.9905750751495361, 7307454.0
2.0440869331359863, 7297911.0
2.0503129959106445, 7297844.0
2.0553760528564453, 7290431.0
2.0648670196533203, 7287646.0
2.0709800720214844, 7277760.0
2.0768630504608154, 7270185.0
2.0801539421081543, 7267400.0
2.1015801429748535, 7264834.0
2.1112020015716553, 7261985.0
2.1124520301818848, 7258002.0
2.1157009601593018, 7247718.0
2.1191539764404297, 7244933.0
3.8807129859924316, 7242730.0
3.88425612449646, 7239945.0
6.403818130493164, 7238919.0
6.40789794921875, 7236134.0
6.9550580978393555, 7235205.0
6.957531929016113, 7231222.0
6.963146924972534, 7220938.0
6.968558073043823, 7218153.0
9.057801008224487, 7213761.0
9.063960075378418, 7210976.0
13.05061411857605, 7210639.0
13.059077978134155, 7196824.0
13.065519094467163, 7196757.0
13.070547103881836, 7189344.0
13.080251932144165, 7186559.0
13.085986137390137, 7176673.0
13.091824054718018, 7169098.0
13.095335960388184, 7166313.0
15.383361101150513, 7163135.0
16.44718599319458, 7159769.0
17.722185134887695, 7159098.0
18.12475895881653, 7154318.0
18.1861310005188, 7144432.0
21.71828007698059, 7132561.0
21.763081073760986, 7129229.0
22.421694040298462, 7128542.0
22.49857497215271, 7124322.0
23.284981966018677, 7120159.0
23.285902976989746, 7110273.0
23.93639302253723, 7102179.0
23.93744993209839, 7092293.0
40.22847294807434, 7083789.0
52.36680793762207, 7082132.0
52.4204740524292, 7066122.0
52.42263603210449, 7066088.0
52.43620991706848, 7052125.0
52.73764896392822, 7051112.0
52.73991513252258, 7047941.0
52.74122405052185, 7037581.0
52.93355107307434, 7035811.0
53.17385697364807, 7029606.0
53.17504096031189, 7029572.0
53.185184955596924, 7015609.0
63.5019850730896, 7012620.0
63.535757064819336, 6996610.0
63.536916971206665, 6996576.0
63.54469108581543, 6982613.0
63.86457300186157, 6981600.0
63.86572813987732, 6978429.0
63.86767292022705, 6968069.0
63.99594211578369, 6966299.0
64.23632597923279, 6964077.0
85.42091393470764, 6950177.0
85.42237997055054, 6940291.0
100.77706503868103, 6932561.0
104.96003603935242, 6924256.0
207.9064691066742, 6919658.0
259.28501415252686, 6919439.0
276.2806770801544, 6914792.0
278.0120120048523, 6911076.0
278.03851795196533, 6908064.0
295.93903398513794, 6905718.0
295.96001505851746, 6903344.0
295.98206996917725, 6895039.0
425.5373079776764, 6894518.0
425.73694801330566, 6888520.0
427.0470640659332, 6886213.0
427.28521704673767, 6879383.0
427.29396510124207, 6872206.0
430.1014120578766, 6869984.0
