0.004378080368041992, 4585416.0
0.005033016204833984, 4546634.0
0.006539106369018555, 4531995.0
0.008038043975830078, 4521492.0
0.009964942932128906, 4500145.0
0.013448953628540039, 4499391.0
0.022151947021484375, 4492231.0
0.024419069290161133, 4486545.0
0.027047157287597656, 4483282.0
0.038375139236450195, 4482419.0
0.04612898826599121, 4481130.0
0.051187992095947266, 4467780.0
0.06333112716674805, 4177783.0
0.06524515151977539, 4143186.0
0.06793212890625, 4128547.0
0.07139110565185547, 4099695.0
0.07672905921936035, 4078348.0
0.08532404899597168, 3977618.0
0.08654594421386719, 3943021.0
0.09118008613586426, 3939315.0
0.09456396102905273, 3912387.0
0.10150003433227539, 3905710.0
0.10664796829223633, 3904421.0
0.11138296127319336, 3891071.0
0.11957311630249023, 3879037.0
0.13004803657531738, 3859054.0
0.13740801811218262, 3837707.0
0.2118680477142334, 3820816.0
0.2182149887084961, 3817553.0
0.5238339900970459, 3813782.0
0.5259339809417725, 3808571.0
0.527407169342041, 3786854.0
0.537100076675415, 3780177.0
0.5431959629058838, 3778888.0
0.5493381023406982, 3765538.0
2.859250068664551, 3744373.0
3.2079410552978516, 3727482.0
3.2294130325317383, 3724219.0
4.254840135574341, 3721495.0
4.261481046676636, 3710782.0
12.528100967407227, 3709012.0
12.693210124969482, 3697032.0
12.8250150680542, 3696978.0
12.914400100708008, 3666420.0
12.947322130203247, 3645073.0
13.400294065475464, 3628182.0
13.428614139556885, 3624919.0
41.71577310562134, 3604368.0
97.44509410858154, 3591209.0
97.47445106506348, 3587946.0
98.50432705879211, 3582096.0
98.54200506210327, 3578672.0
140.95323300361633, 3574045.0
140.99340915679932, 3570621.0
234.0135190486908, 3567207.0
234.05204010009766, 3564073.0
234.12348914146423, 3553360.0
347.0827000141144, 3548466.0
347.08711099624634, 3535616.0
347.11538195610046, 3532643.0
347.136470079422, 3521930.0
347.15602016448975, 3516167.0
347.16732716560364, 3505454.0
347.31089901924133, 3499774.0
347.35024309158325, 3487014.0
347.36135601997375, 3481797.0
347.364284992218, 3472936.0
347.3683969974518, 3460086.0
347.3980679512024, 3453150.0
347.4274880886078, 3450016.0
347.4627730846405, 3439303.0
357.7019979953766, 3427991.0
357.77304100990295, 3406644.0
358.87557101249695, 3389753.0
358.93475914001465, 3386490.0
406.8119020462036, 3365939.0
506.35153698921204, 3362202.0
520.9963190555573, 3360704.0
528.0637800693512, 3343813.0
528.1169290542603, 3340550.0
530.4677131175995, 3334700.0
530.5461130142212, 3331276.0
