0.45357394218444824, 6994624.0
0.45990490913391113, 6944795.0
0.4701969623565674, 6937805.0
0.4981119632720947, 6936308.0
0.5109410285949707, 6934196.0
0.5449891090393066, 6933927.0
0.7109909057617188, 6904237.0
0.7251660823822021, 6902270.0
0.7456860542297363, 6893638.0
0.7697150707244873, 6890314.0
0.7751379013061523, 6881682.0
2.0262629985809326, 6875971.0
2.0479629039764404, 6874807.0
2.0575740337371826, 6866175.0
4.727400064468384, 6861679.0
18.26572299003601, 6861290.0
21.929095029830933, 6860945.0
21.945149898529053, 6857992.0
51.702661991119385, 6856739.0
51.83158206939697, 6849948.0
110.53430604934692, 6849016.0
145.26755905151367, 6848993.0
145.28521490097046, 6847951.0
145.35102796554565, 6847051.0
271.166876077652, 6846843.0
271.1844630241394, 6846252.0
271.2685329914093, 6845689.0
271.30757212638855, 6844264.0
271.31716108322144, 6843719.0
286.68545603752136, 6822775.0
286.70309805870056, 6820808.0
286.72293996810913, 6812176.0
286.7475779056549, 6808852.0
286.75338196754456, 6800220.0
288.48678493499756, 6795537.0
292.3782911300659, 6789853.0
293.18805408477783, 6789696.0
294.57096004486084, 6788030.0
294.6069779396057, 6787716.0
295.2975559234619, 6786479.0
316.0869450569153, 6786017.0
326.43330097198486, 6785894.0
336.57556104660034, 6782898.0
336.5874719619751, 6781856.0
336.6600069999695, 6780956.0
352.71342301368713, 6778869.0
352.72642707824707, 6776172.0
356.34838604927063, 6776015.0
382.7634699344635, 6774009.0
382.7840349674225, 6773768.0
382.82599997520447, 6773487.0
382.8523950576782, 6773454.0
382.8814549446106, 6771655.0
451.5810070037842, 6769513.0
451.6295199394226, 6769272.0
451.7428569793701, 6768991.0
451.785080909729, 6768958.0
451.84824895858765, 6767159.0
