0.047447919845581055, 6053947.0
0.0517580509185791, 6040272.0
0.057611942291259766, 6025203.0
0.05962800979614258, 6007665.0
0.07199406623840332, 6007136.0
0.07785892486572266, 5988512.0
0.0801699161529541, 5961060.0
0.08237695693969727, 5943522.0
0.09017801284790039, 5913604.0
0.10233497619628906, 5905453.0
0.12612199783325195, 5888379.0
0.1288130283355713, 5873482.0
0.1440870761871338, 5872953.0
0.15470290184020996, 5864621.0
0.15729808807373047, 5849724.0
0.17630410194396973, 5847048.0
0.22792792320251465, 5823482.0
0.23229193687438965, 5819657.0
0.24743890762329102, 5816460.0
0.2505068778991699, 5811506.0
0.32279109954833984, 5806493.0
0.3365809917449951, 5806229.0
0.3876659870147705, 5801539.0
0.4177980422973633, 5794977.0
0.5168349742889404, 5788098.0
0.5905599594116211, 5780712.0
0.6326248645782471, 5769186.0
0.6430649757385254, 5754234.0
0.6458799839019775, 5748741.0
0.6656980514526367, 5740486.0
0.7161049842834473, 5730476.0
0.7187979221343994, 5724983.0
0.7845039367675781, 5712903.0
0.854794979095459, 5710779.0
0.8575890064239502, 5705286.0
0.9314589500427246, 5697031.0
0.9976389408111572, 5683031.0
1.1423230171203613, 5676561.0
1.2449839115142822, 5674437.0
1.2478621006011963, 5659540.0
1.299206018447876, 5656864.0
1.3959710597991943, 5633298.0
1.4357130527496338, 5626276.0
1.4397718906402588, 5625147.0
1.6148130893707275, 5616309.0
1.645730972290039, 5616045.0
1.7365150451660156, 5615180.0
1.7940540313720703, 5614615.0
1.800386905670166, 5604793.0
2.111207962036133, 5602421.0
2.2029008865356445, 5600573.0
2.856657028198242, 5591805.0
4.771121978759766, 5591317.0
4.7848310470581055, 5583166.0
4.866854906082153, 5581318.0
8.40875792503357, 5575076.0
21.404391050338745, 5574801.0
21.459105014801025, 5571214.0
21.503541946411133, 5569949.0
24.739927053451538, 5567042.0
24.79157590866089, 5563455.0
25.553514003753662, 5560597.0
25.55610203742981, 5555104.0
25.60749888420105, 5551517.0
25.651746034622192, 5550252.0
28.78429102897644, 5540534.0
37.15620994567871, 5536569.0
45.554709911346436, 5527553.0
45.575485944747925, 5519402.0
50.410067081451416, 5517527.0
50.43771004676819, 5513940.0
50.46588206291199, 5512675.0
52.22142791748047, 5503195.0
56.780932903289795, 5499050.0
60.90503907203674, 5490034.0
60.92571187019348, 5481883.0
64.42433309555054, 5479795.0
64.67202186584473, 5476941.0
64.71928787231445, 5471644.0
65.93015694618225, 5471501.0
65.93415307998657, 5470236.0
66.14228010177612, 5461677.0
66.77526593208313, 5458815.0
69.6583309173584, 5454735.0
77.45115900039673, 5451762.0
79.719899892807, 5447797.0
80.01380896568298, 5445425.0
80.09657001495361, 5443577.0
82.4668800830841, 5433822.0
92.8223729133606, 5426214.0
92.90433287620544, 5424366.0
93.25540590286255, 5423335.0
112.47169995307922, 5417093.0
191.7190420627594, 5416818.0
192.12795305252075, 5414262.0
192.13053107261658, 5413231.0
192.79292488098145, 5411966.0
217.22516798973083, 5410090.0
217.2304470539093, 5409059.0
217.64797687530518, 5406503.0
217.65053701400757, 5405472.0
226.50930404663086, 5403645.0
226.51190900802612, 5398152.0
226.51720690727234, 5397121.0
226.93299102783203, 5394565.0
226.93556594848633, 5393534.0
227.59848403930664, 5392269.0
338.5191459655762, 5391967.0
338.52172088623047, 5386474.0
338.52698707580566, 5385443.0
338.93978095054626, 5382887.0
338.9423589706421, 5381856.0
339.60495591163635, 5380591.0
393.9684000015259, 5379615.0
393.9710068702698, 5374122.0
393.97631907463074, 5373091.0
394.38539600372314, 5370535.0
394.3879680633545, 5369504.0
400.87122988700867, 5369261.0
400.87380599975586, 5368230.0
435.874018907547, 5366163.0
443.6769049167633, 5364864.0
443.6856698989868, 5362083.0
473.28711199760437, 5361576.0
473.29239797592163, 5360545.0
473.70223808288574, 5357989.0
473.70481300354004, 5356958.0
474.3673141002655, 5355693.0
568.5700628757477, 5355208.0
568.5727369785309, 5354177.0
569.2393960952759, 5352912.0
