0.07086396217346191, 9812537.0
0.07527589797973633, 9655335.0
0.07766604423522949, 9572055.0
0.08935403823852539, 9571844.0
0.11332488059997559, 9554472.0
0.1212308406829834, 9554337.0
0.12834692001342773, 9549554.0
0.13936185836791992, 9549201.0
0.1722888946533203, 9516384.0
0.17376089096069336, 9495206.0
0.17614197731018066, 9488103.0
0.19152092933654785, 9487892.0
0.23024487495422363, 9478365.0
0.23817086219787598, 9478230.0
0.32087087631225586, 9477614.0
0.32700085639953613, 9477479.0
0.40226101875305176, 9468929.0
0.40883588790893555, 9468918.0
0.4232749938964844, 9463812.0
0.43961381912231445, 9463459.0
0.6286718845367432, 9435825.0
0.6334559917449951, 9435614.0
0.6422920227050781, 9426087.0
0.6451208591461182, 9425952.0
0.682466983795166, 9417402.0
0.6862668991088867, 9417391.0
0.6969828605651855, 9412285.0
0.7034249305725098, 9411932.0
0.9500069618225098, 9401998.0
0.9520878791809082, 9366860.0
0.9538450241088867, 9317519.0
0.9682009220123291, 9317308.0
0.9936878681182861, 9299936.0
1.0010669231414795, 9299801.0
1.0107719898223877, 9295018.0
1.0279958248138428, 9294665.0
1.114811897277832, 9263047.0
1.1171588897705078, 9240670.0
1.1214818954467773, 9233567.0
1.1456868648529053, 9233356.0
1.2020130157470703, 9223829.0
1.213357925415039, 9223694.0
1.4405179023742676, 9219839.0
1.462406873703003, 9219828.0
1.5165808200836182, 9219492.0
1.5666790008544922, 9219353.0
2.892009973526001, 9192020.0
3.1475839614868164, 9184579.0
3.4663569927215576, 9179267.0
4.427475929260254, 9178799.0
4.472172975540161, 9178457.0
6.119230031967163, 9178162.0
7.6915059089660645, 9173710.0
7.737454891204834, 9172176.0
7.978757858276367, 9171708.0
7.985376834869385, 9171366.0
8.423233032226562, 9169191.0
8.450096845626831, 9168496.0
11.591770887374878, 9161433.0
11.595085859298706, 9161298.0
11.631906032562256, 9157443.0
11.635692834854126, 9157432.0
11.644794940948486, 9157096.0
11.654692888259888, 9156957.0
11.824039936065674, 9129624.0
11.835254907608032, 9122183.0
11.860934019088745, 9120649.0
11.984050035476685, 9120181.0
11.989573001861572, 9119839.0
12.201416969299316, 9117664.0
12.211776971817017, 9116969.0
17.003979921340942, 9100266.0
17.005378007888794, 9100183.0
17.00724482536316, 9099887.0
17.00963282585144, 9050546.0
17.036881923675537, 9050335.0
17.090221881866455, 9032963.0
17.10065197944641, 9032828.0
17.126183032989502, 9028045.0
17.19715189933777, 9027692.0
17.412220001220703, 8996453.0
17.413619995117188, 8996266.0
17.41697883605957, 8973697.0
17.422614812850952, 8966594.0
17.46597981452942, 8966383.0
17.603112936019897, 8956856.0
17.621459007263184, 8956721.0
18.124655961990356, 8952866.0
18.152840852737427, 8952855.0
18.252545833587646, 8952519.0
18.339210987091064, 8952380.0
21.613179922103882, 8925047.0
22.35268497467041, 8917606.0
38.70539093017578, 8917533.0
51.2703058719635, 8907379.0
51.30137586593628, 8907112.0
51.3286828994751, 8906971.0
51.342007875442505, 8901041.0
51.74295496940613, 8900538.0
54.30319285392761, 8895801.0
90.26761794090271, 8895670.0
90.29259085655212, 8895403.0
90.31798982620239, 8895262.0
90.33432197570801, 8889332.0
99.3355360031128, 8888823.0
225.49670100212097, 8886046.0
225.96039390563965, 8885537.0
231.4780638217926, 8884486.0
236.59278988838196, 8881320.0
236.72040486335754, 8880811.0
328.55457401275635, 8878590.0
328.5727138519287, 8878579.0
328.62589597702026, 8878243.0
328.66049098968506, 8878104.0
329.85588693618774, 8850771.0
330.0780899524689, 8843330.0
334.852502822876, 8843257.0
339.0656838417053, 8833103.0
339.08189392089844, 8832836.0
339.09797191619873, 8832695.0
339.1065068244934, 8826765.0
339.2744998931885, 8826262.0
339.80498790740967, 8821525.0
345.12460494041443, 8821394.0
345.14350390434265, 8821127.0
345.167368888855, 8820986.0
345.1769850254059, 8815056.0
346.3726270198822, 8814547.0
365.9031398296356, 8814462.0
366.0646798610687, 8813953.0
368.41639399528503, 8812902.0
370.2458918094635, 8809736.0
370.2845969200134, 8809227.0
