0.0014579296112060547, 113941.0
0.0043048858642578125, 110504.0
0.007404804229736328, 109192.0
0.00857686996459961, 108429.0
0.009631872177124023, 100906.0
0.011999845504760742, 100259.0
0.014417886734008789, 98377.0
0.02762293815612793, 95643.0
0.043556928634643555, 95307.0
0.057829856872558594, 93850.0
0.060029029846191406, 93087.0
0.08409690856933594, 83216.0
0.0847008228302002, 78818.0
0.10251879692077637, 78100.0
0.10822296142578125, 74422.0
0.10881590843200684, 72580.0
0.12321996688842773, 72353.0
0.12381196022033691, 70511.0
0.1282649040222168, 70082.0
0.1461188793182373, 69888.0
0.14939379692077637, 69853.0
0.15056490898132324, 69571.0
0.15138983726501465, 68090.0
0.15204787254333496, 67273.0
0.15601491928100586, 66626.0
0.15973591804504395, 65561.0
0.16119599342346191, 64744.0
0.2595388889312744, 63137.0
0.2771108150482178, 62962.0
