0.06214308738708496, 692495.0
0.06552600860595703, 691803.0
0.07726311683654785, 691388.0
0.08205795288085938, 690165.0
0.08899903297424316, 686014.0
0.09347105026245117, 685322.0
0.1038050651550293, 685167.0
0.1120600700378418, 684752.0
0.11453509330749512, 682660.0
0.11594915390014648, 678772.0
0.12104606628417969, 678461.0
0.1497950553894043, 678000.0
0.22255396842956543, 677798.0
0.25498509407043457, 676922.0
0.2589070796966553, 676611.0
0.2696390151977539, 676150.0
0.5234651565551758, 671583.0
0.5299911499023438, 671272.0
0.5452051162719727, 670811.0
0.837475061416626, 670445.0
0.8412020206451416, 670134.0
0.8601760864257812, 669673.0
1.0109760761260986, 669444.0
1.0221171379089355, 668983.0
2.7309329509735107, 668662.0
3.491610050201416, 668324.0
6.152080059051514, 666618.0
6.1576080322265625, 665480.0
6.163697957992554, 664498.0
6.215013027191162, 663755.0
6.277640104293823, 663479.0
6.314699172973633, 663369.0
6.390094041824341, 662953.0
7.388373136520386, 662935.0
9.92867398262024, 662861.0
9.986127138137817, 662445.0
11.197955131530762, 662203.0
11.204617977142334, 662199.0
11.212661027908325, 661449.0
11.31014108657837, 661274.0
11.322113990783691, 661131.0
11.330772161483765, 660277.0
12.574378967285156, 659554.0
12.918195962905884, 658995.0
15.947726964950562, 658862.0
19.273563146591187, 658567.0
36.09523916244507, 657855.0
41.51099109649658, 657543.0
61.7474479675293, 657448.0
61.839460134506226, 656906.0
61.847087144851685, 655995.0
62.66215109825134, 655459.0
63.1502799987793, 655191.0
63.23634910583496, 654598.0
63.241291999816895, 654280.0
63.526216983795166, 653981.0
63.74968910217285, 653555.0
63.81050515174866, 653233.0
63.90426206588745, 653096.0
63.90902614593506, 652537.0
63.960273027420044, 652109.0
64.04502701759338, 651567.0
64.05260610580444, 650656.0
64.63619494438171, 650429.0
64.64827799797058, 649518.0
70.28825902938843, 649476.0
70.37298512458801, 648934.0
70.38069200515747, 648023.0
70.96692299842834, 647796.0
70.97442102432251, 646885.0
74.22659301757812, 646843.0
76.33858394622803, 646568.0
77.14261507987976, 646008.0
77.20778512954712, 645182.0
77.23486709594727, 645037.0
77.23970794677734, 644185.0
78.15881514549255, 643462.0
78.43751311302185, 642903.0
83.49973917007446, 642475.0
91.6982901096344, 641707.0
93.90718698501587, 641246.0
93.95468616485596, 640926.0
113.79223108291626, 640378.0
113.88203406333923, 640336.0
129.82044410705566, 639731.0
130.40202403068542, 639172.0
137.1949701309204, 638744.0
147.05665516853333, 638742.0
157.30412101745605, 638492.0
157.3230640888214, 638347.0
157.32726311683655, 637495.0
161.75867795944214, 636772.0
163.74807596206665, 636713.0
163.7564959526062, 635861.0
181.44339895248413, 635140.0
208.8512740135193, 634874.0
208.87832403182983, 634859.0
219.0702519416809, 634106.0
219.09202194213867, 634091.0
223.83052897453308, 633630.0
223.87318015098572, 633325.0
223.89125394821167, 633310.0
250.3840570449829, 632841.0
250.44630694389343, 632799.0
251.09900212287903, 632686.0
251.2332320213318, 631963.0
251.27951216697693, 631052.0
264.6070890426636, 630366.0
264.7044801712036, 630324.0
275.57566809654236, 630270.0
275.6516749858856, 629728.0
275.6596140861511, 628817.0
275.73523807525635, 628775.0
277.77735114097595, 628486.0
279.6178250312805, 627964.0
279.68068408966064, 627922.0
280.6393370628357, 627809.0
280.8286280632019, 627086.0
280.8896930217743, 626175.0
284.9247431755066, 625706.0
284.9905581474304, 625664.0
292.2420971393585, 625413.0
293.9934551715851, 624952.0
294.0377199649811, 624632.0
396.0463261604309, 624160.0
396.73092794418335, 623437.0
396.968621969223, 622878.0
399.768413066864, 622450.0
404.1826629638672, 622448.0
410.06589102745056, 622198.0
410.09712314605713, 622053.0
410.10311698913574, 621201.0
412.5479769706726, 620478.0
413.4440231323242, 620419.0
413.4506311416626, 619567.0
425.0915641784668, 618846.0
481.1777641773224, 618612.0
481.28437304496765, 618307.0
481.3178789615631, 618292.0
541.2795081138611, 617814.0
541.3522410392761, 617772.0
544.0147731304169, 617668.0
544.1625070571899, 616945.0
544.2107770442963, 616034.0
576.3790991306305, 615347.0
576.4467530250549, 615305.0
